#
# A fatal error has been detected by the Java Runtime Environment:
#
#  SIGSEGV (0xb) at pc=0x00007fa30bc5ef2e, pid=14165, tid=140336949393152
#
# JRE version: OpenJDK Runtime Environment (7.0_65-b32) (build 1.7.0_65-b32)
# Java VM: OpenJDK 64-Bit Server VM (24.65-b04 mixed mode linux-amd64 compressed oops)
# Derivative: IcedTea 2.5.2
# Distribution: Ubuntu 14.04 LTS, package 7u65-2.5.2-3~14.04
# Problematic frame:
# C  [libpthread.so.0+0xef2e]  __lll_lock_wait+0x1e
#
# Failed to write core dump. Core dumps have been disabled. To enable core dumping, try "ulimit -c unlimited" before starting Java again
#
# If you would like to submit a bug report, please include
# instructions on how to reproduce the bug and visit:
#   http://icedtea.classpath.org/bugzilla
# The crash happened outside the Java Virtual Machine in native code.
# See problematic frame for where to report the bug.
#

---------------  T H R E A D  ---------------

Current thread (0x00007fa2b8002800):  JavaThread "Thread-2" [_thread_in_native, id=14191, stack(0x00007fa2bdf47000,0x00007fa2be048000)]

siginfo:si_signo=SIGSEGV: si_errno=0, si_code=1 (SEGV_MAPERR), si_addr=0x00007fa2bdf3fa40

Registers:
RAX=0x0000000000000002, RBX=0x0000000000000000, RCX=0xffffffffffffffff, RDX=0x0000000000000002
RSP=0x00007fa2be046708, RBP=0x0000000000000001, RSI=0x0000000000000080, RDI=0x00007fa2bdf3fa40
R8 =0x00007fa2bdf3fa40, R9 =0x0000000000000001, R10=0x0000000000000000, R11=0x0000000000000202
R12=0x000000000000100a, R13=0x00000000a21c6ea8, R14=0x00007fa2be046880, R15=0x00007fa2b8002800
RIP=0x00007fa30bc5ef2e, EFLAGS=0x0000000000010202, CSGSFS=0x0000000000000033, ERR=0x0000000000000006
  TRAPNO=0x000000000000000e

Top of Stack: (sp=0x00007fa2be046708)
0x00007fa2be046708:   0000000000000000 00007fa30101272c
0x00007fa2be046718:   00007fa30bc5a672 00007fa2be046760
0x00007fa2be046728:   00007fa30b54cccf 00007fa2be0467b0
0x00007fa2be046738:   000000000b3fbda0 00007fa2b8038294
0x00007fa2be046748:   00000000a1b047e8 0000000000000000
0x00007fa2be046758:   00000000a1b047e8 0000000000000000
0x00007fa2be046768:   00007fa301012c6c 000000000009efad
0x00007fa2be046778:   000000000e918c18 0000000000000002
0x00007fa2be046788:   00007fa2be046788 0000000000000000
0x00007fa2be046798:   00007fa2be0467f8 00000000a1b07cf0
0x00007fa2be0467a8:   00007fa2bdd053f4 00000000a21c6ea8
0x00007fa2be0467b8:   00007fa2bdd01f93 00007fa2be0467f0
0x00007fa2be0467c8:   3d463f140b54c7fd 00000000a21c6ea8
0x00007fa2be0467d8:   00007fa2be046850 0000000000000000
0x00007fa2be0467e8:   00007fa301012758 000000003f800000
0x00007fa2be0467f8:   00007fa301012c6c 00007fa2be046800
0x00007fa2be046808:   00000000a20551cc 00007fa2be046810
0x00007fa2be046818:   0000000000000000 00007fa2be046880
0x00007fa2be046828:   00000000a21ca438 0000000000000000
0x00007fa2be046838:   00000000a21c6ea8 0000000000000000
0x00007fa2be046848:   00007fa2be046870 00007fa2be0468c8
0x00007fa2be046858:   00007fa301006058 00000000e6db4410
0x00007fa2be046868:   00007fa30100ecd8 00007fa33d463f14
0x00007fa2be046878:   000000000000100a 0000000000000001
0x00007fa2be046888:   00007fa2be046888 00000000a21c6db3
0x00007fa2be046898:   00007fa2be0468e8 00000000a21ca438
0x00007fa2be0468a8:   0000000000000000 00000000a21c6de8
0x00007fa2be0468b8:   00007fa2be046870 00007fa2be0468d8
0x00007fa2be0468c8:   00007fa2be046930 00007fa301006058
0x00007fa2be0468d8:   00007fa33d463f14 000000000000100a
0x00007fa2be0468e8:   0000000000000001 00007fa2be0468f0
0x00007fa2be0468f8:   00000000a21b4867 00007fa2be046940 

Instructions: (pc=0x00007fa30bc5ef2e)
0x00007fa30bc5ef0e:   00 00 41 52 52 4d 31 d2 ba 02 00 00 00 81 f6 80
0x00007fa30bc5ef1e:   00 00 00 39 d0 75 07 b8 ca 00 00 00 0f 05 89 d0
0x00007fa30bc5ef2e:   87 07 85 c0 75 f1 5a 41 5a c3 0f 1f 84 00 00 00
0x00007fa30bc5ef3e:   00 00 83 3d d9 e4 20 00 00 74 4b 48 83 3a 00 78 

Register to memory mapping:

RAX=0x0000000000000002 is an unknown value
RBX=0x0000000000000000 is an unknown value
RCX=0xffffffffffffffff is an unknown value
RDX=0x0000000000000002 is an unknown value
RSP=0x00007fa2be046708 is pointing into the stack for thread: 0x00007fa2b8002800
RBP=0x0000000000000001 is an unknown value
RSI=0x0000000000000080 is an unknown value
RDI=0x00007fa2bdf3fa40 is an unknown value
R8 =0x00007fa2bdf3fa40 is an unknown value
R9 =0x0000000000000001 is an unknown value
R10=0x0000000000000000 is an unknown value
R11=0x0000000000000202 is an unknown value
R12=0x000000000000100a is an unknown value
R13=0x00000000a21c6ea8 is an oop
{method} 
 - klass: {other class}
R14=0x00007fa2be046880 is pointing into the stack for thread: 0x00007fa2b8002800
R15=0x00007fa2b8002800 is a thread


Stack: [0x00007fa2bdf47000,0x00007fa2be048000],  sp=0x00007fa2be046708,  free space=1021k
Native frames: (J=compiled Java code, j=interpreted, Vv=VM code, C=native code)
C  [libpthread.so.0+0xef2e]  __lll_lock_wait+0x1e

Java frames: (J=compiled Java code, j=interpreted, Vv=VM code)
j  org.lwjgl.openal.AL10.nalSourcef(IIF)V+0
j  org.lwjgl.openal.AL10.alSourcef(IIF)V+3
j  paulscode.sound.libraries.SourceLWJGLOpenAL.positionChanged()V+79
j  paulscode.sound.Source.checkFadeOut()Z+246
j  paulscode.sound.StreamThread.run()V+155
v  ~StubRoutines::call_stub

---------------  P R O C E S S  ---------------

Java Threads: ( => current thread )
  0x00007fa304a61800 JavaThread "XToolkt-Shutdown-Thread" [_thread_blocked, id=14196, stack(0x00007fa2bc357000,0x00007fa2bc458000)]
=>0x00007fa2b8002800 JavaThread "Thread-2" [_thread_in_native, id=14191, stack(0x00007fa2bdf47000,0x00007fa2be048000)]
  0x00007fa304a89800 JavaThread "Thread-1" [_thread_blocked, id=14190, stack(0x00007fa2be048000,0x00007fa2be149000)]
  0x00007fa3041c4800 JavaThread "process reaper" daemon [_thread_blocked, id=14185, stack(0x00007fa2fc0c6000,0x00007fa2fc0ff000)]
  0x00007fa3041be800 JavaThread "AWT-XAWT" daemon [_thread_in_native, id=14183, stack(0x00007fa2d4077000,0x00007fa2d4178000)]
  0x00007fa30419f800 JavaThread "Java2D Disposer" daemon [_thread_blocked, id=14182, stack(0x00007fa2fc0ff000,0x00007fa2fc200000)]
  0x00007fa3040a2800 JavaThread "Service Thread" daemon [_thread_blocked, id=14179, stack(0x00007fa2fd3dc000,0x00007fa2fd4dd000)]
  0x00007fa3040a0000 JavaThread "C2 CompilerThread1" daemon [_thread_blocked, id=14178, stack(0x00007fa2fd4dd000,0x00007fa2fd5de000)]
  0x00007fa30409d000 JavaThread "C2 CompilerThread0" daemon [_thread_blocked, id=14177, stack(0x00007fa2fd5de000,0x00007fa2fd6df000)]
  0x00007fa304078000 JavaThread "Finalizer" daemon [_thread_blocked, id=14175, stack(0x00007fa2fdaa9000,0x00007fa2fdbaa000)]
  0x00007fa304076000 JavaThread "Reference Handler" daemon [_thread_blocked, id=14174, stack(0x00007fa2fdbaa000,0x00007fa2fdcab000)]
  0x00007fa30400a800 JavaThread "main" [_thread_blocked, id=14170, stack(0x00007fa30c76d000,0x00007fa30c86e000)]

Other Threads:
  0x00007fa304071800 VMThread [stack: 0x00007fa2fdcab000,0x00007fa2fddac000] [id=14173]

VM state:at safepoint (normal execution)

VM Mutex/Monitor currently owned by a thread:  ([mutex/lock_event])
[0x00007fa304006b40] Threads_lock - owner thread: 0x00007fa304071800

Heap
 PSYoungGen      total 46592K, used 35790K [0x00000000e4000000, 0x00000000e7100000, 0x0000000100000000)
  eden space 43008K, 78% used [0x00000000e4000000,0x00000000e60cc3c0,0x00000000e6a00000)
  from space 3584K, 61% used [0x00000000e6d80000,0x00000000e6fa75c0,0x00000000e7100000)
  to   space 3584K, 0% used [0x00000000e6a00000,0x00000000e6a00000,0x00000000e6d80000)
 ParOldGen       total 57344K, used 8K [0x00000000ac000000, 0x00000000af800000, 0x00000000e4000000)
  object space 57344K, 0% used [0x00000000ac000000,0x00000000ac002000,0x00000000af800000)
 PSPermGen       total 21504K, used 8520K [0x00000000a1a00000, 0x00000000a2f00000, 0x00000000ac000000)
  object space 21504K, 39% used [0x00000000a1a00000,0x00000000a22522c8,0x00000000a2f00000)

Card table byte_map: [0x00007fa309064000,0x00007fa309358000] byte_map_base: 0x00007fa308b57000

Polling page: 0x00007fa30c76c000

Code Cache  [0x00007fa301000000, 0x00007fa301270000, 0x00007fa304000000)
 total_blobs=557 nmethods=64 adapters=448 free_code_cache=48378Kb largest_free_block=49521536

Compilation events (10 events):
Event: 3.259 Thread 0x00007fa30409d000 nmethod 60 0x00007fa3010a49d0 code [0x00007fa3010a4bc0, 0x00007fa3010a5ac8]
Event: 3.259 Thread 0x00007fa30409d000   61 %s          com.jcraft.jorbis.Mapping0::inverse @ 523 (867 bytes)
Event: 3.300 Thread 0x00007fa3040a0000 nmethod 59 0x00007fa3010c3110 code [0x00007fa3010c3340, 0x00007fa3010c4af8]
Event: 3.300 Thread 0x00007fa3040a0000   62             java.lang.Math::abs (11 bytes)
Event: 3.300 Thread 0x00007fa3040a0000 nmethod 62 0x00007fa30109c190 code [0x00007fa30109c2c0, 0x00007fa30109c318]
Event: 3.300 Thread 0x00007fa3040a0000   63             com.jcraft.jorbis.Floor1::render_point (60 bytes)
Event: 3.301 Thread 0x00007fa3040a0000 nmethod 63 0x00007fa3010963d0 code [0x00007fa301096500, 0x00007fa3010965b8]
Event: 3.301 Thread 0x00007fa3040a0000   64             com.jcraft.jorbis.Util::ilog (18 bytes)
Event: 3.303 Thread 0x00007fa3040a0000 nmethod 64 0x00007fa3010ae5d0 code [0x00007fa3010ae700, 0x00007fa3010ae758]
Event: 3.407 Thread 0x00007fa30409d000 nmethod 61% 0x00007fa3010b91d0 code [0x00007fa3010b9480, 0x00007fa3010bb128]

GC Heap History (8 events):
Event: 2.309 GC heap before
{Heap before GC invocations=1 (full 0):
 PSYoungGen      total 25088K, used 21388K [0x00000000e4000000, 0x00000000e5c00000, 0x0000000100000000)
  eden space 21504K, 99% used [0x00000000e4000000,0x00000000e54e3270,0x00000000e5500000)
  from space 3584K, 0% used [0x00000000e5880000,0x00000000e5880000,0x00000000e5c00000)
  to   space 3584K, 0% used [0x00000000e5500000,0x00000000e5500000,0x00000000e5880000)
 ParOldGen       total 57344K, used 0K [0x00000000ac000000, 0x00000000af800000, 0x00000000e4000000)
  object space 57344K, 0% used [0x00000000ac000000,0x00000000ac000000,0x00000000af800000)
 PSPermGen       total 21504K, used 8391K [0x00000000a1a00000, 0x00000000a2f00000, 0x00000000ac000000)
  object space 21504K, 39% used [0x00000000a1a00000,0x00000000a2231e68,0x00000000a2f00000)
Event: 2.337 GC heap after
Heap after GC invocations=1 (full 0):
 PSYoungGen      total 25088K, used 2662K [0x00000000e4000000, 0x00000000e5c00000, 0x0000000100000000)
  eden space 21504K, 0% used [0x00000000e4000000,0x00000000e4000000,0x00000000e5500000)
  from space 3584K, 74% used [0x00000000e5500000,0x00000000e5799a80,0x00000000e5880000)
  to   space 3584K, 0% used [0x00000000e5880000,0x00000000e5880000,0x00000000e5c00000)
 ParOldGen       total 57344K, used 8K [0x00000000ac000000, 0x00000000af800000, 0x00000000e4000000)
  object space 57344K, 0% used [0x00000000ac000000,0x00000000ac002000,0x00000000af800000)
 PSPermGen       total 21504K, used 8391K [0x00000000a1a00000, 0x00000000a2f00000, 0x00000000ac000000)
  object space 21504K, 39% used [0x00000000a1a00000,0x00000000a2231e68,0x00000000a2f00000)
}
Event: 2.484 GC heap before
{Heap before GC invocations=2 (full 0):
 PSYoungGen      total 25088K, used 24130K [0x00000000e4000000, 0x00000000e5c00000, 0x0000000100000000)
  eden space 21504K, 99% used [0x00000000e4000000,0x00000000e54f6f40,0x00000000e5500000)
  from space 3584K, 74% used [0x00000000e5500000,0x00000000e5799a80,0x00000000e5880000)
  to   space 3584K, 0% used [0x00000000e5880000,0x00000000e5880000,0x00000000e5c00000)
 ParOldGen       total 57344K, used 8K [0x00000000ac000000, 0x00000000af800000, 0x00000000e4000000)
  object space 57344K, 0% used [0x00000000ac000000,0x00000000ac002000,0x00000000af800000)
 PSPermGen       total 21504K, used 8391K [0x00000000a1a00000, 0x00000000a2f00000, 0x00000000ac000000)
  object space 21504K, 39% used [0x00000000a1a00000,0x00000000a2231f10,0x00000000a2f00000)
Event: 2.490 GC heap after
Heap after GC invocations=2 (full 0):
 PSYoungGen      total 25088K, used 1857K [0x00000000e4000000, 0x00000000e7100000, 0x0000000100000000)
  eden space 21504K, 0% used [0x00000000e4000000,0x00000000e4000000,0x00000000e5500000)
  from space 3584K, 51% used [0x00000000e5880000,0x00000000e5a505b0,0x00000000e5c00000)
  to   space 3584K, 0% used [0x00000000e5500000,0x00000000e5500000,0x00000000e5880000)
 ParOldGen       total 57344K, used 8K [0x00000000ac000000, 0x00000000af800000, 0x00000000e4000000)
  object space 57344K, 0% used [0x00000000ac000000,0x00000000ac002000,0x00000000af800000)
 PSPermGen       total 21504K, used 8391K [0x00000000a1a00000, 0x00000000a2f00000, 0x00000000ac000000)
  object space 21504K, 39% used [0x00000000a1a00000,0x00000000a2231f10,0x00000000a2f00000)
}
Event: 2.574 GC heap before
{Heap before GC invocations=3 (full 0):
 PSYoungGen      total 25088K, used 23158K [0x00000000e4000000, 0x00000000e7100000, 0x0000000100000000)
  eden space 21504K, 99% used [0x00000000e4000000,0x00000000e54cd310,0x00000000e5500000)
  from space 3584K, 51% used [0x00000000e5880000,0x00000000e5a505b0,0x00000000e5c00000)
  to   space 3584K, 0% used [0x00000000e5500000,0x00000000e5500000,0x00000000e5880000)
 ParOldGen       total 57344K, used 8K [0x00000000ac000000, 0x00000000af800000, 0x00000000e4000000)
  object space 57344K, 0% used [0x00000000ac000000,0x00000000ac002000,0x00000000af800000)
 PSPermGen       total 21504K, used 8392K [0x00000000a1a00000, 0x00000000a2f00000, 0x00000000ac000000)
  object space 21504K, 39% used [0x00000000a1a00000,0x00000000a22321d0,0x00000000a2f00000)
Event: 2.579 GC heap after
Heap after GC invocations=3 (full 0):
 PSYoungGen      total 25088K, used 1959K [0x00000000e4000000, 0x00000000e7100000, 0x0000000100000000)
  eden space 21504K, 0% used [0x00000000e4000000,0x00000000e4000000,0x00000000e5500000)
  from space 3584K, 54% used [0x00000000e5500000,0x00000000e56e9db0,0x00000000e5880000)
  to   space 3584K, 0% used [0x00000000e6d80000,0x00000000e6d80000,0x00000000e7100000)
 ParOldGen       total 57344K, used 8K [0x00000000ac000000, 0x00000000af800000, 0x00000000e4000000)
  object space 57344K, 0% used [0x00000000ac000000,0x00000000ac002000,0x00000000af800000)
 PSPermGen       total 21504K, used 8392K [0x00000000a1a00000, 0x00000000a2f00000, 0x00000000ac000000)
  object space 21504K, 39% used [0x00000000a1a00000,0x00000000a22321d0,0x00000000a2f00000)
}
Event: 2.610 GC heap before
{Heap before GC invocations=4 (full 0):
 PSYoungGen      total 25088K, used 23347K [0x00000000e4000000, 0x00000000e7100000, 0x0000000100000000)
  eden space 21504K, 99% used [0x00000000e4000000,0x00000000e54e30b0,0x00000000e5500000)
  from space 3584K, 54% used [0x00000000e5500000,0x00000000e56e9db0,0x00000000e5880000)
  to   space 3584K, 0% used [0x00000000e6d80000,0x00000000e6d80000,0x00000000e7100000)
 ParOldGen       total 57344K, used 8K [0x00000000ac000000, 0x00000000af800000, 0x00000000e4000000)
  object space 57344K, 0% used [0x00000000ac000000,0x00000000ac002000,0x00000000af800000)
 PSPermGen       total 21504K, used 8392K [0x00000000a1a00000, 0x00000000a2f00000, 0x00000000ac000000)
  object space 21504K, 39% used [0x00000000a1a00000,0x00000000a2232270,0x00000000a2f00000)
Event: 2.624 GC heap after
Heap after GC invocations=4 (full 0):
 PSYoungGen      total 46592K, used 2205K [0x00000000e4000000, 0x00000000e7100000, 0x0000000100000000)
  eden space 43008K, 0% used [0x00000000e4000000,0x00000000e4000000,0x00000000e6a00000)
  from space 3584K, 61% used [0x00000000e6d80000,0x00000000e6fa75c0,0x00000000e7100000)
  to   space 3584K, 0% used [0x00000000e6a00000,0x00000000e6a00000,0x00000000e6d80000)
 ParOldGen       total 57344K, used 8K [0x00000000ac000000, 0x00000000af800000, 0x00000000e4000000)
  object space 57344K, 0% used [0x00000000ac000000,0x00000000ac002000,0x00000000af800000)
 PSPermGen       total 21504K, used 8392K [0x00000000a1a00000, 0x00000000a2f00000, 0x00000000ac000000)
  object space 21504K, 39% used [0x00000000a1a00000,0x00000000a2232270,0x00000000a2f00000)
}

Deoptimization events (6 events):
Event: 2.658 Thread 0x00007fa2b8002800 Uncommon trap: reason=unreached action=reinterpret pc=0x00007fa3010abd44 method=com.jcraft.jorbis.Block.synthesis(Lcom/jcraft/jogg/Packet;)I @ 217
Event: 2.658 Thread 0x00007fa2b8002800 Uncommon trap: reason=class_check action=maybe_recompile pc=0x00007fa3010a7e84 method=com.jcraft.jorbis.Mapping0.inverse(Lcom/jcraft/jorbis/Block;Ljava/lang/Object;)I @ 466
Event: 2.659 Thread 0x00007fa2b8002800 Uncommon trap: reason=unreached action=reinterpret pc=0x00007fa301092a80 method=com.jcraft.jorbis.Floor1.inverse2(Lcom/jcraft/jorbis/Block;Ljava/lang/Object;Ljava/lang/Object;[F)I @ 33
Event: 2.659 Thread 0x00007fa2b8002800 Uncommon trap: reason=class_check action=maybe_recompile pc=0x00007fa3010a7e84 method=com.jcraft.jorbis.Mapping0.inverse(Lcom/jcraft/jorbis/Block;Ljava/lang/Object;)I @ 466
Event: 2.671 Thread 0x00007fa2b8002800 Uncommon trap: reason=class_check action=maybe_recompile pc=0x00007fa3010a7e84 method=com.jcraft.jorbis.Mapping0.inverse(Lcom/jcraft/jorbis/Block;Ljava/lang/Object;)I @ 466
Event: 2.673 Thread 0x00007fa2b8002800 Uncommon trap: reason=class_check action=maybe_recompile pc=0x00007fa3010a7e84 method=com.jcraft.jorbis.Mapping0.inverse(Lcom/jcraft/jorbis/Block;Ljava/lang/Object;)I @ 466

Internal exceptions (10 events):
Event: 1.916 Thread 0x00007fa30400a800 Threw 0x00000000e46d5858 at /build/buildd/openjdk-7-7u65-2.5.2/build/openjdk/hotspot/src/share/vm/prims/jvm.cpp:1247
Event: 1.920 Thread 0x00007fa30400a800 Threw 0x00000000e46da160 at /build/buildd/openjdk-7-7u65-2.5.2/build/openjdk/hotspot/src/share/vm/prims/jvm.cpp:1247
Event: 1.924 Thread 0x00007fa30400a800 Threw 0x00000000e46dbda0 at /build/buildd/openjdk-7-7u65-2.5.2/build/openjdk/hotspot/src/share/vm/prims/jvm.cpp:1247
Event: 1.927 Thread 0x00007fa30400a800 Threw 0x00000000e46ddf98 at /build/buildd/openjdk-7-7u65-2.5.2/build/openjdk/hotspot/src/share/vm/prims/jvm.cpp:1247
Event: 1.973 Thread 0x00007fa30400a800 Threw 0x00000000e46f8bf8 at /build/buildd/openjdk-7-7u65-2.5.2/build/openjdk/hotspot/src/share/vm/prims/jvm.cpp:1247
Event: 1.974 Thread 0x00007fa30400a800 Threw 0x00000000e46fd1c8 at /build/buildd/openjdk-7-7u65-2.5.2/build/openjdk/hotspot/src/share/vm/prims/jvm.cpp:1247
Event: 2.645 Thread 0x00007fa2b8002800 Threw 0x00000000e4066840 at /build/buildd/openjdk-7-7u65-2.5.2/build/openjdk/hotspot/src/share/vm/prims/jvm.cpp:2920
Event: 2.658 Thread 0x00007fa2b8002800 Implicit null exception at 0x00007fa3010ab4b9 to 0x00007fa3010abd39
Event: 3.348 Thread 0x00007fa30400a800 Threw 0x00000000e4194170 at /build/buildd/openjdk-7-7u65-2.5.2/build/openjdk/hotspot/src/share/vm/prims/jvm.cpp:1247
Event: 3.354 Thread 0x00007fa30400a800 Threw 0x00000000e4198e08 at /build/buildd/openjdk-7-7u65-2.5.2/build/openjdk/hotspot/src/share/vm/prims/jvm.cpp:1247

Events (10 events):
Event: 3.420 loading class 0x00007fa2d800ec00 done
Event: 3.421 Thread 0x00007fa304a61800 Thread added: 0x00007fa304a61800
Event: 3.421 loading class 0x00007fa2e40653e0
Event: 3.421 loading class 0x00007fa2e4051720
Event: 3.421 loading class 0x00007fa2e4051720 done
Event: 3.421 loading class 0x00007fa2e4051750
Event: 3.421 loading class 0x00007fa2e4051750 done
Event: 3.421 loading class 0x00007fa2e40653e0 done
Event: 3.423 Thread 0x00007fa30409b000 Thread exited: 0x00007fa30409b000
Event: 3.423 Executing VM operation: Exit


Dynamic libraries:
00400000-00401000 r-xp 00000000 08:02 32381444                           /usr/lib/jvm/java-7-openjdk-amd64/jre/bin/java
00600000-00601000 r--p 00000000 08:02 32381444                           /usr/lib/jvm/java-7-openjdk-amd64/jre/bin/java
00601000-00602000 rw-p 00001000 08:02 32381444                           /usr/lib/jvm/java-7-openjdk-amd64/jre/bin/java
00eba000-01173000 rw-p 00000000 00:00 0                                  [heap]
a1a00000-a2f00000 rw-p 00000000 00:00 0 
a2f00000-ac000000 rw-p 00000000 00:00 0 
ac000000-af800000 rw-p 00000000 00:00 0 
af800000-e4000000 rw-p 00000000 00:00 0 
e4000000-e7100000 rw-p 00000000 00:00 0 
e7100000-100000000 rw-p 00000000 00:00 0 
7fa2b77ff000-7fa2b7800000 ---p 00000000 00:00 0 
7fa2b7800000-7fa2b8000000 rw-p 00000000 00:00 0 
7fa2b8000000-7fa2b813a000 rw-p 00000000 00:00 0 
7fa2b813a000-7fa2bc000000 ---p 00000000 00:00 0 
7fa2bc357000-7fa2bc35a000 ---p 00000000 00:00 0 
7fa2bc35a000-7fa2bc458000 rw-p 00000000 00:00 0                          [stack:14196]
7fa2bc458000-7fa2bc45f000 r-xp 00000000 08:02 32251802                   /usr/lib/x86_64-linux-gnu/libogg.so.0.8.1
7fa2bc45f000-7fa2bc65f000 ---p 00007000 08:02 32251802                   /usr/lib/x86_64-linux-gnu/libogg.so.0.8.1
7fa2bc65f000-7fa2bc660000 r--p 00007000 08:02 32251802                   /usr/lib/x86_64-linux-gnu/libogg.so.0.8.1
7fa2bc660000-7fa2bc661000 rw-p 00008000 08:02 32251802                   /usr/lib/x86_64-linux-gnu/libogg.so.0.8.1
7fa2bc668000-7fa2bc694000 r-xp 00000000 08:02 32252090                   /usr/lib/x86_64-linux-gnu/libvorbis.so.0.4.5
7fa2bc694000-7fa2bc893000 ---p 0002c000 08:02 32252090                   /usr/lib/x86_64-linux-gnu/libvorbis.so.0.4.5
7fa2bc893000-7fa2bc894000 r--p 0002b000 08:02 32252090                   /usr/lib/x86_64-linux-gnu/libvorbis.so.0.4.5
7fa2bc894000-7fa2bc895000 rw-p 0002c000 08:02 32252090                   /usr/lib/x86_64-linux-gnu/libvorbis.so.0.4.5
7fa2bc898000-7fa2bcb4b000 r-xp 00000000 08:02 32252092                   /usr/lib/x86_64-linux-gnu/libvorbisenc.so.2.0.8
7fa2bcb4b000-7fa2bcd4a000 ---p 002b3000 08:02 32252092                   /usr/lib/x86_64-linux-gnu/libvorbisenc.so.2.0.8
7fa2bcd4a000-7fa2bcd66000 r--p 002b2000 08:02 32252092                   /usr/lib/x86_64-linux-gnu/libvorbisenc.so.2.0.8
7fa2bcd66000-7fa2bcd67000 rw-p 002ce000 08:02 32252092                   /usr/lib/x86_64-linux-gnu/libvorbisenc.so.2.0.8
7fa2bcd68000-7fa2bcd97000 r-xp 00000000 08:02 32250837                   /usr/lib/x86_64-linux-gnu/libFLAC.so.8.3.0
7fa2bcd97000-7fa2bcf97000 ---p 0002f000 08:02 32250837                   /usr/lib/x86_64-linux-gnu/libFLAC.so.8.3.0
7fa2bcf97000-7fa2bcf98000 r--p 0002f000 08:02 32250837                   /usr/lib/x86_64-linux-gnu/libFLAC.so.8.3.0
7fa2bcf98000-7fa2bcf99000 rw-p 00030000 08:02 32250837                   /usr/lib/x86_64-linux-gnu/libFLAC.so.8.3.0
7fa2bcfa0000-7fa2bcfa5000 r-xp 00000000 08:02 32251081                   /usr/lib/x86_64-linux-gnu/libasyncns.so.0.3.1
7fa2bcfa5000-7fa2bd1a4000 ---p 00005000 08:02 32251081                   /usr/lib/x86_64-linux-gnu/libasyncns.so.0.3.1
7fa2bd1a4000-7fa2bd1a5000 r--p 00004000 08:02 32251081                   /usr/lib/x86_64-linux-gnu/libasyncns.so.0.3.1
7fa2bd1a5000-7fa2bd1a6000 rw-p 00005000 08:02 32251081                   /usr/lib/x86_64-linux-gnu/libasyncns.so.0.3.1
7fa2bd1a8000-7fa2bd209000 r-xp 00000000 08:02 32251983                   /usr/lib/x86_64-linux-gnu/libsndfile.so.1.0.25
7fa2bd209000-7fa2bd409000 ---p 00061000 08:02 32251983                   /usr/lib/x86_64-linux-gnu/libsndfile.so.1.0.25
7fa2bd409000-7fa2bd40b000 r--p 00061000 08:02 32251983                   /usr/lib/x86_64-linux-gnu/libsndfile.so.1.0.25
7fa2bd40b000-7fa2bd40c000 rw-p 00063000 08:02 32251983                   /usr/lib/x86_64-linux-gnu/libsndfile.so.1.0.25
7fa2bd40c000-7fa2bd410000 rw-p 00000000 00:00 0 
7fa2bd410000-7fa2bd418000 r-xp 00000000 08:02 28840055                   /lib/x86_64-linux-gnu/libwrap.so.0.7.6
7fa2bd418000-7fa2bd617000 ---p 00008000 08:02 28840055                   /lib/x86_64-linux-gnu/libwrap.so.0.7.6
7fa2bd617000-7fa2bd618000 r--p 00007000 08:02 28840055                   /lib/x86_64-linux-gnu/libwrap.so.0.7.6
7fa2bd618000-7fa2bd619000 rw-p 00008000 08:02 28840055                   /lib/x86_64-linux-gnu/libwrap.so.0.7.6
7fa2bd619000-7fa2bd61a000 rw-p 00000000 00:00 0 
7fa2bd620000-7fa2bd686000 r-xp 00000000 08:02 32770189                   /usr/lib/x86_64-linux-gnu/pulseaudio/libpulsecommon-4.0.so
7fa2bd686000-7fa2bd885000 ---p 00066000 08:02 32770189                   /usr/lib/x86_64-linux-gnu/pulseaudio/libpulsecommon-4.0.so
7fa2bd885000-7fa2bd886000 r--p 00065000 08:02 32770189                   /usr/lib/x86_64-linux-gnu/pulseaudio/libpulsecommon-4.0.so
7fa2bd886000-7fa2bd887000 rw-p 00066000 08:02 32770189                   /usr/lib/x86_64-linux-gnu/pulseaudio/libpulsecommon-4.0.so
7fa2bd888000-7fa2bd891000 r-xp 00000000 08:02 28839934                   /lib/x86_64-linux-gnu/libjson-c.so.2.0.0
7fa2bd891000-7fa2bda90000 ---p 00009000 08:02 28839934                   /lib/x86_64-linux-gnu/libjson-c.so.2.0.0
7fa2bda90000-7fa2bda91000 r--p 00008000 08:02 28839934                   /lib/x86_64-linux-gnu/libjson-c.so.2.0.0
7fa2bda91000-7fa2bda92000 rw-p 00009000 08:02 28839934                   /lib/x86_64-linux-gnu/libjson-c.so.2.0.0
7fa2bda98000-7fa2bdadf000 r-xp 00000000 08:02 32251902                   /usr/lib/x86_64-linux-gnu/libpulse.so.0.16.2
7fa2bdadf000-7fa2bdcdf000 ---p 00047000 08:02 32251902                   /usr/lib/x86_64-linux-gnu/libpulse.so.0.16.2
7fa2bdcdf000-7fa2bdce0000 r--p 00047000 08:02 32251902                   /usr/lib/x86_64-linux-gnu/libpulse.so.0.16.2
7fa2bdce0000-7fa2bdce1000 rw-p 00048000 08:02 32251902                   /usr/lib/x86_64-linux-gnu/libpulse.so.0.16.2
7fa2bdf47000-7fa2bdf4a000 ---p 00000000 00:00 0 
7fa2bdf4a000-7fa2be048000 rw-p 00000000 00:00 0                          [stack:14191]
7fa2be048000-7fa2be04b000 ---p 00000000 00:00 0 
7fa2be04b000-7fa2be149000 rw-p 00000000 00:00 0                          [stack:14190]
7fa2bf250000-7fa2bf267000 r-xp 00000000 08:02 32381403                   /usr/lib/jvm/java-7-openjdk-amd64/jre/lib/amd64/libnet.so
7fa2bf267000-7fa2bf466000 ---p 00017000 08:02 32381403                   /usr/lib/jvm/java-7-openjdk-amd64/jre/lib/amd64/libnet.so
7fa2bf466000-7fa2bf467000 r--p 00016000 08:02 32381403                   /usr/lib/jvm/java-7-openjdk-amd64/jre/lib/amd64/libnet.so
7fa2bf467000-7fa2bf468000 rw-p 00017000 08:02 32381403                   /usr/lib/jvm/java-7-openjdk-amd64/jre/lib/amd64/libnet.so
7fa2bf468000-7fa2bf478000 r-xp 00000000 08:02 32381395                   /usr/lib/jvm/java-7-openjdk-amd64/jre/lib/amd64/libnio.so
7fa2bf478000-7fa2bf678000 ---p 00010000 08:02 32381395                   /usr/lib/jvm/java-7-openjdk-amd64/jre/lib/amd64/libnio.so
7fa2bf678000-7fa2bf679000 r--p 00010000 08:02 32381395                   /usr/lib/jvm/java-7-openjdk-amd64/jre/lib/amd64/libnio.so
7fa2bf679000-7fa2bf67a000 rw-p 00011000 08:02 32381395                   /usr/lib/jvm/java-7-openjdk-amd64/jre/lib/amd64/libnio.so
7fa2bf67e000-7fa2bfd7e000 rw-s 00006000 00:05 9147                       /dev/ati/card0
7fa2bfe80000-7fa2c0000000 rw-p 00000000 00:00 0 
7fa2c0000000-7fa2c0021000 rw-p 00000000 00:00 0 
7fa2c0021000-7fa2c4000000 ---p 00000000 00:00 0 
7fa2c4000000-7fa2c4021000 rw-p 00000000 00:00 0 
7fa2c4021000-7fa2c8000000 ---p 00000000 00:00 0 
7fa2c8000000-7fa2c8021000 rw-p 00000000 00:00 0 
7fa2c8021000-7fa2cc000000 ---p 00000000 00:00 0 
7fa2cc078000-7fa2cc0f8000 rw-p 00000000 00:00 0 
7fa2cc0f8000-7fa2cc0fa000 r-xp 00000000 08:02 32251012                   /usr/lib/x86_64-linux-gnu/libXinerama.so.1.0.0
7fa2cc0fa000-7fa2cc2f9000 ---p 00002000 08:02 32251012                   /usr/lib/x86_64-linux-gnu/libXinerama.so.1.0.0
7fa2cc2f9000-7fa2cc2fa000 r--p 00001000 08:02 32251012                   /usr/lib/x86_64-linux-gnu/libXinerama.so.1.0.0
7fa2cc2fa000-7fa2cc2fb000 rw-p 00002000 08:02 32251012                   /usr/lib/x86_64-linux-gnu/libXinerama.so.1.0.0
7fa2cc300000-7fa2cc3a1000 r-xp 00000000 08:02 34221608                   /usr/lib/fglrx/libatiadlxx.so
7fa2cc3a1000-7fa2cc4a1000 ---p 000a1000 08:02 34221608                   /usr/lib/fglrx/libatiadlxx.so
7fa2cc4a1000-7fa2cc4a4000 rw-p 000a1000 08:02 34221608                   /usr/lib/fglrx/libatiadlxx.so
7fa2cc4a4000-7fa2cc4b4000 rw-p 00000000 00:00 0 
7fa2cc4b8000-7fa2ce60f000 r-xp 00000000 08:02 34221614                   /usr/lib/fglrx/dri/fglrx_dri.so
7fa2ce60f000-7fa2ce70e000 ---p 02157000 08:02 34221614                   /usr/lib/fglrx/dri/fglrx_dri.so
7fa2ce70e000-7fa2ce8ba000 rwxp 02156000 08:02 34221614                   /usr/lib/fglrx/dri/fglrx_dri.so
7fa2ce8ba000-7fa2ce9f2000 rwxp 00000000 00:00 0 
7fa2ce9f8000-7fa2cea07000 r-xp 00000000 08:02 34221635                   /usr/lib/fglrx/libatiuki.so.1.0
7fa2cea07000-7fa2ceb07000 ---p 0000f000 08:02 34221635                   /usr/lib/fglrx/libatiuki.so.1.0
7fa2ceb07000-7fa2ceb14000 rw-p 0000f000 08:02 34221635                   /usr/lib/fglrx/libatiuki.so.1.0
7fa2ceb14000-7fa2ceb15000 rw-p 00000000 00:00 0 
7fa2ceb18000-7fa2cebb4000 r-xp 00000000 08:02 34221641                   /usr/lib/fglrx/libGL.so.1.2
7fa2cebb4000-7fa2cecb4000 ---p 0009c000 08:02 34221641                   /usr/lib/fglrx/libGL.so.1.2
7fa2cecb4000-7fa2cecdd000 rwxp 0009c000 08:02 34221641                   /usr/lib/fglrx/libGL.so.1.2
7fa2cecdd000-7fa2cecfa000 rwxp 00000000 00:00 0 
7fa2ced00000-7fa2ced04000 r-xp 00000000 08:02 32251038                   /usr/lib/x86_64-linux-gnu/libXxf86vm.so.1.0.0
7fa2ced04000-7fa2cef04000 ---p 00004000 08:02 32251038                   /usr/lib/x86_64-linux-gnu/libXxf86vm.so.1.0.0
7fa2cef04000-7fa2cef05000 r--p 00004000 08:02 32251038                   /usr/lib/x86_64-linux-gnu/libXxf86vm.so.1.0.0
7fa2cef05000-7fa2cef06000 rw-p 00005000 08:02 32251038                   /usr/lib/x86_64-linux-gnu/libXxf86vm.so.1.0.0
7fa2cef08000-7fa2cef11000 r-xp 00000000 08:02 32251020                   /usr/lib/x86_64-linux-gnu/libXrandr.so.2.2.0
7fa2cef11000-7fa2cf110000 ---p 00009000 08:02 32251020                   /usr/lib/x86_64-linux-gnu/libXrandr.so.2.2.0
7fa2cf110000-7fa2cf111000 r--p 00008000 08:02 32251020                   /usr/lib/x86_64-linux-gnu/libXrandr.so.2.2.0
7fa2cf111000-7fa2cf112000 rw-p 00009000 08:02 32251020                   /usr/lib/x86_64-linux-gnu/libXrandr.so.2.2.0
7fa2cf118000-7fa2cf188000 r-xp 00000000 08:02 28705996                   /home/bubeck/Documents/ProgStuff/JavaStuff/Warlocks/Warlocks/lwjgl-2.9.3/native/linux/liblwjgl64.so
7fa2cf188000-7fa2cf388000 ---p 00070000 08:02 28705996                   /home/bubeck/Documents/ProgStuff/JavaStuff/Warlocks/Warlocks/lwjgl-2.9.3/native/linux/liblwjgl64.so
7fa2cf388000-7fa2cf38a000 r--p 00070000 08:02 28705996                   /home/bubeck/Documents/ProgStuff/JavaStuff/Warlocks/Warlocks/lwjgl-2.9.3/native/linux/liblwjgl64.so
7fa2cf38a000-7fa2cf38b000 rw-p 00072000 08:02 28705996                   /home/bubeck/Documents/ProgStuff/JavaStuff/Warlocks/Warlocks/lwjgl-2.9.3/native/linux/liblwjgl64.so
7fa2cf390000-7fa2cf391000 r-xp 00000000 08:02 32381394                   /usr/lib/jvm/java-7-openjdk-amd64/jre/lib/amd64/libjawt.so
7fa2cf391000-7fa2cf590000 ---p 00001000 08:02 32381394                   /usr/lib/jvm/java-7-openjdk-amd64/jre/lib/amd64/libjawt.so
7fa2cf590000-7fa2cf591000 r--p 00000000 08:02 32381394                   /usr/lib/jvm/java-7-openjdk-amd64/jre/lib/amd64/libjawt.so
7fa2cf591000-7fa2cf592000 rw-p 00001000 08:02 32381394                   /usr/lib/jvm/java-7-openjdk-amd64/jre/lib/amd64/libjawt.so
7fa2cf598000-7fa2cf59d000 r-xp 00000000 08:02 32251004                   /usr/lib/x86_64-linux-gnu/libXfixes.so.3.1.0
7fa2cf59d000-7fa2cf79c000 ---p 00005000 08:02 32251004                   /usr/lib/x86_64-linux-gnu/libXfixes.so.3.1.0
7fa2cf79c000-7fa2cf79d000 r--p 00004000 08:02 32251004                   /usr/lib/x86_64-linux-gnu/libXfixes.so.3.1.0
7fa2cf79d000-7fa2cf79e000 rw-p 00005000 08:02 32251004                   /usr/lib/x86_64-linux-gnu/libXfixes.so.3.1.0
7fa2cf7a0000-7fa2cf7a9000 r-xp 00000000 08:02 32250996                   /usr/lib/x86_64-linux-gnu/libXcursor.so.1.0.2
7fa2cf7a9000-7fa2cf9a8000 ---p 00009000 08:02 32250996                   /usr/lib/x86_64-linux-gnu/libXcursor.so.1.0.2
7fa2cf9a8000-7fa2cf9a9000 r--p 00008000 08:02 32250996                   /usr/lib/x86_64-linux-gnu/libXcursor.so.1.0.2
7fa2cf9a9000-7fa2cf9aa000 rw-p 00009000 08:02 32250996                   /usr/lib/x86_64-linux-gnu/libXcursor.so.1.0.2
7fa2cf9b0000-7fa2cf9b4000 r-xp 00000000 08:02 28839927                   /lib/x86_64-linux-gnu/libgpg-error.so.0.10.0
7fa2cf9b4000-7fa2cfbb3000 ---p 00004000 08:02 28839927                   /lib/x86_64-linux-gnu/libgpg-error.so.0.10.0
7fa2cfbb3000-7fa2cfbb4000 r--p 00003000 08:02 28839927                   /lib/x86_64-linux-gnu/libgpg-error.so.0.10.0
7fa2cfbb4000-7fa2cfbb5000 rw-p 00004000 08:02 28839927                   /lib/x86_64-linux-gnu/libgpg-error.so.0.10.0
7fa2cfbb8000-7fa2cfbba000 r-xp 00000000 08:02 28839937                   /lib/x86_64-linux-gnu/libkeyutils.so.1.4
7fa2cfbba000-7fa2cfdba000 ---p 00002000 08:02 28839937                   /lib/x86_64-linux-gnu/libkeyutils.so.1.4
7fa2cfdba000-7fa2cfdbb000 r--p 00002000 08:02 28839937                   /lib/x86_64-linux-gnu/libkeyutils.so.1.4
7fa2cfdbb000-7fa2cfdbc000 rw-p 00003000 08:02 28839937                   /lib/x86_64-linux-gnu/libkeyutils.so.1.4
7fa2cfdc0000-7fa2cfdfd000 r-xp 00000000 08:02 28839998                   /lib/x86_64-linux-gnu/libpcre.so.3.13.1
7fa2cfdfd000-7fa2cfffc000 ---p 0003d000 08:02 28839998                   /lib/x86_64-linux-gnu/libpcre.so.3.13.1
7fa2cfffc000-7fa2cfffd000 r--p 0003c000 08:02 28839998                   /lib/x86_64-linux-gnu/libpcre.so.3.13.1
7fa2cfffd000-7fa2cfffe000 rw-p 0003d000 08:02 28839998                   /lib/x86_64-linux-gnu/libpcre.so.3.13.1
7fa2d0000000-7fa2d0021000 rw-p 00000000 00:00 0 
7fa2d0021000-7fa2d4000000 ---p 00000000 00:00 0 
7fa2d4037000-7fa2d4077000 rw-p 00000000 00:00 0 
7fa2d4077000-7fa2d407a000 ---p 00000000 00:00 0 
7fa2d407a000-7fa2d4178000 rw-p 00000000 00:00 0                          [stack:14183]
7fa2d4178000-7fa2d419d000 r-xp 00000000 08:02 28840010                   /lib/x86_64-linux-gnu/libpng12.so.0.50.0
7fa2d419d000-7fa2d439c000 ---p 00025000 08:02 28840010                   /lib/x86_64-linux-gnu/libpng12.so.0.50.0
7fa2d439c000-7fa2d439d000 r--p 00024000 08:02 28840010                   /lib/x86_64-linux-gnu/libpng12.so.0.50.0
7fa2d439d000-7fa2d439e000 rw-p 00025000 08:02 28840010                   /lib/x86_64-linux-gnu/libpng12.so.0.50.0
7fa2d43a0000-7fa2d43e4000 r-xp 00000000 08:02 28836833                   /lib/x86_64-linux-gnu/libdbus-1.so.3.7.6
7fa2d43e4000-7fa2d45e3000 ---p 00044000 08:02 28836833                   /lib/x86_64-linux-gnu/libdbus-1.so.3.7.6
7fa2d45e3000-7fa2d45e4000 r--p 00043000 08:02 28836833                   /lib/x86_64-linux-gnu/libdbus-1.so.3.7.6
7fa2d45e4000-7fa2d45e5000 rw-p 00044000 08:02 28836833                   /lib/x86_64-linux-gnu/libdbus-1.so.3.7.6
7fa2d45e8000-7fa2d4623000 r-xp 00000000 08:02 32251842                   /usr/lib/x86_64-linux-gnu/libp11-kit.so.0.0.0
7fa2d4623000-7fa2d4822000 ---p 0003b000 08:02 32251842                   /usr/lib/x86_64-linux-gnu/libp11-kit.so.0.0.0
7fa2d4822000-7fa2d4828000 r--p 0003a000 08:02 32251842                   /usr/lib/x86_64-linux-gnu/libp11-kit.so.0.0.0
7fa2d4828000-7fa2d482a000 rw-p 00040000 08:02 32251842                   /usr/lib/x86_64-linux-gnu/libp11-kit.so.0.0.0
7fa2d4830000-7fa2d4842000 r-xp 00000000 08:02 32252021                   /usr/lib/x86_64-linux-gnu/libtasn1.so.6.2.0
7fa2d4842000-7fa2d4a42000 ---p 00012000 08:02 32252021                   /usr/lib/x86_64-linux-gnu/libtasn1.so.6.2.0
7fa2d4a42000-7fa2d4a43000 r--p 00012000 08:02 32252021                   /usr/lib/x86_64-linux-gnu/libtasn1.so.6.2.0
7fa2d4a43000-7fa2d4a44000 rw-p 00013000 08:02 32252021                   /usr/lib/x86_64-linux-gnu/libtasn1.so.6.2.0
7fa2d4a48000-7fa2d4ac3000 r-xp 00000000 08:02 28839923                   /lib/x86_64-linux-gnu/libgcrypt.so.11.8.2
7fa2d4ac3000-7fa2d4cc3000 ---p 0007b000 08:02 28839923                   /lib/x86_64-linux-gnu/libgcrypt.so.11.8.2
7fa2d4cc3000-7fa2d4cc4000 r--p 0007b000 08:02 28839923                   /lib/x86_64-linux-gnu/libgcrypt.so.11.8.2
7fa2d4cc4000-7fa2d4cc7000 rw-p 0007c000 08:02 28839923                   /lib/x86_64-linux-gnu/libgcrypt.so.11.8.2
7fa2d4cc8000-7fa2d4cd2000 r-xp 00000000 08:02 32251683                   /usr/lib/x86_64-linux-gnu/libkrb5support.so.0.1
7fa2d4cd2000-7fa2d4ed1000 ---p 0000a000 08:02 32251683                   /usr/lib/x86_64-linux-gnu/libkrb5support.so.0.1
7fa2d4ed1000-7fa2d4ed2000 r--p 00009000 08:02 32251683                   /usr/lib/x86_64-linux-gnu/libkrb5support.so.0.1
7fa2d4ed2000-7fa2d4ed3000 rw-p 0000a000 08:02 32251683                   /usr/lib/x86_64-linux-gnu/libkrb5support.so.0.1
7fa2d4ed8000-7fa2d4edb000 r-xp 00000000 08:02 28839903                   /lib/x86_64-linux-gnu/libcom_err.so.2.1
7fa2d4edb000-7fa2d50da000 ---p 00003000 08:02 28839903                   /lib/x86_64-linux-gnu/libcom_err.so.2.1
7fa2d50da000-7fa2d50db000 r--p 00002000 08:02 28839903                   /lib/x86_64-linux-gnu/libcom_err.so.2.1
7fa2d50db000-7fa2d50dc000 rw-p 00003000 08:02 28839903                   /lib/x86_64-linux-gnu/libcom_err.so.2.1
7fa2d50e0000-7fa2d510c000 r-xp 00000000 08:02 32251675                   /usr/lib/x86_64-linux-gnu/libk5crypto.so.3.1
7fa2d510c000-7fa2d530b000 ---p 0002c000 08:02 32251675                   /usr/lib/x86_64-linux-gnu/libk5crypto.so.3.1
7fa2d530b000-7fa2d530d000 r--p 0002b000 08:02 32251675                   /usr/lib/x86_64-linux-gnu/libk5crypto.so.3.1
7fa2d530d000-7fa2d530e000 rw-p 0002d000 08:02 32251675                   /usr/lib/x86_64-linux-gnu/libk5crypto.so.3.1
7fa2d530e000-7fa2d530f000 rw-p 00000000 00:00 0 
7fa2d5310000-7fa2d53cc000 r-xp 00000000 08:02 32251681                   /usr/lib/x86_64-linux-gnu/libkrb5.so.3.3
7fa2d53cc000-7fa2d55cc000 ---p 000bc000 08:02 32251681                   /usr/lib/x86_64-linux-gnu/libkrb5.so.3.3
7fa2d55cc000-7fa2d55d9000 r--p 000bc000 08:02 32251681                   /usr/lib/x86_64-linux-gnu/libkrb5.so.3.3
7fa2d55d9000-7fa2d55db000 rw-p 000c9000 08:02 32251681                   /usr/lib/x86_64-linux-gnu/libkrb5.so.3.3
7fa2d55e0000-7fa2d55e5000 r-xp 00000000 08:02 32251000                   /usr/lib/x86_64-linux-gnu/libXdmcp.so.6.0.0
7fa2d55e5000-7fa2d57e4000 ---p 00005000 08:02 32251000                   /usr/lib/x86_64-linux-gnu/libXdmcp.so.6.0.0
7fa2d57e4000-7fa2d57e5000 r--p 00004000 08:02 32251000                   /usr/lib/x86_64-linux-gnu/libXdmcp.so.6.0.0
7fa2d57e5000-7fa2d57e6000 rw-p 00005000 08:02 32251000                   /usr/lib/x86_64-linux-gnu/libXdmcp.so.6.0.0
7fa2d57e8000-7fa2d57ea000 r-xp 00000000 08:02 32250989                   /usr/lib/x86_64-linux-gnu/libXau.so.6.0.0
7fa2d57ea000-7fa2d59ea000 ---p 00002000 08:02 32250989                   /usr/lib/x86_64-linux-gnu/libXau.so.6.0.0
7fa2d59ea000-7fa2d59eb000 r--p 00002000 08:02 32250989                   /usr/lib/x86_64-linux-gnu/libXau.so.6.0.0
7fa2d59eb000-7fa2d59ec000 rw-p 00003000 08:02 32250989                   /usr/lib/x86_64-linux-gnu/libXau.so.6.0.0
7fa2d59f0000-7fa2d59f7000 r-xp 00000000 08:02 32251302                   /usr/lib/x86_64-linux-gnu/libffi.so.6.0.1
7fa2d59f7000-7fa2d5bf6000 ---p 00007000 08:02 32251302                   /usr/lib/x86_64-linux-gnu/libffi.so.6.0.1
7fa2d5bf6000-7fa2d5bf7000 r--p 00006000 08:02 32251302                   /usr/lib/x86_64-linux-gnu/libffi.so.6.0.1
7fa2d5bf7000-7fa2d5bf8000 rw-p 00007000 08:02 32251302                   /usr/lib/x86_64-linux-gnu/libffi.so.6.0.1
7fa2d5bf8000-7fa2d5c0f000 r-xp 00000000 08:02 28840168                   /lib/x86_64-linux-gnu/libresolv-2.19.so
7fa2d5c0f000-7fa2d5e0f000 ---p 00017000 08:02 28840168                   /lib/x86_64-linux-gnu/libresolv-2.19.so
7fa2d5e0f000-7fa2d5e10000 r--p 00017000 08:02 28840168                   /lib/x86_64-linux-gnu/libresolv-2.19.so
7fa2d5e10000-7fa2d5e11000 rw-p 00018000 08:02 28840168                   /lib/x86_64-linux-gnu/libresolv-2.19.so
7fa2d5e11000-7fa2d5e13000 rw-p 00000000 00:00 0 
7fa2d5e18000-7fa2d5e38000 r-xp 00000000 08:02 28840025                   /lib/x86_64-linux-gnu/libselinux.so.1
7fa2d5e38000-7fa2d6037000 ---p 00020000 08:02 28840025                   /lib/x86_64-linux-gnu/libselinux.so.1
7fa2d6037000-7fa2d6038000 r--p 0001f000 08:02 28840025                   /lib/x86_64-linux-gnu/libselinux.so.1
7fa2d6038000-7fa2d6039000 rw-p 00020000 08:02 28840025                   /lib/x86_64-linux-gnu/libselinux.so.1
7fa2d6039000-7fa2d603b000 rw-p 00000000 00:00 0 
7fa2d6040000-7fa2d6146000 r-xp 00000000 08:02 28839925                   /lib/x86_64-linux-gnu/libglib-2.0.so.0.4000.0
7fa2d6146000-7fa2d6345000 ---p 00106000 08:02 28839925                   /lib/x86_64-linux-gnu/libglib-2.0.so.0.4000.0
7fa2d6345000-7fa2d6346000 r--p 00105000 08:02 28839925                   /lib/x86_64-linux-gnu/libglib-2.0.so.0.4000.0
7fa2d6346000-7fa2d6347000 rw-p 00106000 08:02 28839925                   /lib/x86_64-linux-gnu/libglib-2.0.so.0.4000.0
7fa2d6347000-7fa2d6348000 rw-p 00000000 00:00 0 
7fa2d6348000-7fa2d634b000 r-xp 00000000 08:02 32251436                   /usr/lib/x86_64-linux-gnu/libgmodule-2.0.so.0.4000.0
7fa2d634b000-7fa2d654a000 ---p 00003000 08:02 32251436                   /usr/lib/x86_64-linux-gnu/libgmodule-2.0.so.0.4000.0
7fa2d654a000-7fa2d654b000 r--p 00002000 08:02 32251436                   /usr/lib/x86_64-linux-gnu/libgmodule-2.0.so.0.4000.0
7fa2d654b000-7fa2d654c000 rw-p 00003000 08:02 32251436                   /usr/lib/x86_64-linux-gnu/libgmodule-2.0.so.0.4000.0
7fa2d6550000-7fa2d6577000 r-xp 00000000 08:02 28839916                   /lib/x86_64-linux-gnu/libexpat.so.1.6.0
7fa2d6577000-7fa2d6777000 ---p 00027000 08:02 28839916                   /lib/x86_64-linux-gnu/libexpat.so.1.6.0
7fa2d6777000-7fa2d6779000 r--p 00027000 08:02 28839916                   /lib/x86_64-linux-gnu/libexpat.so.1.6.0
7fa2d6779000-7fa2d677a000 rw-p 00029000 08:02 28839916                   /lib/x86_64-linux-gnu/libexpat.so.1.6.0
7fa2d6780000-7fa2d681d000 r-xp 00000000 08:02 32251364                   /usr/lib/x86_64-linux-gnu/libfreetype.so.6.11.1
7fa2d681d000-7fa2d6a1c000 ---p 0009d000 08:02 32251364                   /usr/lib/x86_64-linux-gnu/libfreetype.so.6.11.1
7fa2d6a1c000-7fa2d6a22000 r--p 0009c000 08:02 32251364                   /usr/lib/x86_64-linux-gnu/libfreetype.so.6.11.1
7fa2d6a22000-7fa2d6a23000 rw-p 000a2000 08:02 32251364                   /usr/lib/x86_64-linux-gnu/libfreetype.so.6.11.1
7fa2d6a28000-7fa2d6a37000 r-xp 00000000 08:02 32251095                   /usr/lib/x86_64-linux-gnu/libavahi-client.so.3.2.9
7fa2d6a37000-7fa2d6c37000 ---p 0000f000 08:02 32251095                   /usr/lib/x86_64-linux-gnu/libavahi-client.so.3.2.9
7fa2d6c37000-7fa2d6c38000 r--p 0000f000 08:02 32251095                   /usr/lib/x86_64-linux-gnu/libavahi-client.so.3.2.9
7fa2d6c38000-7fa2d6c39000 rw-p 00010000 08:02 32251095                   /usr/lib/x86_64-linux-gnu/libavahi-client.so.3.2.9
7fa2d6c40000-7fa2d6c4b000 r-xp 00000000 08:02 32251097                   /usr/lib/x86_64-linux-gnu/libavahi-common.so.3.5.3
7fa2d6c4b000-7fa2d6e4a000 ---p 0000b000 08:02 32251097                   /usr/lib/x86_64-linux-gnu/libavahi-common.so.3.5.3
7fa2d6e4a000-7fa2d6e4b000 r--p 0000a000 08:02 32251097                   /usr/lib/x86_64-linux-gnu/libavahi-common.so.3.5.3
7fa2d6e4b000-7fa2d6e4c000 rw-p 0000b000 08:02 32251097                   /usr/lib/x86_64-linux-gnu/libavahi-common.so.3.5.3
7fa2d6e50000-7fa2d6f06000 r-xp 00000000 08:02 32251454                   /usr/lib/x86_64-linux-gnu/libgnutls.so.26.22.6
7fa2d6f06000-7fa2d7106000 ---p 000b6000 08:02 32251454                   /usr/lib/x86_64-linux-gnu/libgnutls.so.26.22.6
7fa2d7106000-7fa2d710c000 r--p 000b6000 08:02 32251454                   /usr/lib/x86_64-linux-gnu/libgnutls.so.26.22.6
7fa2d710c000-7fa2d710d000 rw-p 000bc000 08:02 32251454                   /usr/lib/x86_64-linux-gnu/libgnutls.so.26.22.6
7fa2d710d000-7fa2d710e000 rw-p 00000000 00:00 0 
7fa2d7110000-7fa2d7153000 r-xp 00000000 08:02 32251488                   /usr/lib/x86_64-linux-gnu/libgssapi_krb5.so.2.2
7fa2d7153000-7fa2d7353000 ---p 00043000 08:02 32251488                   /usr/lib/x86_64-linux-gnu/libgssapi_krb5.so.2.2
7fa2d7353000-7fa2d7354000 r--p 00043000 08:02 32251488                   /usr/lib/x86_64-linux-gnu/libgssapi_krb5.so.2.2
7fa2d7354000-7fa2d7356000 rw-p 00044000 08:02 32251488                   /usr/lib/x86_64-linux-gnu/libgssapi_krb5.so.2.2
7fa2d7358000-7fa2d7375000 r-xp 00000000 08:02 32252172                   /usr/lib/x86_64-linux-gnu/libxcb.so.1.1.0
7fa2d7375000-7fa2d7575000 ---p 0001d000 08:02 32252172                   /usr/lib/x86_64-linux-gnu/libxcb.so.1.1.0
7fa2d7575000-7fa2d7576000 r--p 0001d000 08:02 32252172                   /usr/lib/x86_64-linux-gnu/libxcb.so.1.1.0
7fa2d7576000-7fa2d7577000 rw-p 0001e000 08:02 32252172                   /usr/lib/x86_64-linux-gnu/libxcb.so.1.1.0
7fa2d7578000-7fa2d75c7000 r-xp 00000000 08:02 32251460                   /usr/lib/x86_64-linux-gnu/libgobject-2.0.so.0.4000.0
7fa2d75c7000-7fa2d77c7000 ---p 0004f000 08:02 32251460                   /usr/lib/x86_64-linux-gnu/libgobject-2.0.so.0.4000.0
7fa2d77c7000-7fa2d77c8000 r--p 0004f000 08:02 32251460                   /usr/lib/x86_64-linux-gnu/libgobject-2.0.so.0.4000.0
7fa2d77c8000-7fa2d77c9000 rw-p 00050000 08:02 32251460                   /usr/lib/x86_64-linux-gnu/libgobject-2.0.so.0.4000.0
7fa2d77d0000-7fa2d793b000 r-xp 00000000 08:02 32251420                   /usr/lib/x86_64-linux-gnu/libgio-2.0.so.0.4000.0
7fa2d793b000-7fa2d7b3b000 ---p 0016b000 08:02 32251420                   /usr/lib/x86_64-linux-gnu/libgio-2.0.so.0.4000.0
7fa2d7b3b000-7fa2d7b3f000 r--p 0016b000 08:02 32251420                   /usr/lib/x86_64-linux-gnu/libgio-2.0.so.0.4000.0
7fa2d7b3f000-7fa2d7b41000 rw-p 0016f000 08:02 32251420                   /usr/lib/x86_64-linux-gnu/libgio-2.0.so.0.4000.0
7fa2d7b41000-7fa2d7b43000 rw-p 00000000 00:00 0 
7fa2d7b48000-7fa2d7b82000 r-xp 00000000 08:02 32251336                   /usr/lib/x86_64-linux-gnu/libfontconfig.so.1.8.0
7fa2d7b82000-7fa2d7d81000 ---p 0003a000 08:02 32251336                   /usr/lib/x86_64-linux-gnu/libfontconfig.so.1.8.0
7fa2d7d81000-7fa2d7d83000 r--p 00039000 08:02 32251336                   /usr/lib/x86_64-linux-gnu/libfontconfig.so.1.8.0
7fa2d7d83000-7fa2d7d84000 rw-p 0003b000 08:02 32251336                   /usr/lib/x86_64-linux-gnu/libfontconfig.so.1.8.0
7fa2d7d88000-7fa2d7df4000 r-xp 00000000 08:02 32251194                   /usr/lib/x86_64-linux-gnu/libcups.so.2
7fa2d7df4000-7fa2d7ff4000 ---p 0006c000 08:02 32251194                   /usr/lib/x86_64-linux-gnu/libcups.so.2
7fa2d7ff4000-7fa2d7ffb000 r--p 0006c000 08:02 32251194                   /usr/lib/x86_64-linux-gnu/libcups.so.2
7fa2d7ffb000-7fa2d7ffc000 rw-p 00073000 08:02 32251194                   /usr/lib/x86_64-linux-gnu/libcups.so.2
7fa2d8000000-7fa2d87d4000 rw-p 00000000 00:00 0 
7fa2d87d4000-7fa2dc000000 ---p 00000000 00:00 0 
7fa2dc000000-7fa2dc021000 rw-p 00000000 00:00 0 
7fa2dc021000-7fa2e0000000 ---p 00000000 00:00 0 
7fa2e0000000-7fa2e0021000 rw-p 00000000 00:00 0 
7fa2e0021000-7fa2e4000000 ---p 00000000 00:00 0 
7fa2e4000000-7fa2e4505000 rw-p 00000000 00:00 0 
7fa2e4505000-7fa2e8000000 ---p 00000000 00:00 0 
7fa2e8000000-7fa2e8021000 rw-p 00000000 00:00 0 
7fa2e8021000-7fa2ec000000 ---p 00000000 00:00 0 
7fa2ec000000-7fa2ec021000 rw-p 00000000 00:00 0 
7fa2ec021000-7fa2f0000000 ---p 00000000 00:00 0 
7fa2f0000000-7fa2f0021000 rw-p 00000000 00:00 0 
7fa2f0021000-7fa2f4000000 ---p 00000000 00:00 0 
7fa2f4000000-7fa2f4021000 rw-p 00000000 00:00 0 
7fa2f4021000-7fa2f8000000 ---p 00000000 00:00 0 
7fa2f8000000-7fa2f8021000 rw-p 00000000 00:00 0 
7fa2f8021000-7fa2fc000000 ---p 00000000 00:00 0 
7fa2fc025000-7fa2fc065000 rw-p 00000000 00:00 0 
7fa2fc065000-7fa2fc066000 rw-s 00005000 00:05 9147                       /dev/ati/card0
7fa2fc06c000-7fa2fc0ac000 rw-s 00004000 00:05 9147                       /dev/ati/card0
7fa2fc0b0000-7fa2fc0b7000 r--s 00000000 08:02 32774436                   /usr/lib/x86_64-linux-gnu/gconv/gconv-modules.cache
7fa2fc0ba000-7fa2fc0bc000 rw-s 00002000 00:05 9147                       /dev/ati/card0
7fa2fc0c2000-7fa2fc0c4000 r--s 0002a000 08:02 29623525                   /home/bubeck/Documents/ProgStuff/JavaStuff/Warlocks/Warlocks/CodecJOrbis/CodecJOrbis.jar
7fa2fc0c6000-7fa2fc0c9000 ---p 00000000 00:00 0 
7fa2fc0c9000-7fa2fc0ff000 rw-p 00000000 00:00 0                          [stack:14185]
7fa2fc0ff000-7fa2fc102000 ---p 00000000 00:00 0 
7fa2fc102000-7fa2fc200000 rw-p 00000000 00:00 0                          [stack:14182]
7fa2fc200000-7fa2fc20f000 r-xp 00000000 08:02 32251010                   /usr/lib/x86_64-linux-gnu/libXi.so.6.1.0
7fa2fc20f000-7fa2fc40e000 ---p 0000f000 08:02 32251010                   /usr/lib/x86_64-linux-gnu/libXi.so.6.1.0
7fa2fc40e000-7fa2fc40f000 r--p 0000e000 08:02 32251010                   /usr/lib/x86_64-linux-gnu/libXi.so.6.1.0
7fa2fc40f000-7fa2fc410000 rw-p 0000f000 08:02 32251010                   /usr/lib/x86_64-linux-gnu/libXi.so.6.1.0
7fa2fc410000-7fa2fc415000 r-xp 00000000 08:02 32251028                   /usr/lib/x86_64-linux-gnu/libXtst.so.6.1.0
7fa2fc415000-7fa2fc614000 ---p 00005000 08:02 32251028                   /usr/lib/x86_64-linux-gnu/libXtst.so.6.1.0
7fa2fc614000-7fa2fc615000 r--p 00004000 08:02 32251028                   /usr/lib/x86_64-linux-gnu/libXtst.so.6.1.0
7fa2fc615000-7fa2fc616000 rw-p 00005000 08:02 32251028                   /usr/lib/x86_64-linux-gnu/libXtst.so.6.1.0
7fa2fc618000-7fa2fc621000 r-xp 00000000 08:02 32251022                   /usr/lib/x86_64-linux-gnu/libXrender.so.1.3.0
7fa2fc621000-7fa2fc820000 ---p 00009000 08:02 32251022                   /usr/lib/x86_64-linux-gnu/libXrender.so.1.3.0
7fa2fc820000-7fa2fc821000 r--p 00008000 08:02 32251022                   /usr/lib/x86_64-linux-gnu/libXrender.so.1.3.0
7fa2fc821000-7fa2fc822000 rw-p 00009000 08:02 32251022                   /usr/lib/x86_64-linux-gnu/libXrender.so.1.3.0
7fa2fc828000-7fa2fc958000 r-xp 00000000 08:02 32250985                   /usr/lib/x86_64-linux-gnu/libX11.so.6.3.0
7fa2fc958000-7fa2fcb58000 ---p 00130000 08:02 32250985                   /usr/lib/x86_64-linux-gnu/libX11.so.6.3.0
7fa2fcb58000-7fa2fcb59000 r--p 00130000 08:02 32250985                   /usr/lib/x86_64-linux-gnu/libX11.so.6.3.0
7fa2fcb59000-7fa2fcb5d000 rw-p 00131000 08:02 32250985                   /usr/lib/x86_64-linux-gnu/libX11.so.6.3.0
7fa2fcb60000-7fa2fcb71000 r-xp 00000000 08:02 32251002                   /usr/lib/x86_64-linux-gnu/libXext.so.6.4.0
7fa2fcb71000-7fa2fcd70000 ---p 00011000 08:02 32251002                   /usr/lib/x86_64-linux-gnu/libXext.so.6.4.0
7fa2fcd70000-7fa2fcd71000 r--p 00010000 08:02 32251002                   /usr/lib/x86_64-linux-gnu/libXext.so.6.4.0
7fa2fcd71000-7fa2fcd72000 rw-p 00011000 08:02 32251002                   /usr/lib/x86_64-linux-gnu/libXext.so.6.4.0
7fa2fcd78000-7fa2fcd7a000 r--s 00020000 08:02 29623249                   /home/bubeck/Documents/ProgStuff/JavaStuff/Warlocks/Warlocks/CodecJOgg/CodecJOgg.jar
7fa2fcd7d000-7fa2fcd7e000 r--s 00005000 08:02 29623024                   /home/bubeck/Documents/ProgStuff/JavaStuff/Warlocks/Warlocks/LibraryLWJGLOpenAL/LibraryLWJGLOpenAL.jar
7fa2fcd83000-7fa2fcd84000 r--s 00023000 08:02 29622977                   /home/bubeck/Documents/ProgStuff/JavaStuff/Warlocks/Warlocks/SoundSystem/SoundSystem.jar
7fa2fcd87000-7fa2fcd8a000 r--s 00017000 08:02 29622421                   /home/bubeck/Documents/ProgStuff/JavaStuff/Warlocks/Warlocks/slick/slick-util.jar
7fa2fcd8b000-7fa2fcd8e000 r--s 00013000 08:02 29622422                   /home/bubeck/Documents/ProgStuff/JavaStuff/Warlocks/Warlocks/slick/slick-util-src.zip
7fa2fcd91000-7fa2fcd9a000 r--s 000b9000 08:02 32377093                   /usr/lib/jvm/java-7-openjdk-amd64/jre/lib/resources.jar
7fa2fcda0000-7fa2fcde8000 r-xp 00000000 08:02 32374939                   /usr/lib/jvm/java-7-openjdk-amd64/jre/lib/amd64/xawt/libmawt.so
7fa2fcde8000-7fa2fcfe7000 ---p 00048000 08:02 32374939                   /usr/lib/jvm/java-7-openjdk-amd64/jre/lib/amd64/xawt/libmawt.so
7fa2fcfe7000-7fa2fcfe8000 r--p 00047000 08:02 32374939                   /usr/lib/jvm/java-7-openjdk-amd64/jre/lib/amd64/xawt/libmawt.so
7fa2fcfe8000-7fa2fcfeb000 rw-p 00048000 08:02 32374939                   /usr/lib/jvm/java-7-openjdk-amd64/jre/lib/amd64/xawt/libmawt.so
7fa2fcfeb000-7fa2fcfec000 rw-p 00000000 00:00 0 
7fa2fcff0000-7fa2fd090000 r-xp 00000000 08:02 32381396                   /usr/lib/jvm/java-7-openjdk-amd64/jre/lib/amd64/libawt.so
7fa2fd090000-7fa2fd290000 ---p 000a0000 08:02 32381396                   /usr/lib/jvm/java-7-openjdk-amd64/jre/lib/amd64/libawt.so
7fa2fd290000-7fa2fd291000 r--p 000a0000 08:02 32381396                   /usr/lib/jvm/java-7-openjdk-amd64/jre/lib/amd64/libawt.so
7fa2fd291000-7fa2fd29c000 rw-p 000a1000 08:02 32381396                   /usr/lib/jvm/java-7-openjdk-amd64/jre/lib/amd64/libawt.so
7fa2fd29c000-7fa2fd2c1000 rw-p 00000000 00:00 0 
7fa2fd2c2000-7fa2fd2d0000 r--s 000f2000 08:02 29622416                   /home/bubeck/Documents/ProgStuff/JavaStuff/Warlocks/Warlocks/slick/lwjgl.jar
7fa2fd2d7000-7fa2fd2db000 r--s 00027000 08:02 29622423                   /home/bubeck/Documents/ProgStuff/JavaStuff/Warlocks/Warlocks/slick/lwjgl_util.jar
7fa2fd2db000-7fa2fd2dc000 ---p 00000000 00:00 0 
7fa2fd2dc000-7fa2fd3dc000 rw-p 00000000 00:00 0 
7fa2fd3dc000-7fa2fd3df000 ---p 00000000 00:00 0 
7fa2fd3df000-7fa2fd4dd000 rw-p 00000000 00:00 0                          [stack:14179]
7fa2fd4dd000-7fa2fd4e0000 ---p 00000000 00:00 0 
7fa2fd4e0000-7fa2fd5de000 rw-p 00000000 00:00 0                          [stack:14178]
7fa2fd5de000-7fa2fd5e1000 ---p 00000000 00:00 0 
7fa2fd5e1000-7fa2fd6df000 rw-p 00000000 00:00 0                          [stack:14177]
7fa2fd6df000-7fa2fd6e2000 ---p 00000000 00:00 0 
7fa2fd6e2000-7fa2fd7e0000 rw-p 00000000 00:00 0 
7fa2fd7e0000-7fa2fdaa9000 r--p 00000000 08:02 32249739                   /usr/lib/locale/locale-archive
7fa2fdaa9000-7fa2fdaac000 ---p 00000000 00:00 0 
7fa2fdaac000-7fa2fdbaa000 rw-p 00000000 00:00 0                          [stack:14175]
7fa2fdbaa000-7fa2fdbad000 ---p 00000000 00:00 0 
7fa2fdbad000-7fa2fdcab000 rw-p 00000000 00:00 0                          [stack:14174]
7fa2fdcab000-7fa2fdcac000 ---p 00000000 00:00 0 
7fa2fdcac000-7fa301000000 rw-p 00000000 00:00 0                          [stack:14173]
7fa301000000-7fa301270000 rwxp 00000000 00:00 0 
7fa301270000-7fa304b46000 rw-p 00000000 00:00 0 
7fa304b46000-7fa308000000 ---p 00000000 00:00 0 
7fa308000000-7fa308001000 r--s 00008000 08:02 29622419                   /home/bubeck/Documents/ProgStuff/JavaStuff/Warlocks/Warlocks/slick/lwjgl_util_applet.jar
7fa308008000-7fa30800a000 r--s 00008000 08:02 29622414                   /home/bubeck/Documents/ProgStuff/JavaStuff/Warlocks/Warlocks/slick/ibxm.jar
7fa30800a000-7fa30800c000 r--s 00012000 08:02 32377080                   /usr/lib/jvm/java-7-openjdk-amd64/jre/lib/ext/zipfs.jar
7fa30800f000-7fa308012000 r--s 0000f000 08:02 32377072                   /usr/lib/jvm/java-7-openjdk-amd64/jre/lib/ext/pulse-java.jar
7fa308012000-7fa308015000 r--s 00032000 08:02 32377066                   /usr/lib/jvm/java-7-openjdk-amd64/jre/lib/ext/sunjce_provider.jar
7fa308015000-7fa308019000 r--s 00085000 08:02 32377086                   /usr/lib/jvm/java-7-openjdk-amd64/jre/lib/ext/localedata.jar
7fa30801a000-7fa30801b000 r--s 00002000 08:02 32377083                   /usr/lib/jvm/java-7-openjdk-amd64/jre/lib/ext/dnsns.jar
7fa308020000-7fa3086b1000 rw-p 00000000 00:00 0 
7fa3086b1000-7fa308862000 r--s 01d21000 08:02 32374954                   /usr/lib/jvm/java-7-openjdk-amd64/jre/lib/rt.jar
7fa308863000-7fa308c4f000 rw-p 00000000 00:00 0 
7fa308c4f000-7fa308c50000 ---p 00000000 00:00 0 
7fa308c50000-7fa308d50000 rw-p 00000000 00:00 0                          [stack:14172]
7fa308d50000-7fa308d51000 ---p 00000000 00:00 0 
7fa308d51000-7fa308e5c000 rw-p 00000000 00:00 0                          [stack:14171]
7fa308e5c000-7fa308ea4000 rw-p 00000000 00:00 0 
7fa308ea4000-7fa308ec0000 rw-p 00000000 00:00 0 
7fa308ec0000-7fa309064000 rw-p 00000000 00:00 0 
7fa309064000-7fa30906f000 rw-p 00000000 00:00 0 
7fa30906f000-7fa3090b7000 rw-p 00000000 00:00 0 
7fa3090b7000-7fa3090d3000 rw-p 00000000 00:00 0 
7fa3090d3000-7fa309277000 rw-p 00000000 00:00 0 
7fa309277000-7fa309290000 rw-p 00000000 00:00 0 
7fa309290000-7fa309357000 rw-p 00000000 00:00 0 
7fa309357000-7fa309358000 rw-p 00000000 00:00 0 
7fa309358000-7fa309360000 r-xp 00000000 08:02 32377153                   /usr/lib/jvm/java-7-openjdk-amd64/jre/lib/amd64/libzip.so
7fa309360000-7fa30955f000 ---p 00008000 08:02 32377153                   /usr/lib/jvm/java-7-openjdk-amd64/jre/lib/amd64/libzip.so
7fa30955f000-7fa309560000 r--p 00007000 08:02 32377153                   /usr/lib/jvm/java-7-openjdk-amd64/jre/lib/amd64/libzip.so
7fa309560000-7fa309561000 rw-p 00008000 08:02 32377153                   /usr/lib/jvm/java-7-openjdk-amd64/jre/lib/amd64/libzip.so
7fa309568000-7fa309573000 r-xp 00000000 08:02 28840182                   /lib/x86_64-linux-gnu/libnss_files-2.19.so
7fa309573000-7fa309772000 ---p 0000b000 08:02 28840182                   /lib/x86_64-linux-gnu/libnss_files-2.19.so
7fa309772000-7fa309773000 r--p 0000a000 08:02 28840182                   /lib/x86_64-linux-gnu/libnss_files-2.19.so
7fa309773000-7fa309774000 rw-p 0000b000 08:02 28840182                   /lib/x86_64-linux-gnu/libnss_files-2.19.so
7fa309778000-7fa309783000 r-xp 00000000 08:02 28840183                   /lib/x86_64-linux-gnu/libnss_nis-2.19.so
7fa309783000-7fa309982000 ---p 0000b000 08:02 28840183                   /lib/x86_64-linux-gnu/libnss_nis-2.19.so
7fa309982000-7fa309983000 r--p 0000a000 08:02 28840183                   /lib/x86_64-linux-gnu/libnss_nis-2.19.so
7fa309983000-7fa309984000 rw-p 0000b000 08:02 28840183                   /lib/x86_64-linux-gnu/libnss_nis-2.19.so
7fa309988000-7fa30999f000 r-xp 00000000 08:02 28840169                   /lib/x86_64-linux-gnu/libnsl-2.19.so
7fa30999f000-7fa309b9e000 ---p 00017000 08:02 28840169                   /lib/x86_64-linux-gnu/libnsl-2.19.so
7fa309b9e000-7fa309b9f000 r--p 00016000 08:02 28840169                   /lib/x86_64-linux-gnu/libnsl-2.19.so
7fa309b9f000-7fa309ba0000 rw-p 00017000 08:02 28840169                   /lib/x86_64-linux-gnu/libnsl-2.19.so
7fa309ba0000-7fa309ba2000 rw-p 00000000 00:00 0 
7fa309ba8000-7fa309bb1000 r-xp 00000000 08:02 28835855                   /lib/x86_64-linux-gnu/libnss_compat-2.19.so
7fa309bb1000-7fa309db0000 ---p 00009000 08:02 28835855                   /lib/x86_64-linux-gnu/libnss_compat-2.19.so
7fa309db0000-7fa309db1000 r--p 00008000 08:02 28835855                   /lib/x86_64-linux-gnu/libnss_compat-2.19.so
7fa309db1000-7fa309db2000 rw-p 00009000 08:02 28835855                   /lib/x86_64-linux-gnu/libnss_compat-2.19.so
7fa309db8000-7fa309de3000 r-xp 00000000 08:02 32377139                   /usr/lib/jvm/java-7-openjdk-amd64/jre/lib/amd64/libjava.so
7fa309de3000-7fa309fe3000 ---p 0002b000 08:02 32377139                   /usr/lib/jvm/java-7-openjdk-amd64/jre/lib/amd64/libjava.so
7fa309fe3000-7fa309fe4000 r--p 0002b000 08:02 32377139                   /usr/lib/jvm/java-7-openjdk-amd64/jre/lib/amd64/libjava.so
7fa309fe4000-7fa309fe6000 rw-p 0002c000 08:02 32377139                   /usr/lib/jvm/java-7-openjdk-amd64/jre/lib/amd64/libjava.so
7fa309fe8000-7fa309ff8000 r-xp 00000000 08:02 32381416                   /usr/lib/jvm/java-7-openjdk-amd64/jre/lib/amd64/libverify.so
7fa309ff8000-7fa30a1f7000 ---p 00010000 08:02 32381416                   /usr/lib/jvm/java-7-openjdk-amd64/jre/lib/amd64/libverify.so
7fa30a1f7000-7fa30a1f9000 r--p 0000f000 08:02 32381416                   /usr/lib/jvm/java-7-openjdk-amd64/jre/lib/amd64/libverify.so
7fa30a1f9000-7fa30a1fa000 rw-p 00011000 08:02 32381416                   /usr/lib/jvm/java-7-openjdk-amd64/jre/lib/amd64/libverify.so
7fa30a200000-7fa30a207000 r-xp 00000000 08:02 28840171                   /lib/x86_64-linux-gnu/librt-2.19.so
7fa30a207000-7fa30a406000 ---p 00007000 08:02 28840171                   /lib/x86_64-linux-gnu/librt-2.19.so
7fa30a406000-7fa30a407000 r--p 00006000 08:02 28840171                   /lib/x86_64-linux-gnu/librt-2.19.so
7fa30a407000-7fa30a408000 rw-p 00007000 08:02 28840171                   /lib/x86_64-linux-gnu/librt-2.19.so
7fa30a408000-7fa30a41e000 r-xp 00000000 08:02 28835869                   /lib/x86_64-linux-gnu/libgcc_s.so.1
7fa30a41e000-7fa30a61d000 ---p 00016000 08:02 28835869                   /lib/x86_64-linux-gnu/libgcc_s.so.1
7fa30a61d000-7fa30a61e000 rw-p 00015000 08:02 28835869                   /lib/x86_64-linux-gnu/libgcc_s.so.1
7fa30a620000-7fa30a725000 r-xp 00000000 08:02 28840178                   /lib/x86_64-linux-gnu/libm-2.19.so
7fa30a725000-7fa30a924000 ---p 00105000 08:02 28840178                   /lib/x86_64-linux-gnu/libm-2.19.so
7fa30a924000-7fa30a925000 r--p 00104000 08:02 28840178                   /lib/x86_64-linux-gnu/libm-2.19.so
7fa30a925000-7fa30a926000 rw-p 00105000 08:02 28840178                   /lib/x86_64-linux-gnu/libm-2.19.so
7fa30a928000-7fa30aa0e000 r-xp 00000000 08:02 32252013                   /usr/lib/x86_64-linux-gnu/libstdc++.so.6.0.19
7fa30aa0e000-7fa30ac0d000 ---p 000e6000 08:02 32252013                   /usr/lib/x86_64-linux-gnu/libstdc++.so.6.0.19
7fa30ac0d000-7fa30ac15000 r--p 000e5000 08:02 32252013                   /usr/lib/x86_64-linux-gnu/libstdc++.so.6.0.19
7fa30ac15000-7fa30ac17000 rw-p 000ed000 08:02 32252013                   /usr/lib/x86_64-linux-gnu/libstdc++.so.6.0.19
7fa30ac17000-7fa30ac2c000 rw-p 00000000 00:00 0 
7fa30ac30000-7fa30b746000 r-xp 00000000 08:02 32381406                   /usr/lib/jvm/java-7-openjdk-amd64/jre/lib/amd64/server/libjvm.so
7fa30b746000-7fa30b945000 ---p 00b16000 08:02 32381406                   /usr/lib/jvm/java-7-openjdk-amd64/jre/lib/amd64/server/libjvm.so
7fa30b945000-7fa30b9df000 r--p 00b15000 08:02 32381406                   /usr/lib/jvm/java-7-openjdk-amd64/jre/lib/amd64/server/libjvm.so
7fa30b9df000-7fa30ba02000 rw-p 00baf000 08:02 32381406                   /usr/lib/jvm/java-7-openjdk-amd64/jre/lib/amd64/server/libjvm.so
7fa30ba02000-7fa30ba30000 rw-p 00000000 00:00 0 
7fa30ba30000-7fa30ba48000 r-xp 00000000 08:02 28840058                   /lib/x86_64-linux-gnu/libz.so.1.2.8
7fa30ba48000-7fa30bc47000 ---p 00018000 08:02 28840058                   /lib/x86_64-linux-gnu/libz.so.1.2.8
7fa30bc47000-7fa30bc48000 r--p 00017000 08:02 28840058                   /lib/x86_64-linux-gnu/libz.so.1.2.8
7fa30bc48000-7fa30bc49000 rw-p 00018000 08:02 28840058                   /lib/x86_64-linux-gnu/libz.so.1.2.8
7fa30bc50000-7fa30bc69000 r-xp 00000000 08:02 28840188                   /lib/x86_64-linux-gnu/libpthread-2.19.so
7fa30bc69000-7fa30be68000 ---p 00019000 08:02 28840188                   /lib/x86_64-linux-gnu/libpthread-2.19.so
7fa30be68000-7fa30be69000 r--p 00018000 08:02 28840188                   /lib/x86_64-linux-gnu/libpthread-2.19.so
7fa30be69000-7fa30be6a000 rw-p 00019000 08:02 28840188                   /lib/x86_64-linux-gnu/libpthread-2.19.so
7fa30be6a000-7fa30be6e000 rw-p 00000000 00:00 0 
7fa30be70000-7fa30be73000 r-xp 00000000 08:02 28840187                   /lib/x86_64-linux-gnu/libdl-2.19.so
7fa30be73000-7fa30c072000 ---p 00003000 08:02 28840187                   /lib/x86_64-linux-gnu/libdl-2.19.so
7fa30c072000-7fa30c073000 r--p 00002000 08:02 28840187                   /lib/x86_64-linux-gnu/libdl-2.19.so
7fa30c073000-7fa30c074000 rw-p 00003000 08:02 28840187                   /lib/x86_64-linux-gnu/libdl-2.19.so
7fa30c078000-7fa30c233000 r-xp 00000000 08:02 28840175                   /lib/x86_64-linux-gnu/libc-2.19.so
7fa30c233000-7fa30c433000 ---p 001bb000 08:02 28840175                   /lib/x86_64-linux-gnu/libc-2.19.so
7fa30c433000-7fa30c437000 r--p 001bb000 08:02 28840175                   /lib/x86_64-linux-gnu/libc-2.19.so
7fa30c437000-7fa30c439000 rw-p 001bf000 08:02 28840175                   /lib/x86_64-linux-gnu/libc-2.19.so
7fa30c439000-7fa30c43e000 rw-p 00000000 00:00 0 
7fa30c440000-7fa30c44d000 r-xp 00000000 08:02 32381419                   /usr/lib/jvm/java-7-openjdk-amd64/jre/lib/amd64/jli/libjli.so
7fa30c44d000-7fa30c64c000 ---p 0000d000 08:02 32381419                   /usr/lib/jvm/java-7-openjdk-amd64/jre/lib/amd64/jli/libjli.so
7fa30c64c000-7fa30c64d000 r--p 0000c000 08:02 32381419                   /usr/lib/jvm/java-7-openjdk-amd64/jre/lib/amd64/jli/libjli.so
7fa30c64d000-7fa30c64e000 rw-p 0000d000 08:02 32381419                   /usr/lib/jvm/java-7-openjdk-amd64/jre/lib/amd64/jli/libjli.so
7fa30c650000-7fa30c673000 r-xp 00000000 08:02 28840176                   /lib/x86_64-linux-gnu/ld-2.19.so
7fa30c676000-7fa30c678000 r--s 00006000 08:02 32773116                   /usr/share/java/java-atk-wrapper.jar
7fa30c67c000-7fa30c67f000 r--s 0003c000 08:02 32377075                   /usr/lib/jvm/java-7-openjdk-amd64/jre/lib/ext/sunpkcs11.jar
7fa30c682000-7fa30c6aa000 rw-p 00000000 00:00 0 
7fa30c6aa000-7fa30c760000 rw-p 00000000 00:00 0 
7fa30c760000-7fa30c768000 rw-s 00000000 08:02 44827150                   /tmp/hsperfdata_bubeck/14165
7fa30c76a000-7fa30c76c000 rw-p 00000000 00:00 0 
7fa30c76c000-7fa30c76d000 ---p 00000000 00:00 0 
7fa30c76d000-7fa30c770000 ---p 00000000 00:00 0 
7fa30c770000-7fa30c872000 rw-p 00000000 00:00 0                          [stack:14170]
7fa30c872000-7fa30c873000 r--p 00022000 08:02 28840176                   /lib/x86_64-linux-gnu/ld-2.19.so
7fa30c873000-7fa30c874000 rw-p 00023000 08:02 28840176                   /lib/x86_64-linux-gnu/ld-2.19.so
7fa30c874000-7fa30c876000 rw-p 00000000 00:00 0 
7fa30c876000-7fa30c878000 rw-p 00000000 00:00 0 
7fff9439e000-7fff943bf000 rw-p 00000000 00:00 0                          [stack]
7fff943e8000-7fff943ea000 r-xp 00000000 00:00 0                          [vdso]
ffffffffff600000-ffffffffff601000 r-xp 00000000 00:00 0                  [vsyscall]

VM Arguments:
jvm_args: -Djava.library.path=/home/bubeck/Documents/ProgStuff/JavaStuff/Warlocks/Warlocks/lwjgl-2.9.3/native/linux -Dfile.encoding=UTF-8 
java_command: basic.Main
Launcher Type: SUN_STANDARD

Environment Variables:
PATH=/usr/local/sbin:/usr/local/bin:/usr/sbin:/usr/bin:/sbin:/bin:/usr/games:/usr/local/games
USERNAME=bubeck
SHELL=/bin/bash
DISPLAY=:0

Signal Handlers:
SIGSEGV: [libjvm.so+0x949180], sa_mask[0]=0x7ffbfeff, sa_flags=0x10000004
SIGBUS: [libjvm.so+0x949180], sa_mask[0]=0x7ffbfeff, sa_flags=0x10000004
SIGFPE: [libjvm.so+0x7c2ec0], sa_mask[0]=0x7ffbfeff, sa_flags=0x10000004
SIGPIPE: [libjvm.so+0x7c2ec0], sa_mask[0]=0x7ffbfeff, sa_flags=0x10000004
SIGXFSZ: [libjvm.so+0x7c2ec0], sa_mask[0]=0x7ffbfeff, sa_flags=0x10000004
SIGILL: [libjvm.so+0x7c2ec0], sa_mask[0]=0x7ffbfeff, sa_flags=0x10000004
SIGUSR1: SIG_DFL, sa_mask[0]=0x00000000, sa_flags=0x00000000
SIGUSR2: [libjvm.so+0x7c2d60], sa_mask[0]=0x00000004, sa_flags=0x10000004
SIGHUP: [libjvm.so+0x7c2f40], sa_mask[0]=0x7ffbfeff, sa_flags=0x10000004
SIGINT: [libjvm.so+0x7c2f40], sa_mask[0]=0x7ffbfeff, sa_flags=0x10000004
SIGTERM: [libjvm.so+0x7c2f40], sa_mask[0]=0x7ffbfeff, sa_flags=0x10000004
SIGQUIT: [libjvm.so+0x7c2f40], sa_mask[0]=0x7ffbfeff, sa_flags=0x10000004
SIGTRAP: SIG_DFL, sa_mask[0]=0x00000000, sa_flags=0x00000000


---------------  S Y S T E M  ---------------

OS:LinuxMint 17 (qiana)
uname:Linux 3.13.0-24-generic #46-Ubuntu SMP Thu Apr 10 19:11:08 UTC 2014 x86_64
libc:glibc 2.19 NPTL 2.19 
rlimit: STACK 8192k, CORE 0k, NPROC 42325, NOFILE 4096, AS infinity
load average:1.07 0.83 0.85

/proc/meminfo:
MemTotal:        5500824 kB
MemFree:          521796 kB
Buffers:           39440 kB
Cached:           558284 kB
SwapCached:       341900 kB
Active:          2858820 kB
Inactive:        1321484 kB
Active(anon):    2503316 kB
Inactive(anon):  1116184 kB
Active(file):     355504 kB
Inactive(file):   205300 kB
Unevictable:           0 kB
Mlocked:               0 kB
SwapTotal:       5736444 kB
SwapFree:        3964568 kB
Dirty:               568 kB
Writeback:             0 kB
AnonPages:       3314836 kB
Mapped:           396068 kB
Shmem:             36772 kB
Slab:             223096 kB
SReclaimable:     128216 kB
SUnreclaim:        94880 kB
KernelStack:        4384 kB
PageTables:        39068 kB
NFS_Unstable:          0 kB
Bounce:                0 kB
WritebackTmp:          0 kB
CommitLimit:     8486856 kB
Committed_AS:    7900220 kB
VmallocTotal:   34359738367 kB
VmallocUsed:      112644 kB
VmallocChunk:   34359585160 kB
HardwareCorrupted:     0 kB
AnonHugePages:    593920 kB
HugePages_Total:       0
HugePages_Free:        0
HugePages_Rsvd:        0
HugePages_Surp:        0
Hugepagesize:       2048 kB
DirectMap4k:     4719360 kB
DirectMap2M:     1017856 kB
DirectMap1G:           0 kB


CPU:total 2 (2 cores per cpu, 1 threads per core) family 21 model 16 stepping 1, cmov, cx8, fxsr, mmx, sse, sse2, sse3, ssse3, sse4.1, sse4.2, popcnt, avx, aes, mmxext, 3dnowpref, lzcnt, sse4a, tsc, tscinvbit, tscinv

/proc/cpuinfo:
processor	: 0
vendor_id	: AuthenticAMD
cpu family	: 21
model		: 16
model name	: AMD A4-4300M APU with Radeon(tm) HD Graphics
stepping	: 1
microcode	: 0x6001116
cpu MHz		: 2500.000
cache size	: 1024 KB
physical id	: 0
siblings	: 2
core id		: 0
cpu cores	: 1
apicid		: 16
initial apicid	: 0
fpu		: yes
fpu_exception	: yes
cpuid level	: 13
wp		: yes
flags		: fpu vme de pse tsc msr pae mce cx8 apic sep mtrr pge mca cmov pat pse36 clflush mmx fxsr sse sse2 ht syscall nx mmxext fxsr_opt pdpe1gb rdtscp lm constant_tsc rep_good nopl nonstop_tsc extd_apicid aperfmperf pni pclmulqdq monitor ssse3 fma cx16 sse4_1 sse4_2 popcnt aes xsave avx f16c lahf_lm cmp_legacy svm extapic cr8_legacy abm sse4a misalignsse 3dnowprefetch osvw ibs xop skinit wdt lwp fma4 tce nodeid_msr tbm topoext perfctr_core perfctr_nb arat cpb hw_pstate npt lbrv svm_lock nrip_save tsc_scale vmcb_clean flushbyasid decodeassists pausefilter pfthreshold bmi1
bogomips	: 4990.24
TLB size	: 1536 4K pages
clflush size	: 64
cache_alignment	: 64
address sizes	: 48 bits physical, 48 bits virtual
power management: ts ttp tm 100mhzsteps hwpstate cpb eff_freq_ro

processor	: 1
vendor_id	: AuthenticAMD
cpu family	: 21
model		: 16
model name	: AMD A4-4300M APU with Radeon(tm) HD Graphics   
stepping	: 1
microcode	: 0x6001116
cpu MHz		: 2500.000
cache size	: 1024 KB
physical id	: 0
siblings	: 2
core id		: 1
cpu cores	: 1
apicid		: 17
initial apicid	: 1
fpu		: yes
fpu_exception	: yes
cpuid level	: 13
wp		: yes
flags		: fpu vme de pse tsc msr pae mce cx8 apic sep mtrr pge mca cmov pat pse36 clflush mmx fxsr sse sse2 ht syscall nx mmxext fxsr_opt pdpe1gb rdtscp lm constant_tsc rep_good nopl nonstop_tsc extd_apicid aperfmperf pni pclmulqdq monitor ssse3 fma cx16 sse4_1 sse4_2 popcnt aes xsave avx f16c lahf_lm cmp_legacy svm extapic cr8_legacy abm sse4a misalignsse 3dnowprefetch osvw ibs xop skinit wdt lwp fma4 tce nodeid_msr tbm topoext perfctr_core perfctr_nb arat cpb hw_pstate npt lbrv svm_lock nrip_save tsc_scale vmcb_clean flushbyasid decodeassists pausefilter pfthreshold bmi1
bogomips	: 4990.24
TLB size	: 1536 4K pages
clflush size	: 64
cache_alignment	: 64
address sizes	: 48 bits physical, 48 bits virtual
power management: ts ttp tm 100mhzsteps hwpstate cpb eff_freq_ro



Memory: 4k page, physical 5500824k(521796k free), swap 5736444k(3964568k free)

vm_info: OpenJDK 64-Bit Server VM (24.65-b04) for linux-amd64 JRE (1.7.0_65-b32), built on Sep 10 2014 05:56:05 by "buildd" with gcc 4.8.2

time: Mon Mar 30 17:54:25 2015
elapsed time: 3 seconds

