#
# A fatal error has been detected by the Java Runtime Environment:
#
#  SIGSEGV (0xb) at pc=0x00007fe7eb616f2e, pid=32325, tid=140632758413056
#
# JRE version: OpenJDK Runtime Environment (7.0_65-b32) (build 1.7.0_65-b32)
# Java VM: OpenJDK 64-Bit Server VM (24.65-b04 mixed mode linux-amd64 compressed oops)
# Derivative: IcedTea 2.5.2
# Distribution: Ubuntu 14.04 LTS, package 7u65-2.5.2-3~14.04
# Problematic frame:
# C  [libpthread.so.0+0xef2e]  __lll_lock_wait+0x1e
#
# Failed to write core dump. Core dumps have been disabled. To enable core dumping, try "ulimit -c unlimited" before starting Java again
#
# If you would like to submit a bug report, please include
# instructions on how to reproduce the bug and visit:
#   http://icedtea.classpath.org/bugzilla
# The crash happened outside the Java Virtual Machine in native code.
# See problematic frame for where to report the bug.
#

---------------  T H R E A D  ---------------

Current thread (0x00007fe798001800):  JavaThread "Thread-2" [_thread_in_native, id=32351, stack(0x00007fe79d8be000,0x00007fe79d9bf000)]

siginfo:si_signo=SIGSEGV: si_errno=0, si_code=1 (SEGV_MAPERR), si_addr=0x00007fe79d8b7a40

Registers:
RAX=0x0000000000000002, RBX=0x0000000000000000, RCX=0xffffffffffffffff, RDX=0x0000000000000002
RSP=0x00007fe79d9bd6f8, RBP=0x0000000000001016, RSI=0x0000000000000080, RDI=0x00007fe79d8b7a40
R8 =0x00007fe79d8b7a40, R9 =0x0000000000000000, R10=0x0000000000000000, R11=0x0000000000000202
R12=0x0000000000000001, R13=0x00007fe79d9bd7ec, R14=0x00007fe79d9bd878, R15=0x00007fe798001800
RIP=0x00007fe7eb616f2e, EFLAGS=0x0000000000010202, CSGSFS=0x34fb000000000033, ERR=0x0000000000000006
  TRAPNO=0x000000000000000e

Top of Stack: (sp=0x00007fe79d9bd6f8)
0x00007fe79d9bd6f8:   0000000000000000 00007fe7e101272c
0x00007fe79d9bd708:   00007fe7eb612672 0000000000000007
0x00007fe79d9bd718:   0000000000000000 00007fe79d9bd7b0
0x00007fe79d9bd728:   00007fe7ebb3946d 00007fe79d9bd7b0
0x00007fe79d9bd738:   00007fe7eadb3da0 0000000000000001
0x00007fe79d9bd748:   000007fe79800180 00007fe79d9bd770
0x00007fe79d9bd758:   00007fe798001f00 000221f314eaecfd
0x00007fe79d9bd768:   0000000000000000 00000000000928d5
0x00007fe79d9bd778:   000000003390dafd 00007fe798038280
0x00007fe79d9bd788:   0000000000000014 0000000000000000
0x00007fe79d9bd798:   00007fe79d67d3f4 00000000a21c6f50
0x00007fe79d9bd7a8:   00007fe79d677585 00007fe79d9bd7e0
0x00007fe79d9bd7b8:   00000000a21c6f50 00007fe79d9bd850
0x00007fe79d9bd7c8:   0000000000000000 00000000a21c6f50
0x00007fe79d9bd7d8:   00007fe7aeaa50d3 000000003f800000
0x00007fe79d9bd7e8:   00007fe7e1012c6c 0000000000000005
0x00007fe79d9bd7f8:   00007fe7e1012758 00007fe79d9bd801
0x00007fe79d9bd808:   0000000000000000 00007fe79d9bd810
0x00007fe79d9bd818:   0000000000000000 00007fe79d9bd878
0x00007fe79d9bd828:   00000000a21c9f68 0000000000000000
0x00007fe79d9bd838:   00000000a21c6f50 0000000000000000
0x00007fe79d9bd848:   00007fe79d9bd870 00007fe79d9bd8c0
0x00007fe79d9bd858:   00007fe7e10061d4 00000000e6ab1708
0x00007fe79d9bd868:   00007fe7e100ecd6 0000000000001016
0x00007fe79d9bd878:   0000000000000001 00007fe79d9bd880
0x00007fe79d9bd888:   00000000a21c6e5a 00007fe79d9bd8e0
0x00007fe79d9bd898:   00000000a21c9f68 0000000000000000
0x00007fe79d9bd8a8:   00000000a21c6e90 00007fe79d9bd870
0x00007fe79d9bd8b8:   00007fe79d9bd8d8 00007fe79d9bd928
0x00007fe79d9bd8c8:   00007fe7e10061d4 0000000000000000
0x00007fe79d9bd8d8:   0000000000001016 0000000000000001
0x00007fe79d9bd8e8:   00007fe79d9bd8e8 00000000a21b50f5 

Instructions: (pc=0x00007fe7eb616f2e)
0x00007fe7eb616f0e:   00 00 41 52 52 4d 31 d2 ba 02 00 00 00 81 f6 80
0x00007fe7eb616f1e:   00 00 00 39 d0 75 07 b8 ca 00 00 00 0f 05 89 d0
0x00007fe7eb616f2e:   87 07 85 c0 75 f1 5a 41 5a c3 0f 1f 84 00 00 00
0x00007fe7eb616f3e:   00 00 83 3d d9 e4 20 00 00 74 4b 48 83 3a 00 78 

Register to memory mapping:

RAX=0x0000000000000002 is an unknown value
RBX=0x0000000000000000 is an unknown value
RCX=0xffffffffffffffff is an unknown value
RDX=0x0000000000000002 is an unknown value
RSP=0x00007fe79d9bd6f8 is pointing into the stack for thread: 0x00007fe798001800
RBP=0x0000000000001016 is an unknown value
RSI=0x0000000000000080 is an unknown value
RDI=0x00007fe79d8b7a40 is an unknown value
R8 =0x00007fe79d8b7a40 is an unknown value
R9 =0x0000000000000000 is an unknown value
R10=0x0000000000000000 is an unknown value
R11=0x0000000000000202 is an unknown value
R12=0x0000000000000001 is an unknown value
R13=0x00007fe79d9bd7ec is pointing into the stack for thread: 0x00007fe798001800
R14=0x00007fe79d9bd878 is pointing into the stack for thread: 0x00007fe798001800
R15=0x00007fe798001800 is a thread


Stack: [0x00007fe79d8be000,0x00007fe79d9bf000],  sp=0x00007fe79d9bd6f8,  free space=1021k
Native frames: (J=compiled Java code, j=interpreted, Vv=VM code, C=native code)
C  [libpthread.so.0+0xef2e]  __lll_lock_wait+0x1e

Java frames: (J=compiled Java code, j=interpreted, Vv=VM code)
j  org.lwjgl.openal.AL10.nalGetSourcei(II)I+0
j  org.lwjgl.openal.AL10.alGetSourcei(II)I+2
j  paulscode.sound.libraries.ChannelLWJGLOpenAL.buffersProcessed()I+21
j  paulscode.sound.Source.stream()Z+110
j  paulscode.sound.StreamThread.run()V+160
v  ~StubRoutines::call_stub

---------------  P R O C E S S  ---------------

Java Threads: ( => current thread )
  0x00007fe7e4ac3000 JavaThread "XToolkt-Shutdown-Thread" [_thread_blocked, id=32356, stack(0x00007fe7934c7000,0x00007fe7935c8000)]
=>0x00007fe798001800 JavaThread "Thread-2" [_thread_in_native, id=32351, stack(0x00007fe79d8be000,0x00007fe79d9bf000)]
  0x00007fe7e49f1800 JavaThread "Thread-1" [_thread_blocked, id=32350, stack(0x00007fe79d9bf000,0x00007fe79dac0000)]
  0x00007fe7e41cf000 JavaThread "process reaper" daemon [_thread_blocked, id=32345, stack(0x00007fe7dc096000,0x00007fe7dc0cf000)]
  0x00007fe7e41c9000 JavaThread "AWT-XAWT" daemon [_thread_in_native, id=32343, stack(0x00007fe7b4107000,0x00007fe7b4208000)]
  0x00007fe7e41aa000 JavaThread "Java2D Disposer" daemon [_thread_blocked, id=32342, stack(0x00007fe7dc0cf000,0x00007fe7dc1d0000)]
  0x00007fe7e40a2800 JavaThread "Service Thread" daemon [_thread_blocked, id=32339, stack(0x00007fe7dcd94000,0x00007fe7dce95000)]
  0x00007fe7e40a0000 JavaThread "C2 CompilerThread1" daemon [_thread_blocked, id=32338, stack(0x00007fe7dce95000,0x00007fe7dcf96000)]
  0x00007fe7e409d000 JavaThread "C2 CompilerThread0" daemon [_thread_blocked, id=32337, stack(0x00007fe7dcf96000,0x00007fe7dd097000)]
  0x00007fe7e409b000 JavaThread "Signal Dispatcher" daemon [_thread_blocked, id=32336, stack(0x00007fe7dd097000,0x00007fe7dd198000)]
  0x00007fe7e4078000 JavaThread "Finalizer" daemon [_thread_blocked, id=32335, stack(0x00007fe7dd461000,0x00007fe7dd562000)]
  0x00007fe7e4076000 JavaThread "Reference Handler" daemon [_thread_blocked, id=32334, stack(0x00007fe7dd562000,0x00007fe7dd663000)]
  0x00007fe7e400a800 JavaThread "main" [_thread_blocked, id=32330, stack(0x00007fe7ec125000,0x00007fe7ec226000)]

Other Threads:
  0x00007fe7e4071800 VMThread [stack: 0x00007fe7dd663000,0x00007fe7dd764000] [id=32333]

VM state:at safepoint (normal execution)

VM Mutex/Monitor currently owned by a thread:  ([mutex/lock_event])
[0x00007fe7e4006e80] Threads_lock - owner thread: 0x00007fe7e4071800

Heap
 PSYoungGen      total 46592K, used 28720K [0x00000000e4000000, 0x00000000e9b00000, 0x0000000100000000)
  eden space 43008K, 60% used [0x00000000e4000000,0x00000000e5942570,0x00000000e6a00000)
  from space 3584K, 79% used [0x00000000e6a00000,0x00000000e6cc9ac0,0x00000000e6d80000)
  to   space 3584K, 0% used [0x00000000e9780000,0x00000000e9780000,0x00000000e9b00000)
 ParOldGen       total 57344K, used 16K [0x00000000ac000000, 0x00000000af800000, 0x00000000e4000000)
  object space 57344K, 0% used [0x00000000ac000000,0x00000000ac004000,0x00000000af800000)
 PSPermGen       total 21504K, used 8532K [0x00000000a1a00000, 0x00000000a2f00000, 0x00000000ac000000)
  object space 21504K, 39% used [0x00000000a1a00000,0x00000000a22550c8,0x00000000a2f00000)

Card table byte_map: [0x00007fe7e8a1c000,0x00007fe7e8d10000] byte_map_base: 0x00007fe7e850f000

Polling page: 0x00007fe7ec124000

Code Cache  [0x00007fe7e1000000, 0x00007fe7e1270000, 0x00007fe7e4000000)
 total_blobs=616 nmethods=123 adapters=447 free_code_cache=48283Kb largest_free_block=49421568

Compilation events (10 events):
Event: 13.130 Thread 0x00007fe7e40a0000  119             java.util.concurrent.locks.AbstractOwnableSynchronizer::setExclusiveOwnerThread (6 bytes)
Event: 13.131 Thread 0x00007fe7e40a0000 nmethod 119 0x00007fe7e10d6e50 code [0x00007fe7e10d6f80, 0x00007fe7e10d6ff8]
Event: 14.963 Thread 0x00007fe7e40a0000  120             java.util.concurrent.locks.AbstractQueuedSynchronizer::getState (5 bytes)
Event: 14.963 Thread 0x00007fe7e40a0000 nmethod 120 0x00007fe7e10d6c50 code [0x00007fe7e10d6d80, 0x00007fe7e10d6dd8]
Event: 15.463 Thread 0x00007fe7e409d000  121             org.lwjgl.opengl.LinuxMouse::poll (106 bytes)
Event: 15.477 Thread 0x00007fe7e409d000 nmethod 121 0x00007fe7e10d6490 code [0x00007fe7e10d6600, 0x00007fe7e10d6938]
Event: 15.562 Thread 0x00007fe7e40a0000  122             java.nio.HeapByteBuffer::ix (7 bytes)
Event: 15.563 Thread 0x00007fe7e40a0000 nmethod 122 0x00007fe7e10d6290 code [0x00007fe7e10d63c0, 0x00007fe7e10d6418]
Event: 16.883 Thread 0x00007fe7e40a0000  123             java.util.concurrent.locks.AbstractOwnableSynchronizer::getExclusiveOwnerThread (5 bytes)
Event: 16.883 Thread 0x00007fe7e40a0000 nmethod 123 0x00007fe7e10d6090 code [0x00007fe7e10d61c0, 0x00007fe7e10d6218]

GC Heap History (10 events):
Event: 2.298 GC heap before
{Heap before GC invocations=1 (full 0):
 PSYoungGen      total 25088K, used 21443K [0x00000000e4000000, 0x00000000e5c00000, 0x0000000100000000)
  eden space 21504K, 99% used [0x00000000e4000000,0x00000000e54f0c48,0x00000000e5500000)
  from space 3584K, 0% used [0x00000000e5880000,0x00000000e5880000,0x00000000e5c00000)
  to   space 3584K, 0% used [0x00000000e5500000,0x00000000e5500000,0x00000000e5880000)
 ParOldGen       total 57344K, used 0K [0x00000000ac000000, 0x00000000af800000, 0x00000000e4000000)
  object space 57344K, 0% used [0x00000000ac000000,0x00000000ac000000,0x00000000af800000)
 PSPermGen       total 21504K, used 8367K [0x00000000a1a00000, 0x00000000a2f00000, 0x00000000ac000000)
  object space 21504K, 38% used [0x00000000a1a00000,0x00000000a222bea0,0x00000000a2f00000)
Event: 2.316 GC heap after
Heap after GC invocations=1 (full 0):
 PSYoungGen      total 25088K, used 2758K [0x00000000e4000000, 0x00000000e5c00000, 0x0000000100000000)
  eden space 21504K, 0% used [0x00000000e4000000,0x00000000e4000000,0x00000000e5500000)
  from space 3584K, 76% used [0x00000000e5500000,0x00000000e57b1a48,0x00000000e5880000)
  to   space 3584K, 0% used [0x00000000e5880000,0x00000000e5880000,0x00000000e5c00000)
 ParOldGen       total 57344K, used 8K [0x00000000ac000000, 0x00000000af800000, 0x00000000e4000000)
  object space 57344K, 0% used [0x00000000ac000000,0x00000000ac002000,0x00000000af800000)
 PSPermGen       total 21504K, used 8367K [0x00000000a1a00000, 0x00000000a2f00000, 0x00000000ac000000)
  object space 21504K, 38% used [0x00000000a1a00000,0x00000000a222bea0,0x00000000a2f00000)
}
Event: 2.450 GC heap before
{Heap before GC invocations=2 (full 0):
 PSYoungGen      total 25088K, used 24080K [0x00000000e4000000, 0x00000000e5c00000, 0x0000000100000000)
  eden space 21504K, 99% used [0x00000000e4000000,0x00000000e54d27c0,0x00000000e5500000)
  from space 3584K, 76% used [0x00000000e5500000,0x00000000e57b1a48,0x00000000e5880000)
  to   space 3584K, 0% used [0x00000000e5880000,0x00000000e5880000,0x00000000e5c00000)
 ParOldGen       total 57344K, used 8K [0x00000000ac000000, 0x00000000af800000, 0x00000000e4000000)
  object space 57344K, 0% used [0x00000000ac000000,0x00000000ac002000,0x00000000af800000)
 PSPermGen       total 21504K, used 8367K [0x00000000a1a00000, 0x00000000a2f00000, 0x00000000ac000000)
  object space 21504K, 38% used [0x00000000a1a00000,0x00000000a222bea0,0x00000000a2f00000)
Event: 2.463 GC heap after
Heap after GC invocations=2 (full 0):
 PSYoungGen      total 25088K, used 1919K [0x00000000e4000000, 0x00000000e7100000, 0x0000000100000000)
  eden space 21504K, 0% used [0x00000000e4000000,0x00000000e4000000,0x00000000e5500000)
  from space 3584K, 53% used [0x00000000e5880000,0x00000000e5a5fdb0,0x00000000e5c00000)
  to   space 3584K, 0% used [0x00000000e5500000,0x00000000e5500000,0x00000000e5880000)
 ParOldGen       total 57344K, used 8K [0x00000000ac000000, 0x00000000af800000, 0x00000000e4000000)
  object space 57344K, 0% used [0x00000000ac000000,0x00000000ac002000,0x00000000af800000)
 PSPermGen       total 21504K, used 8367K [0x00000000a1a00000, 0x00000000a2f00000, 0x00000000ac000000)
  object space 21504K, 38% used [0x00000000a1a00000,0x00000000a222bea0,0x00000000a2f00000)
}
Event: 2.530 GC heap before
{Heap before GC invocations=3 (full 0):
 PSYoungGen      total 25088K, used 23119K [0x00000000e4000000, 0x00000000e7100000, 0x0000000100000000)
  eden space 21504K, 98% used [0x00000000e4000000,0x00000000e54b4128,0x00000000e5500000)
  from space 3584K, 53% used [0x00000000e5880000,0x00000000e5a5fdb0,0x00000000e5c00000)
  to   space 3584K, 0% used [0x00000000e5500000,0x00000000e5500000,0x00000000e5880000)
 ParOldGen       total 57344K, used 8K [0x00000000ac000000, 0x00000000af800000, 0x00000000e4000000)
  object space 57344K, 0% used [0x00000000ac000000,0x00000000ac002000,0x00000000af800000)
 PSPermGen       total 21504K, used 8368K [0x00000000a1a00000, 0x00000000a2f00000, 0x00000000ac000000)
  object space 21504K, 38% used [0x00000000a1a00000,0x00000000a222c060,0x00000000a2f00000)
Event: 2.537 GC heap after
Heap after GC invocations=3 (full 0):
 PSYoungGen      total 25088K, used 1989K [0x00000000e4000000, 0x00000000e7100000, 0x0000000100000000)
  eden space 21504K, 0% used [0x00000000e4000000,0x00000000e4000000,0x00000000e5500000)
  from space 3584K, 55% used [0x00000000e5500000,0x00000000e56f15b0,0x00000000e5880000)
  to   space 3584K, 0% used [0x00000000e6d80000,0x00000000e6d80000,0x00000000e7100000)
 ParOldGen       total 57344K, used 8K [0x00000000ac000000, 0x00000000af800000, 0x00000000e4000000)
  object space 57344K, 0% used [0x00000000ac000000,0x00000000ac002000,0x00000000af800000)
 PSPermGen       total 21504K, used 8368K [0x00000000a1a00000, 0x00000000a2f00000, 0x00000000ac000000)
  object space 21504K, 38% used [0x00000000a1a00000,0x00000000a222c060,0x00000000a2f00000)
}
Event: 2.558 GC heap before
{Heap before GC invocations=4 (full 0):
 PSYoungGen      total 25088K, used 23441K [0x00000000e4000000, 0x00000000e7100000, 0x0000000100000000)
  eden space 21504K, 99% used [0x00000000e4000000,0x00000000e54f31c0,0x00000000e5500000)
  from space 3584K, 55% used [0x00000000e5500000,0x00000000e56f15b0,0x00000000e5880000)
  to   space 3584K, 0% used [0x00000000e6d80000,0x00000000e6d80000,0x00000000e7100000)
 ParOldGen       total 57344K, used 8K [0x00000000ac000000, 0x00000000af800000, 0x00000000e4000000)
  object space 57344K, 0% used [0x00000000ac000000,0x00000000ac002000,0x00000000af800000)
 PSPermGen       total 21504K, used 8368K [0x00000000a1a00000, 0x00000000a2f00000, 0x00000000ac000000)
  object space 21504K, 38% used [0x00000000a1a00000,0x00000000a222c120,0x00000000a2f00000)
Event: 2.570 GC heap after
Heap after GC invocations=4 (full 0):
 PSYoungGen      total 46592K, used 2740K [0x00000000e4000000, 0x00000000e7100000, 0x0000000100000000)
  eden space 43008K, 0% used [0x00000000e4000000,0x00000000e4000000,0x00000000e6a00000)
  from space 3584K, 76% used [0x00000000e6d80000,0x00000000e702d250,0x00000000e7100000)
  to   space 3584K, 0% used [0x00000000e6a00000,0x00000000e6a00000,0x00000000e6d80000)
 ParOldGen       total 57344K, used 8K [0x00000000ac000000, 0x00000000af800000, 0x00000000e4000000)
  object space 57344K, 0% used [0x00000000ac000000,0x00000000ac002000,0x00000000af800000)
 PSPermGen       total 21504K, used 8368K [0x00000000a1a00000, 0x00000000a2f00000, 0x00000000ac000000)
  object space 21504K, 38% used [0x00000000a1a00000,0x00000000a222c120,0x00000000a2f00000)
}
Event: 7.507 GC heap before
{Heap before GC invocations=5 (full 0):
 PSYoungGen      total 46592K, used 45734K [0x00000000e4000000, 0x00000000e7100000, 0x0000000100000000)
  eden space 43008K, 99% used [0x00000000e4000000,0x00000000e69fc6f8,0x00000000e6a00000)
  from space 3584K, 76% used [0x00000000e6d80000,0x00000000e702d250,0x00000000e7100000)
  to   space 3584K, 0% used [0x00000000e6a00000,0x00000000e6a00000,0x00000000e6d80000)
 ParOldGen       total 57344K, used 8K [0x00000000ac000000, 0x00000000af800000, 0x00000000e4000000)
  object space 57344K, 0% used [0x00000000ac000000,0x00000000ac002000,0x00000000af800000)
 PSPermGen       total 21504K, used 8491K [0x00000000a1a00000, 0x00000000a2f00000, 0x00000000ac000000)
  object space 21504K, 39% used [0x00000000a1a00000,0x00000000a224afe8,0x00000000a2f00000)
Event: 7.516 GC heap after
Heap after GC invocations=5 (full 0):
 PSYoungGen      total 46592K, used 2854K [0x00000000e4000000, 0x00000000e9b00000, 0x0000000100000000)
  eden space 43008K, 0% used [0x00000000e4000000,0x00000000e4000000,0x00000000e6a00000)
  from space 3584K, 79% used [0x00000000e6a00000,0x00000000e6cc9ac0,0x00000000e6d80000)
  to   space 3584K, 0% used [0x00000000e9780000,0x00000000e9780000,0x00000000e9b00000)
 ParOldGen       total 57344K, used 16K [0x00000000ac000000, 0x00000000af800000, 0x00000000e4000000)
  object space 57344K, 0% used [0x00000000ac000000,0x00000000ac004000,0x00000000af800000)
 PSPermGen       total 21504K, used 8491K [0x00000000a1a00000, 0x00000000a2f00000, 0x00000000ac000000)
  object space 21504K, 39% used [0x00000000a1a00000,0x00000000a224afe8,0x00000000a2f00000)
}

Deoptimization events (7 events):
Event: 2.646 Thread 0x00007fe798001800 Uncommon trap: reason=unreached action=reinterpret pc=0x00007fe7e10a5b48 method=com.jcraft.jorbis.Block.synthesis(Lcom/jcraft/jogg/Packet;)I @ 211
Event: 2.646 Thread 0x00007fe798001800 Uncommon trap: reason=class_check action=maybe_recompile pc=0x00007fe7e10ab654 method=com.jcraft.jorbis.Mapping0.inverse(Lcom/jcraft/jorbis/Block;Ljava/lang/Object;)I @ 459
Event: 2.648 Thread 0x00007fe798001800 Uncommon trap: reason=unreached action=reinterpret pc=0x00007fe7e10a1700 method=com.jcraft.jorbis.Floor1.inverse2(Lcom/jcraft/jorbis/Block;Ljava/lang/Object;Ljava/lang/Object;[F)I @ 33
Event: 2.649 Thread 0x00007fe798001800 Uncommon trap: reason=class_check action=maybe_recompile pc=0x00007fe7e10ab654 method=com.jcraft.jorbis.Mapping0.inverse(Lcom/jcraft/jorbis/Block;Ljava/lang/Object;)I @ 459
Event: 2.651 Thread 0x00007fe798001800 Uncommon trap: reason=class_check action=maybe_recompile pc=0x00007fe7e10ab654 method=com.jcraft.jorbis.Mapping0.inverse(Lcom/jcraft/jorbis/Block;Ljava/lang/Object;)I @ 459
Event: 2.654 Thread 0x00007fe798001800 Uncommon trap: reason=class_check action=maybe_recompile pc=0x00007fe7e10ab654 method=com.jcraft.jorbis.Mapping0.inverse(Lcom/jcraft/jorbis/Block;Ljava/lang/Object;)I @ 459
Event: 18.713 Thread 0x00007fe7e400a800 Uncommon trap: reason=bimorphic action=maybe_recompile pc=0x00007fe7e10bd18c method=java.util.HashMap.getEntry(Ljava/lang/Object;)Ljava/util/HashMap$Entry; @ 68

Internal exceptions (10 events):
Event: 2.040 Thread 0x00007fe7e400a800 Threw 0x00000000e46fe628 at /build/buildd/openjdk-7-7u65-2.5.2/build/openjdk/hotspot/src/share/vm/prims/jvm.cpp:1247
Event: 2.043 Thread 0x00007fe7e400a800 Threw 0x00000000e4700268 at /build/buildd/openjdk-7-7u65-2.5.2/build/openjdk/hotspot/src/share/vm/prims/jvm.cpp:1247
Event: 2.045 Thread 0x00007fe7e400a800 Threw 0x00000000e4702418 at /build/buildd/openjdk-7-7u65-2.5.2/build/openjdk/hotspot/src/share/vm/prims/jvm.cpp:1247
Event: 2.101 Thread 0x00007fe7e400a800 Threw 0x00000000e4715348 at /build/buildd/openjdk-7-7u65-2.5.2/build/openjdk/hotspot/src/share/vm/prims/jvm.cpp:1247
Event: 2.103 Thread 0x00007fe7e400a800 Threw 0x00000000e4719ad8 at /build/buildd/openjdk-7-7u65-2.5.2/build/openjdk/hotspot/src/share/vm/prims/jvm.cpp:1247
Event: 2.571 Thread 0x00007fe7e400a800 Threw 0x00000000e40326b8 at /build/buildd/openjdk-7-7u65-2.5.2/build/openjdk/hotspot/src/share/vm/prims/jvm.cpp:1247
Event: 2.620 Thread 0x00007fe798001800 Threw 0x00000000e408c328 at /build/buildd/openjdk-7-7u65-2.5.2/build/openjdk/hotspot/src/share/vm/prims/jvm.cpp:2920
Event: 2.646 Thread 0x00007fe798001800 Implicit null exception at 0x00007fe7e10a52bb to 0x00007fe7e10a5b3d
Event: 18.672 Thread 0x00007fe7e400a800 Threw 0x00000000e568bf40 at /build/buildd/openjdk-7-7u65-2.5.2/build/openjdk/hotspot/src/share/vm/prims/jvm.cpp:1247
Event: 18.682 Thread 0x00007fe7e400a800 Threw 0x00000000e5690df8 at /build/buildd/openjdk-7-7u65-2.5.2/build/openjdk/hotspot/src/share/vm/prims/jvm.cpp:1247

Events (10 events):
Event: 18.722 loading class 0x00007fe7c4053b70 done
Event: 18.722 loading class 0x00007fe7c4053b40 done
Event: 18.722 Thread 0x00007fe7e4ac3000 Thread added: 0x00007fe7e4ac3000
Event: 18.722 loading class 0x00007fe7c4044fc0
Event: 18.722 loading class 0x00007fe7bc0859e0
Event: 18.722 loading class 0x00007fe7bc0859e0 done
Event: 18.722 loading class 0x00007fe7bc085a10
Event: 18.722 loading class 0x00007fe7bc085a10 done
Event: 18.723 loading class 0x00007fe7c4044fc0 done
Event: 18.725 Executing VM operation: Exit


Dynamic libraries:
00400000-00401000 r-xp 00000000 08:02 32381444                           /usr/lib/jvm/java-7-openjdk-amd64/jre/bin/java
00600000-00601000 r--p 00000000 08:02 32381444                           /usr/lib/jvm/java-7-openjdk-amd64/jre/bin/java
00601000-00602000 rw-p 00001000 08:02 32381444                           /usr/lib/jvm/java-7-openjdk-amd64/jre/bin/java
00bdc000-00f7f000 rw-p 00000000 00:00 0                                  [heap]
a1a00000-a2f00000 rw-p 00000000 00:00 0 
a2f00000-ac000000 rw-p 00000000 00:00 0 
ac000000-af800000 rw-p 00000000 00:00 0 
af800000-e4000000 rw-p 00000000 00:00 0 
e4000000-e9b00000 rw-p 00000000 00:00 0 
e9b00000-100000000 rw-p 00000000 00:00 0 
7fe7934c7000-7fe7934ca000 ---p 00000000 00:00 0 
7fe7934ca000-7fe7935c8000 rw-p 00000000 00:00 0                          [stack:32356]
7fe7975cf000-7fe7975d0000 ---p 00000000 00:00 0 
7fe7975d0000-7fe797dd0000 rw-p 00000000 00:00 0 
7fe797dd0000-7fe797dfc000 r-xp 00000000 08:02 32252090                   /usr/lib/x86_64-linux-gnu/libvorbis.so.0.4.5
7fe797dfc000-7fe797ffb000 ---p 0002c000 08:02 32252090                   /usr/lib/x86_64-linux-gnu/libvorbis.so.0.4.5
7fe797ffb000-7fe797ffc000 r--p 0002b000 08:02 32252090                   /usr/lib/x86_64-linux-gnu/libvorbis.so.0.4.5
7fe797ffc000-7fe797ffd000 rw-p 0002c000 08:02 32252090                   /usr/lib/x86_64-linux-gnu/libvorbis.so.0.4.5
7fe798000000-7fe798143000 rw-p 00000000 00:00 0 
7fe798143000-7fe79c000000 ---p 00000000 00:00 0 
7fe79c000000-7fe79c007000 r-xp 00000000 08:02 32251802                   /usr/lib/x86_64-linux-gnu/libogg.so.0.8.1
7fe79c007000-7fe79c207000 ---p 00007000 08:02 32251802                   /usr/lib/x86_64-linux-gnu/libogg.so.0.8.1
7fe79c207000-7fe79c208000 r--p 00007000 08:02 32251802                   /usr/lib/x86_64-linux-gnu/libogg.so.0.8.1
7fe79c208000-7fe79c209000 rw-p 00008000 08:02 32251802                   /usr/lib/x86_64-linux-gnu/libogg.so.0.8.1
7fe79c210000-7fe79c4c3000 r-xp 00000000 08:02 32252092                   /usr/lib/x86_64-linux-gnu/libvorbisenc.so.2.0.8
7fe79c4c3000-7fe79c6c2000 ---p 002b3000 08:02 32252092                   /usr/lib/x86_64-linux-gnu/libvorbisenc.so.2.0.8
7fe79c6c2000-7fe79c6de000 r--p 002b2000 08:02 32252092                   /usr/lib/x86_64-linux-gnu/libvorbisenc.so.2.0.8
7fe79c6de000-7fe79c6df000 rw-p 002ce000 08:02 32252092                   /usr/lib/x86_64-linux-gnu/libvorbisenc.so.2.0.8
7fe79c6e0000-7fe79c70f000 r-xp 00000000 08:02 32250837                   /usr/lib/x86_64-linux-gnu/libFLAC.so.8.3.0
7fe79c70f000-7fe79c90f000 ---p 0002f000 08:02 32250837                   /usr/lib/x86_64-linux-gnu/libFLAC.so.8.3.0
7fe79c90f000-7fe79c910000 r--p 0002f000 08:02 32250837                   /usr/lib/x86_64-linux-gnu/libFLAC.so.8.3.0
7fe79c910000-7fe79c911000 rw-p 00030000 08:02 32250837                   /usr/lib/x86_64-linux-gnu/libFLAC.so.8.3.0
7fe79c918000-7fe79c91d000 r-xp 00000000 08:02 32251081                   /usr/lib/x86_64-linux-gnu/libasyncns.so.0.3.1
7fe79c91d000-7fe79cb1c000 ---p 00005000 08:02 32251081                   /usr/lib/x86_64-linux-gnu/libasyncns.so.0.3.1
7fe79cb1c000-7fe79cb1d000 r--p 00004000 08:02 32251081                   /usr/lib/x86_64-linux-gnu/libasyncns.so.0.3.1
7fe79cb1d000-7fe79cb1e000 rw-p 00005000 08:02 32251081                   /usr/lib/x86_64-linux-gnu/libasyncns.so.0.3.1
7fe79cb20000-7fe79cb81000 r-xp 00000000 08:02 32251983                   /usr/lib/x86_64-linux-gnu/libsndfile.so.1.0.25
7fe79cb81000-7fe79cd81000 ---p 00061000 08:02 32251983                   /usr/lib/x86_64-linux-gnu/libsndfile.so.1.0.25
7fe79cd81000-7fe79cd83000 r--p 00061000 08:02 32251983                   /usr/lib/x86_64-linux-gnu/libsndfile.so.1.0.25
7fe79cd83000-7fe79cd84000 rw-p 00063000 08:02 32251983                   /usr/lib/x86_64-linux-gnu/libsndfile.so.1.0.25
7fe79cd84000-7fe79cd88000 rw-p 00000000 00:00 0 
7fe79cd88000-7fe79cd90000 r-xp 00000000 08:02 28840055                   /lib/x86_64-linux-gnu/libwrap.so.0.7.6
7fe79cd90000-7fe79cf8f000 ---p 00008000 08:02 28840055                   /lib/x86_64-linux-gnu/libwrap.so.0.7.6
7fe79cf8f000-7fe79cf90000 r--p 00007000 08:02 28840055                   /lib/x86_64-linux-gnu/libwrap.so.0.7.6
7fe79cf90000-7fe79cf91000 rw-p 00008000 08:02 28840055                   /lib/x86_64-linux-gnu/libwrap.so.0.7.6
7fe79cf91000-7fe79cf92000 rw-p 00000000 00:00 0 
7fe79cf98000-7fe79cffe000 r-xp 00000000 08:02 32770189                   /usr/lib/x86_64-linux-gnu/pulseaudio/libpulsecommon-4.0.so
7fe79cffe000-7fe79d1fd000 ---p 00066000 08:02 32770189                   /usr/lib/x86_64-linux-gnu/pulseaudio/libpulsecommon-4.0.so
7fe79d1fd000-7fe79d1fe000 r--p 00065000 08:02 32770189                   /usr/lib/x86_64-linux-gnu/pulseaudio/libpulsecommon-4.0.so
7fe79d1fe000-7fe79d1ff000 rw-p 00066000 08:02 32770189                   /usr/lib/x86_64-linux-gnu/pulseaudio/libpulsecommon-4.0.so
7fe79d200000-7fe79d209000 r-xp 00000000 08:02 28839934                   /lib/x86_64-linux-gnu/libjson-c.so.2.0.0
7fe79d209000-7fe79d408000 ---p 00009000 08:02 28839934                   /lib/x86_64-linux-gnu/libjson-c.so.2.0.0
7fe79d408000-7fe79d409000 r--p 00008000 08:02 28839934                   /lib/x86_64-linux-gnu/libjson-c.so.2.0.0
7fe79d409000-7fe79d40a000 rw-p 00009000 08:02 28839934                   /lib/x86_64-linux-gnu/libjson-c.so.2.0.0
7fe79d410000-7fe79d457000 r-xp 00000000 08:02 32251902                   /usr/lib/x86_64-linux-gnu/libpulse.so.0.16.2
7fe79d457000-7fe79d657000 ---p 00047000 08:02 32251902                   /usr/lib/x86_64-linux-gnu/libpulse.so.0.16.2
7fe79d657000-7fe79d658000 r--p 00047000 08:02 32251902                   /usr/lib/x86_64-linux-gnu/libpulse.so.0.16.2
7fe79d658000-7fe79d659000 rw-p 00048000 08:02 32251902                   /usr/lib/x86_64-linux-gnu/libpulse.so.0.16.2
7fe79d8be000-7fe79d8c1000 ---p 00000000 00:00 0 
7fe79d8c1000-7fe79d9bf000 rw-p 00000000 00:00 0                          [stack:32351]
7fe79d9bf000-7fe79d9c2000 ---p 00000000 00:00 0 
7fe79d9c2000-7fe79dac0000 rw-p 00000000 00:00 0                          [stack:32350]
7fe79dac0000-7fe79fc17000 r-xp 00000000 08:02 34221614                   /usr/lib/fglrx/dri/fglrx_dri.so
7fe79fc17000-7fe79fd16000 ---p 02157000 08:02 34221614                   /usr/lib/fglrx/dri/fglrx_dri.so
7fe79fd16000-7fe79fec2000 rwxp 02156000 08:02 34221614                   /usr/lib/fglrx/dri/fglrx_dri.so
7fe79fec2000-7fe79fffa000 rwxp 00000000 00:00 0 
7fe7a0000000-7fe7a0021000 rw-p 00000000 00:00 0 
7fe7a0021000-7fe7a4000000 ---p 00000000 00:00 0 
7fe7a4000000-7fe7a4021000 rw-p 00000000 00:00 0 
7fe7a4021000-7fe7a8000000 ---p 00000000 00:00 0 
7fe7a8000000-7fe7a8021000 rw-p 00000000 00:00 0 
7fe7a8021000-7fe7ac000000 ---p 00000000 00:00 0 
7fe7ad1c0000-7fe7ad1d7000 r-xp 00000000 08:02 32381403                   /usr/lib/jvm/java-7-openjdk-amd64/jre/lib/amd64/libnet.so
7fe7ad1d7000-7fe7ad3d6000 ---p 00017000 08:02 32381403                   /usr/lib/jvm/java-7-openjdk-amd64/jre/lib/amd64/libnet.so
7fe7ad3d6000-7fe7ad3d7000 r--p 00016000 08:02 32381403                   /usr/lib/jvm/java-7-openjdk-amd64/jre/lib/amd64/libnet.so
7fe7ad3d7000-7fe7ad3d8000 rw-p 00017000 08:02 32381403                   /usr/lib/jvm/java-7-openjdk-amd64/jre/lib/amd64/libnet.so
7fe7ad3d8000-7fe7ad3e8000 r-xp 00000000 08:02 32381395                   /usr/lib/jvm/java-7-openjdk-amd64/jre/lib/amd64/libnio.so
7fe7ad3e8000-7fe7ad5e8000 ---p 00010000 08:02 32381395                   /usr/lib/jvm/java-7-openjdk-amd64/jre/lib/amd64/libnio.so
7fe7ad5e8000-7fe7ad5e9000 r--p 00010000 08:02 32381395                   /usr/lib/jvm/java-7-openjdk-amd64/jre/lib/amd64/libnio.so
7fe7ad5e9000-7fe7ad5ea000 rw-p 00011000 08:02 32381395                   /usr/lib/jvm/java-7-openjdk-amd64/jre/lib/amd64/libnio.so
7fe7ad5ee000-7fe7adcee000 rw-s 00006000 00:05 9147                       /dev/ati/card0
7fe7ade00000-7fe7adf80000 rw-p 00000000 00:00 0 
7fe7adf80000-7fe7adf82000 r-xp 00000000 08:02 32251012                   /usr/lib/x86_64-linux-gnu/libXinerama.so.1.0.0
7fe7adf82000-7fe7ae181000 ---p 00002000 08:02 32251012                   /usr/lib/x86_64-linux-gnu/libXinerama.so.1.0.0
7fe7ae181000-7fe7ae182000 r--p 00001000 08:02 32251012                   /usr/lib/x86_64-linux-gnu/libXinerama.so.1.0.0
7fe7ae182000-7fe7ae183000 rw-p 00002000 08:02 32251012                   /usr/lib/x86_64-linux-gnu/libXinerama.so.1.0.0
7fe7ae188000-7fe7ae229000 r-xp 00000000 08:02 34221608                   /usr/lib/fglrx/libatiadlxx.so
7fe7ae229000-7fe7ae329000 ---p 000a1000 08:02 34221608                   /usr/lib/fglrx/libatiadlxx.so
7fe7ae329000-7fe7ae32c000 rw-p 000a1000 08:02 34221608                   /usr/lib/fglrx/libatiadlxx.so
7fe7ae32c000-7fe7ae33c000 rw-p 00000000 00:00 0 
7fe7ae340000-7fe7ae34f000 r-xp 00000000 08:02 34221635                   /usr/lib/fglrx/libatiuki.so.1.0
7fe7ae34f000-7fe7ae44f000 ---p 0000f000 08:02 34221635                   /usr/lib/fglrx/libatiuki.so.1.0
7fe7ae44f000-7fe7ae45c000 rw-p 0000f000 08:02 34221635                   /usr/lib/fglrx/libatiuki.so.1.0
7fe7ae45c000-7fe7ae45d000 rw-p 00000000 00:00 0 
7fe7ae460000-7fe7ae4fc000 r-xp 00000000 08:02 34221641                   /usr/lib/fglrx/libGL.so.1.2
7fe7ae4fc000-7fe7ae5fc000 ---p 0009c000 08:02 34221641                   /usr/lib/fglrx/libGL.so.1.2
7fe7ae5fc000-7fe7ae625000 rwxp 0009c000 08:02 34221641                   /usr/lib/fglrx/libGL.so.1.2
7fe7ae625000-7fe7ae642000 rwxp 00000000 00:00 0 
7fe7ae648000-7fe7ae64c000 r-xp 00000000 08:02 32251038                   /usr/lib/x86_64-linux-gnu/libXxf86vm.so.1.0.0
7fe7ae64c000-7fe7ae84c000 ---p 00004000 08:02 32251038                   /usr/lib/x86_64-linux-gnu/libXxf86vm.so.1.0.0
7fe7ae84c000-7fe7ae84d000 r--p 00004000 08:02 32251038                   /usr/lib/x86_64-linux-gnu/libXxf86vm.so.1.0.0
7fe7ae84d000-7fe7ae84e000 rw-p 00005000 08:02 32251038                   /usr/lib/x86_64-linux-gnu/libXxf86vm.so.1.0.0
7fe7ae850000-7fe7ae859000 r-xp 00000000 08:02 32251020                   /usr/lib/x86_64-linux-gnu/libXrandr.so.2.2.0
7fe7ae859000-7fe7aea58000 ---p 00009000 08:02 32251020                   /usr/lib/x86_64-linux-gnu/libXrandr.so.2.2.0
7fe7aea58000-7fe7aea59000 r--p 00008000 08:02 32251020                   /usr/lib/x86_64-linux-gnu/libXrandr.so.2.2.0
7fe7aea59000-7fe7aea5a000 rw-p 00009000 08:02 32251020                   /usr/lib/x86_64-linux-gnu/libXrandr.so.2.2.0
7fe7aea60000-7fe7aead0000 r-xp 00000000 08:02 28705996                   /home/bubeck/Documents/ProgStuff/JavaStuff/Warlocks/Warlocks/lwjgl-2.9.3/native/linux/liblwjgl64.so
7fe7aead0000-7fe7aecd0000 ---p 00070000 08:02 28705996                   /home/bubeck/Documents/ProgStuff/JavaStuff/Warlocks/Warlocks/lwjgl-2.9.3/native/linux/liblwjgl64.so
7fe7aecd0000-7fe7aecd2000 r--p 00070000 08:02 28705996                   /home/bubeck/Documents/ProgStuff/JavaStuff/Warlocks/Warlocks/lwjgl-2.9.3/native/linux/liblwjgl64.so
7fe7aecd2000-7fe7aecd3000 rw-p 00072000 08:02 28705996                   /home/bubeck/Documents/ProgStuff/JavaStuff/Warlocks/Warlocks/lwjgl-2.9.3/native/linux/liblwjgl64.so
7fe7aecd8000-7fe7aecd9000 r-xp 00000000 08:02 32381394                   /usr/lib/jvm/java-7-openjdk-amd64/jre/lib/amd64/libjawt.so
7fe7aecd9000-7fe7aeed8000 ---p 00001000 08:02 32381394                   /usr/lib/jvm/java-7-openjdk-amd64/jre/lib/amd64/libjawt.so
7fe7aeed8000-7fe7aeed9000 r--p 00000000 08:02 32381394                   /usr/lib/jvm/java-7-openjdk-amd64/jre/lib/amd64/libjawt.so
7fe7aeed9000-7fe7aeeda000 rw-p 00001000 08:02 32381394                   /usr/lib/jvm/java-7-openjdk-amd64/jre/lib/amd64/libjawt.so
7fe7aeee0000-7fe7aeee5000 r-xp 00000000 08:02 32251004                   /usr/lib/x86_64-linux-gnu/libXfixes.so.3.1.0
7fe7aeee5000-7fe7af0e4000 ---p 00005000 08:02 32251004                   /usr/lib/x86_64-linux-gnu/libXfixes.so.3.1.0
7fe7af0e4000-7fe7af0e5000 r--p 00004000 08:02 32251004                   /usr/lib/x86_64-linux-gnu/libXfixes.so.3.1.0
7fe7af0e5000-7fe7af0e6000 rw-p 00005000 08:02 32251004                   /usr/lib/x86_64-linux-gnu/libXfixes.so.3.1.0
7fe7af0e8000-7fe7af0f1000 r-xp 00000000 08:02 32250996                   /usr/lib/x86_64-linux-gnu/libXcursor.so.1.0.2
7fe7af0f1000-7fe7af2f0000 ---p 00009000 08:02 32250996                   /usr/lib/x86_64-linux-gnu/libXcursor.so.1.0.2
7fe7af2f0000-7fe7af2f1000 r--p 00008000 08:02 32250996                   /usr/lib/x86_64-linux-gnu/libXcursor.so.1.0.2
7fe7af2f1000-7fe7af2f2000 rw-p 00009000 08:02 32250996                   /usr/lib/x86_64-linux-gnu/libXcursor.so.1.0.2
7fe7af2f8000-7fe7af2fc000 r-xp 00000000 08:02 28839927                   /lib/x86_64-linux-gnu/libgpg-error.so.0.10.0
7fe7af2fc000-7fe7af4fb000 ---p 00004000 08:02 28839927                   /lib/x86_64-linux-gnu/libgpg-error.so.0.10.0
7fe7af4fb000-7fe7af4fc000 r--p 00003000 08:02 28839927                   /lib/x86_64-linux-gnu/libgpg-error.so.0.10.0
7fe7af4fc000-7fe7af4fd000 rw-p 00004000 08:02 28839927                   /lib/x86_64-linux-gnu/libgpg-error.so.0.10.0
7fe7af500000-7fe7af502000 r-xp 00000000 08:02 28839937                   /lib/x86_64-linux-gnu/libkeyutils.so.1.4
7fe7af502000-7fe7af702000 ---p 00002000 08:02 28839937                   /lib/x86_64-linux-gnu/libkeyutils.so.1.4
7fe7af702000-7fe7af703000 r--p 00002000 08:02 28839937                   /lib/x86_64-linux-gnu/libkeyutils.so.1.4
7fe7af703000-7fe7af704000 rw-p 00003000 08:02 28839937                   /lib/x86_64-linux-gnu/libkeyutils.so.1.4
7fe7af708000-7fe7af745000 r-xp 00000000 08:02 28839998                   /lib/x86_64-linux-gnu/libpcre.so.3.13.1
7fe7af745000-7fe7af944000 ---p 0003d000 08:02 28839998                   /lib/x86_64-linux-gnu/libpcre.so.3.13.1
7fe7af944000-7fe7af945000 r--p 0003c000 08:02 28839998                   /lib/x86_64-linux-gnu/libpcre.so.3.13.1
7fe7af945000-7fe7af946000 rw-p 0003d000 08:02 28839998                   /lib/x86_64-linux-gnu/libpcre.so.3.13.1
7fe7af948000-7fe7af96d000 r-xp 00000000 08:02 28840010                   /lib/x86_64-linux-gnu/libpng12.so.0.50.0
7fe7af96d000-7fe7afb6c000 ---p 00025000 08:02 28840010                   /lib/x86_64-linux-gnu/libpng12.so.0.50.0
7fe7afb6c000-7fe7afb6d000 r--p 00024000 08:02 28840010                   /lib/x86_64-linux-gnu/libpng12.so.0.50.0
7fe7afb6d000-7fe7afb6e000 rw-p 00025000 08:02 28840010                   /lib/x86_64-linux-gnu/libpng12.so.0.50.0
7fe7afb70000-7fe7afbb4000 r-xp 00000000 08:02 28836833                   /lib/x86_64-linux-gnu/libdbus-1.so.3.7.6
7fe7afbb4000-7fe7afdb3000 ---p 00044000 08:02 28836833                   /lib/x86_64-linux-gnu/libdbus-1.so.3.7.6
7fe7afdb3000-7fe7afdb4000 r--p 00043000 08:02 28836833                   /lib/x86_64-linux-gnu/libdbus-1.so.3.7.6
7fe7afdb4000-7fe7afdb5000 rw-p 00044000 08:02 28836833                   /lib/x86_64-linux-gnu/libdbus-1.so.3.7.6
7fe7afdb8000-7fe7afdf3000 r-xp 00000000 08:02 32251842                   /usr/lib/x86_64-linux-gnu/libp11-kit.so.0.0.0
7fe7afdf3000-7fe7afff2000 ---p 0003b000 08:02 32251842                   /usr/lib/x86_64-linux-gnu/libp11-kit.so.0.0.0
7fe7afff2000-7fe7afff8000 r--p 0003a000 08:02 32251842                   /usr/lib/x86_64-linux-gnu/libp11-kit.so.0.0.0
7fe7afff8000-7fe7afffa000 rw-p 00040000 08:02 32251842                   /usr/lib/x86_64-linux-gnu/libp11-kit.so.0.0.0
7fe7b0000000-7fe7b0021000 rw-p 00000000 00:00 0 
7fe7b0021000-7fe7b4000000 ---p 00000000 00:00 0 
7fe7b4007000-7fe7b4107000 rw-p 00000000 00:00 0 
7fe7b4107000-7fe7b410a000 ---p 00000000 00:00 0 
7fe7b410a000-7fe7b4208000 rw-p 00000000 00:00 0                          [stack:32343]
7fe7b4208000-7fe7b421a000 r-xp 00000000 08:02 32252021                   /usr/lib/x86_64-linux-gnu/libtasn1.so.6.2.0
7fe7b421a000-7fe7b441a000 ---p 00012000 08:02 32252021                   /usr/lib/x86_64-linux-gnu/libtasn1.so.6.2.0
7fe7b441a000-7fe7b441b000 r--p 00012000 08:02 32252021                   /usr/lib/x86_64-linux-gnu/libtasn1.so.6.2.0
7fe7b441b000-7fe7b441c000 rw-p 00013000 08:02 32252021                   /usr/lib/x86_64-linux-gnu/libtasn1.so.6.2.0
7fe7b4420000-7fe7b449b000 r-xp 00000000 08:02 28839923                   /lib/x86_64-linux-gnu/libgcrypt.so.11.8.2
7fe7b449b000-7fe7b469b000 ---p 0007b000 08:02 28839923                   /lib/x86_64-linux-gnu/libgcrypt.so.11.8.2
7fe7b469b000-7fe7b469c000 r--p 0007b000 08:02 28839923                   /lib/x86_64-linux-gnu/libgcrypt.so.11.8.2
7fe7b469c000-7fe7b469f000 rw-p 0007c000 08:02 28839923                   /lib/x86_64-linux-gnu/libgcrypt.so.11.8.2
7fe7b46a0000-7fe7b46aa000 r-xp 00000000 08:02 32251683                   /usr/lib/x86_64-linux-gnu/libkrb5support.so.0.1
7fe7b46aa000-7fe7b48a9000 ---p 0000a000 08:02 32251683                   /usr/lib/x86_64-linux-gnu/libkrb5support.so.0.1
7fe7b48a9000-7fe7b48aa000 r--p 00009000 08:02 32251683                   /usr/lib/x86_64-linux-gnu/libkrb5support.so.0.1
7fe7b48aa000-7fe7b48ab000 rw-p 0000a000 08:02 32251683                   /usr/lib/x86_64-linux-gnu/libkrb5support.so.0.1
7fe7b48b0000-7fe7b48b3000 r-xp 00000000 08:02 28839903                   /lib/x86_64-linux-gnu/libcom_err.so.2.1
7fe7b48b3000-7fe7b4ab2000 ---p 00003000 08:02 28839903                   /lib/x86_64-linux-gnu/libcom_err.so.2.1
7fe7b4ab2000-7fe7b4ab3000 r--p 00002000 08:02 28839903                   /lib/x86_64-linux-gnu/libcom_err.so.2.1
7fe7b4ab3000-7fe7b4ab4000 rw-p 00003000 08:02 28839903                   /lib/x86_64-linux-gnu/libcom_err.so.2.1
7fe7b4ab8000-7fe7b4ae4000 r-xp 00000000 08:02 32251675                   /usr/lib/x86_64-linux-gnu/libk5crypto.so.3.1
7fe7b4ae4000-7fe7b4ce3000 ---p 0002c000 08:02 32251675                   /usr/lib/x86_64-linux-gnu/libk5crypto.so.3.1
7fe7b4ce3000-7fe7b4ce5000 r--p 0002b000 08:02 32251675                   /usr/lib/x86_64-linux-gnu/libk5crypto.so.3.1
7fe7b4ce5000-7fe7b4ce6000 rw-p 0002d000 08:02 32251675                   /usr/lib/x86_64-linux-gnu/libk5crypto.so.3.1
7fe7b4ce6000-7fe7b4ce7000 rw-p 00000000 00:00 0 
7fe7b4ce8000-7fe7b4da4000 r-xp 00000000 08:02 32251681                   /usr/lib/x86_64-linux-gnu/libkrb5.so.3.3
7fe7b4da4000-7fe7b4fa4000 ---p 000bc000 08:02 32251681                   /usr/lib/x86_64-linux-gnu/libkrb5.so.3.3
7fe7b4fa4000-7fe7b4fb1000 r--p 000bc000 08:02 32251681                   /usr/lib/x86_64-linux-gnu/libkrb5.so.3.3
7fe7b4fb1000-7fe7b4fb3000 rw-p 000c9000 08:02 32251681                   /usr/lib/x86_64-linux-gnu/libkrb5.so.3.3
7fe7b4fb8000-7fe7b4fbd000 r-xp 00000000 08:02 32251000                   /usr/lib/x86_64-linux-gnu/libXdmcp.so.6.0.0
7fe7b4fbd000-7fe7b51bc000 ---p 00005000 08:02 32251000                   /usr/lib/x86_64-linux-gnu/libXdmcp.so.6.0.0
7fe7b51bc000-7fe7b51bd000 r--p 00004000 08:02 32251000                   /usr/lib/x86_64-linux-gnu/libXdmcp.so.6.0.0
7fe7b51bd000-7fe7b51be000 rw-p 00005000 08:02 32251000                   /usr/lib/x86_64-linux-gnu/libXdmcp.so.6.0.0
7fe7b51c0000-7fe7b51c2000 r-xp 00000000 08:02 32250989                   /usr/lib/x86_64-linux-gnu/libXau.so.6.0.0
7fe7b51c2000-7fe7b53c2000 ---p 00002000 08:02 32250989                   /usr/lib/x86_64-linux-gnu/libXau.so.6.0.0
7fe7b53c2000-7fe7b53c3000 r--p 00002000 08:02 32250989                   /usr/lib/x86_64-linux-gnu/libXau.so.6.0.0
7fe7b53c3000-7fe7b53c4000 rw-p 00003000 08:02 32250989                   /usr/lib/x86_64-linux-gnu/libXau.so.6.0.0
7fe7b53c8000-7fe7b53cf000 r-xp 00000000 08:02 32251302                   /usr/lib/x86_64-linux-gnu/libffi.so.6.0.1
7fe7b53cf000-7fe7b55ce000 ---p 00007000 08:02 32251302                   /usr/lib/x86_64-linux-gnu/libffi.so.6.0.1
7fe7b55ce000-7fe7b55cf000 r--p 00006000 08:02 32251302                   /usr/lib/x86_64-linux-gnu/libffi.so.6.0.1
7fe7b55cf000-7fe7b55d0000 rw-p 00007000 08:02 32251302                   /usr/lib/x86_64-linux-gnu/libffi.so.6.0.1
7fe7b55d0000-7fe7b55e7000 r-xp 00000000 08:02 28840168                   /lib/x86_64-linux-gnu/libresolv-2.19.so
7fe7b55e7000-7fe7b57e7000 ---p 00017000 08:02 28840168                   /lib/x86_64-linux-gnu/libresolv-2.19.so
7fe7b57e7000-7fe7b57e8000 r--p 00017000 08:02 28840168                   /lib/x86_64-linux-gnu/libresolv-2.19.so
7fe7b57e8000-7fe7b57e9000 rw-p 00018000 08:02 28840168                   /lib/x86_64-linux-gnu/libresolv-2.19.so
7fe7b57e9000-7fe7b57eb000 rw-p 00000000 00:00 0 
7fe7b57f0000-7fe7b5810000 r-xp 00000000 08:02 28840025                   /lib/x86_64-linux-gnu/libselinux.so.1
7fe7b5810000-7fe7b5a0f000 ---p 00020000 08:02 28840025                   /lib/x86_64-linux-gnu/libselinux.so.1
7fe7b5a0f000-7fe7b5a10000 r--p 0001f000 08:02 28840025                   /lib/x86_64-linux-gnu/libselinux.so.1
7fe7b5a10000-7fe7b5a11000 rw-p 00020000 08:02 28840025                   /lib/x86_64-linux-gnu/libselinux.so.1
7fe7b5a11000-7fe7b5a13000 rw-p 00000000 00:00 0 
7fe7b5a18000-7fe7b5b1e000 r-xp 00000000 08:02 28839925                   /lib/x86_64-linux-gnu/libglib-2.0.so.0.4000.0
7fe7b5b1e000-7fe7b5d1d000 ---p 00106000 08:02 28839925                   /lib/x86_64-linux-gnu/libglib-2.0.so.0.4000.0
7fe7b5d1d000-7fe7b5d1e000 r--p 00105000 08:02 28839925                   /lib/x86_64-linux-gnu/libglib-2.0.so.0.4000.0
7fe7b5d1e000-7fe7b5d1f000 rw-p 00106000 08:02 28839925                   /lib/x86_64-linux-gnu/libglib-2.0.so.0.4000.0
7fe7b5d1f000-7fe7b5d20000 rw-p 00000000 00:00 0 
7fe7b5d20000-7fe7b5d23000 r-xp 00000000 08:02 32251436                   /usr/lib/x86_64-linux-gnu/libgmodule-2.0.so.0.4000.0
7fe7b5d23000-7fe7b5f22000 ---p 00003000 08:02 32251436                   /usr/lib/x86_64-linux-gnu/libgmodule-2.0.so.0.4000.0
7fe7b5f22000-7fe7b5f23000 r--p 00002000 08:02 32251436                   /usr/lib/x86_64-linux-gnu/libgmodule-2.0.so.0.4000.0
7fe7b5f23000-7fe7b5f24000 rw-p 00003000 08:02 32251436                   /usr/lib/x86_64-linux-gnu/libgmodule-2.0.so.0.4000.0
7fe7b5f28000-7fe7b5f4f000 r-xp 00000000 08:02 28839916                   /lib/x86_64-linux-gnu/libexpat.so.1.6.0
7fe7b5f4f000-7fe7b614f000 ---p 00027000 08:02 28839916                   /lib/x86_64-linux-gnu/libexpat.so.1.6.0
7fe7b614f000-7fe7b6151000 r--p 00027000 08:02 28839916                   /lib/x86_64-linux-gnu/libexpat.so.1.6.0
7fe7b6151000-7fe7b6152000 rw-p 00029000 08:02 28839916                   /lib/x86_64-linux-gnu/libexpat.so.1.6.0
7fe7b6158000-7fe7b61f5000 r-xp 00000000 08:02 32251364                   /usr/lib/x86_64-linux-gnu/libfreetype.so.6.11.1
7fe7b61f5000-7fe7b63f4000 ---p 0009d000 08:02 32251364                   /usr/lib/x86_64-linux-gnu/libfreetype.so.6.11.1
7fe7b63f4000-7fe7b63fa000 r--p 0009c000 08:02 32251364                   /usr/lib/x86_64-linux-gnu/libfreetype.so.6.11.1
7fe7b63fa000-7fe7b63fb000 rw-p 000a2000 08:02 32251364                   /usr/lib/x86_64-linux-gnu/libfreetype.so.6.11.1
7fe7b6400000-7fe7b640f000 r-xp 00000000 08:02 32251095                   /usr/lib/x86_64-linux-gnu/libavahi-client.so.3.2.9
7fe7b640f000-7fe7b660f000 ---p 0000f000 08:02 32251095                   /usr/lib/x86_64-linux-gnu/libavahi-client.so.3.2.9
7fe7b660f000-7fe7b6610000 r--p 0000f000 08:02 32251095                   /usr/lib/x86_64-linux-gnu/libavahi-client.so.3.2.9
7fe7b6610000-7fe7b6611000 rw-p 00010000 08:02 32251095                   /usr/lib/x86_64-linux-gnu/libavahi-client.so.3.2.9
7fe7b6618000-7fe7b6623000 r-xp 00000000 08:02 32251097                   /usr/lib/x86_64-linux-gnu/libavahi-common.so.3.5.3
7fe7b6623000-7fe7b6822000 ---p 0000b000 08:02 32251097                   /usr/lib/x86_64-linux-gnu/libavahi-common.so.3.5.3
7fe7b6822000-7fe7b6823000 r--p 0000a000 08:02 32251097                   /usr/lib/x86_64-linux-gnu/libavahi-common.so.3.5.3
7fe7b6823000-7fe7b6824000 rw-p 0000b000 08:02 32251097                   /usr/lib/x86_64-linux-gnu/libavahi-common.so.3.5.3
7fe7b6828000-7fe7b68de000 r-xp 00000000 08:02 32251454                   /usr/lib/x86_64-linux-gnu/libgnutls.so.26.22.6
7fe7b68de000-7fe7b6ade000 ---p 000b6000 08:02 32251454                   /usr/lib/x86_64-linux-gnu/libgnutls.so.26.22.6
7fe7b6ade000-7fe7b6ae4000 r--p 000b6000 08:02 32251454                   /usr/lib/x86_64-linux-gnu/libgnutls.so.26.22.6
7fe7b6ae4000-7fe7b6ae5000 rw-p 000bc000 08:02 32251454                   /usr/lib/x86_64-linux-gnu/libgnutls.so.26.22.6
7fe7b6ae5000-7fe7b6ae6000 rw-p 00000000 00:00 0 
7fe7b6ae8000-7fe7b6b2b000 r-xp 00000000 08:02 32251488                   /usr/lib/x86_64-linux-gnu/libgssapi_krb5.so.2.2
7fe7b6b2b000-7fe7b6d2b000 ---p 00043000 08:02 32251488                   /usr/lib/x86_64-linux-gnu/libgssapi_krb5.so.2.2
7fe7b6d2b000-7fe7b6d2c000 r--p 00043000 08:02 32251488                   /usr/lib/x86_64-linux-gnu/libgssapi_krb5.so.2.2
7fe7b6d2c000-7fe7b6d2e000 rw-p 00044000 08:02 32251488                   /usr/lib/x86_64-linux-gnu/libgssapi_krb5.so.2.2
7fe7b6d30000-7fe7b6d4d000 r-xp 00000000 08:02 32252172                   /usr/lib/x86_64-linux-gnu/libxcb.so.1.1.0
7fe7b6d4d000-7fe7b6f4d000 ---p 0001d000 08:02 32252172                   /usr/lib/x86_64-linux-gnu/libxcb.so.1.1.0
7fe7b6f4d000-7fe7b6f4e000 r--p 0001d000 08:02 32252172                   /usr/lib/x86_64-linux-gnu/libxcb.so.1.1.0
7fe7b6f4e000-7fe7b6f4f000 rw-p 0001e000 08:02 32252172                   /usr/lib/x86_64-linux-gnu/libxcb.so.1.1.0
7fe7b6f50000-7fe7b6f9f000 r-xp 00000000 08:02 32251460                   /usr/lib/x86_64-linux-gnu/libgobject-2.0.so.0.4000.0
7fe7b6f9f000-7fe7b719f000 ---p 0004f000 08:02 32251460                   /usr/lib/x86_64-linux-gnu/libgobject-2.0.so.0.4000.0
7fe7b719f000-7fe7b71a0000 r--p 0004f000 08:02 32251460                   /usr/lib/x86_64-linux-gnu/libgobject-2.0.so.0.4000.0
7fe7b71a0000-7fe7b71a1000 rw-p 00050000 08:02 32251460                   /usr/lib/x86_64-linux-gnu/libgobject-2.0.so.0.4000.0
7fe7b71a8000-7fe7b7313000 r-xp 00000000 08:02 32251420                   /usr/lib/x86_64-linux-gnu/libgio-2.0.so.0.4000.0
7fe7b7313000-7fe7b7513000 ---p 0016b000 08:02 32251420                   /usr/lib/x86_64-linux-gnu/libgio-2.0.so.0.4000.0
7fe7b7513000-7fe7b7517000 r--p 0016b000 08:02 32251420                   /usr/lib/x86_64-linux-gnu/libgio-2.0.so.0.4000.0
7fe7b7517000-7fe7b7519000 rw-p 0016f000 08:02 32251420                   /usr/lib/x86_64-linux-gnu/libgio-2.0.so.0.4000.0
7fe7b7519000-7fe7b751b000 rw-p 00000000 00:00 0 
7fe7b7520000-7fe7b755a000 r-xp 00000000 08:02 32251336                   /usr/lib/x86_64-linux-gnu/libfontconfig.so.1.8.0
7fe7b755a000-7fe7b7759000 ---p 0003a000 08:02 32251336                   /usr/lib/x86_64-linux-gnu/libfontconfig.so.1.8.0
7fe7b7759000-7fe7b775b000 r--p 00039000 08:02 32251336                   /usr/lib/x86_64-linux-gnu/libfontconfig.so.1.8.0
7fe7b775b000-7fe7b775c000 rw-p 0003b000 08:02 32251336                   /usr/lib/x86_64-linux-gnu/libfontconfig.so.1.8.0
7fe7b7760000-7fe7b77cc000 r-xp 00000000 08:02 32251194                   /usr/lib/x86_64-linux-gnu/libcups.so.2
7fe7b77cc000-7fe7b79cc000 ---p 0006c000 08:02 32251194                   /usr/lib/x86_64-linux-gnu/libcups.so.2
7fe7b79cc000-7fe7b79d3000 r--p 0006c000 08:02 32251194                   /usr/lib/x86_64-linux-gnu/libcups.so.2
7fe7b79d3000-7fe7b79d4000 rw-p 00073000 08:02 32251194                   /usr/lib/x86_64-linux-gnu/libcups.so.2
7fe7b79d8000-7fe7b79e7000 r-xp 00000000 08:02 32251010                   /usr/lib/x86_64-linux-gnu/libXi.so.6.1.0
7fe7b79e7000-7fe7b7be6000 ---p 0000f000 08:02 32251010                   /usr/lib/x86_64-linux-gnu/libXi.so.6.1.0
7fe7b7be6000-7fe7b7be7000 r--p 0000e000 08:02 32251010                   /usr/lib/x86_64-linux-gnu/libXi.so.6.1.0
7fe7b7be7000-7fe7b7be8000 rw-p 0000f000 08:02 32251010                   /usr/lib/x86_64-linux-gnu/libXi.so.6.1.0
7fe7b7be8000-7fe7b7bed000 r-xp 00000000 08:02 32251028                   /usr/lib/x86_64-linux-gnu/libXtst.so.6.1.0
7fe7b7bed000-7fe7b7dec000 ---p 00005000 08:02 32251028                   /usr/lib/x86_64-linux-gnu/libXtst.so.6.1.0
7fe7b7dec000-7fe7b7ded000 r--p 00004000 08:02 32251028                   /usr/lib/x86_64-linux-gnu/libXtst.so.6.1.0
7fe7b7ded000-7fe7b7dee000 rw-p 00005000 08:02 32251028                   /usr/lib/x86_64-linux-gnu/libXtst.so.6.1.0
7fe7b7df0000-7fe7b7df9000 r-xp 00000000 08:02 32251022                   /usr/lib/x86_64-linux-gnu/libXrender.so.1.3.0
7fe7b7df9000-7fe7b7ff8000 ---p 00009000 08:02 32251022                   /usr/lib/x86_64-linux-gnu/libXrender.so.1.3.0
7fe7b7ff8000-7fe7b7ff9000 r--p 00008000 08:02 32251022                   /usr/lib/x86_64-linux-gnu/libXrender.so.1.3.0
7fe7b7ff9000-7fe7b7ffa000 rw-p 00009000 08:02 32251022                   /usr/lib/x86_64-linux-gnu/libXrender.so.1.3.0
7fe7b8000000-7fe7b8021000 rw-p 00000000 00:00 0 
7fe7b8021000-7fe7bc000000 ---p 00000000 00:00 0 
7fe7bc000000-7fe7bc59b000 rw-p 00000000 00:00 0 
7fe7bc59b000-7fe7c0000000 ---p 00000000 00:00 0 
7fe7c0000000-7fe7c0021000 rw-p 00000000 00:00 0 
7fe7c0021000-7fe7c4000000 ---p 00000000 00:00 0 
7fe7c4000000-7fe7c455c000 rw-p 00000000 00:00 0 
7fe7c455c000-7fe7c8000000 ---p 00000000 00:00 0 
7fe7c8000000-7fe7c8021000 rw-p 00000000 00:00 0 
7fe7c8021000-7fe7cc000000 ---p 00000000 00:00 0 
7fe7cc000000-7fe7cc021000 rw-p 00000000 00:00 0 
7fe7cc021000-7fe7d0000000 ---p 00000000 00:00 0 
7fe7d0000000-7fe7d0021000 rw-p 00000000 00:00 0 
7fe7d0021000-7fe7d4000000 ---p 00000000 00:00 0 
7fe7d4000000-7fe7d4021000 rw-p 00000000 00:00 0 
7fe7d4021000-7fe7d8000000 ---p 00000000 00:00 0 
7fe7d8000000-7fe7d8021000 rw-p 00000000 00:00 0 
7fe7d8021000-7fe7dc000000 ---p 00000000 00:00 0 
7fe7dc025000-7fe7dc026000 rw-s 00005000 00:05 9147                       /dev/ati/card0
7fe7dc02c000-7fe7dc06c000 rw-s 00004000 00:05 9147                       /dev/ati/card0
7fe7dc070000-7fe7dc077000 r--s 00000000 08:02 32774436                   /usr/lib/x86_64-linux-gnu/gconv/gconv-modules.cache
7fe7dc07a000-7fe7dc07c000 rw-s 00002000 00:05 9147                       /dev/ati/card0
7fe7dc082000-7fe7dc084000 r--s 0002a000 08:02 29623525                   /home/bubeck/Documents/ProgStuff/JavaStuff/Warlocks/Warlocks/CodecJOrbis/CodecJOrbis.jar
7fe7dc088000-7fe7dc08a000 r--s 00020000 08:02 29623249                   /home/bubeck/Documents/ProgStuff/JavaStuff/Warlocks/Warlocks/CodecJOgg/CodecJOgg.jar
7fe7dc08d000-7fe7dc08e000 r--s 00005000 08:02 29623024                   /home/bubeck/Documents/ProgStuff/JavaStuff/Warlocks/Warlocks/LibraryLWJGLOpenAL/LibraryLWJGLOpenAL.jar
7fe7dc08f000-7fe7dc092000 r--s 00017000 08:02 29622421                   /home/bubeck/Documents/ProgStuff/JavaStuff/Warlocks/Warlocks/slick/slick-util.jar
7fe7dc096000-7fe7dc099000 ---p 00000000 00:00 0 
7fe7dc099000-7fe7dc0cf000 rw-p 00000000 00:00 0                          [stack:32345]
7fe7dc0cf000-7fe7dc0d2000 ---p 00000000 00:00 0 
7fe7dc0d2000-7fe7dc1d0000 rw-p 00000000 00:00 0                          [stack:32342]
7fe7dc1d0000-7fe7dc300000 r-xp 00000000 08:02 32250985                   /usr/lib/x86_64-linux-gnu/libX11.so.6.3.0
7fe7dc300000-7fe7dc500000 ---p 00130000 08:02 32250985                   /usr/lib/x86_64-linux-gnu/libX11.so.6.3.0
7fe7dc500000-7fe7dc501000 r--p 00130000 08:02 32250985                   /usr/lib/x86_64-linux-gnu/libX11.so.6.3.0
7fe7dc501000-7fe7dc505000 rw-p 00131000 08:02 32250985                   /usr/lib/x86_64-linux-gnu/libX11.so.6.3.0
7fe7dc508000-7fe7dc519000 r-xp 00000000 08:02 32251002                   /usr/lib/x86_64-linux-gnu/libXext.so.6.4.0
7fe7dc519000-7fe7dc718000 ---p 00011000 08:02 32251002                   /usr/lib/x86_64-linux-gnu/libXext.so.6.4.0
7fe7dc718000-7fe7dc719000 r--p 00010000 08:02 32251002                   /usr/lib/x86_64-linux-gnu/libXext.so.6.4.0
7fe7dc719000-7fe7dc71a000 rw-p 00011000 08:02 32251002                   /usr/lib/x86_64-linux-gnu/libXext.so.6.4.0
7fe7dc71b000-7fe7dc71c000 r--s 00023000 08:02 29622977                   /home/bubeck/Documents/ProgStuff/JavaStuff/Warlocks/Warlocks/SoundSystem/SoundSystem.jar
7fe7dc723000-7fe7dc726000 r--s 00013000 08:02 29622422                   /home/bubeck/Documents/ProgStuff/JavaStuff/Warlocks/Warlocks/slick/slick-util-src.zip
7fe7dc72d000-7fe7dc72e000 r--s 000b5000 08:02 29622417                   /home/bubeck/Documents/ProgStuff/JavaStuff/Warlocks/Warlocks/slick/natives-windows.jar
7fe7dc734000-7fe7dc735000 r--s 0006c000 08:02 29622415                   /home/bubeck/Documents/ProgStuff/JavaStuff/Warlocks/Warlocks/slick/natives-mac.jar
7fe7dc738000-7fe7dc739000 r--s 00090000 08:02 29622418                   /home/bubeck/Documents/ProgStuff/JavaStuff/Warlocks/Warlocks/slick/natives-linux.jar
7fe7dc739000-7fe7dc742000 r--s 000b9000 08:02 32377093                   /usr/lib/jvm/java-7-openjdk-amd64/jre/lib/resources.jar
7fe7dc748000-7fe7dc790000 r-xp 00000000 08:02 32374939                   /usr/lib/jvm/java-7-openjdk-amd64/jre/lib/amd64/xawt/libmawt.so
7fe7dc790000-7fe7dc98f000 ---p 00048000 08:02 32374939                   /usr/lib/jvm/java-7-openjdk-amd64/jre/lib/amd64/xawt/libmawt.so
7fe7dc98f000-7fe7dc990000 r--p 00047000 08:02 32374939                   /usr/lib/jvm/java-7-openjdk-amd64/jre/lib/amd64/xawt/libmawt.so
7fe7dc990000-7fe7dc993000 rw-p 00048000 08:02 32374939                   /usr/lib/jvm/java-7-openjdk-amd64/jre/lib/amd64/xawt/libmawt.so
7fe7dc993000-7fe7dc994000 rw-p 00000000 00:00 0 
7fe7dc998000-7fe7dca38000 r-xp 00000000 08:02 32381396                   /usr/lib/jvm/java-7-openjdk-amd64/jre/lib/amd64/libawt.so
7fe7dca38000-7fe7dcc38000 ---p 000a0000 08:02 32381396                   /usr/lib/jvm/java-7-openjdk-amd64/jre/lib/amd64/libawt.so
7fe7dcc38000-7fe7dcc39000 r--p 000a0000 08:02 32381396                   /usr/lib/jvm/java-7-openjdk-amd64/jre/lib/amd64/libawt.so
7fe7dcc39000-7fe7dcc44000 rw-p 000a1000 08:02 32381396                   /usr/lib/jvm/java-7-openjdk-amd64/jre/lib/amd64/libawt.so
7fe7dcc44000-7fe7dcc69000 rw-p 00000000 00:00 0 
7fe7dcc6a000-7fe7dcc78000 r--s 000f2000 08:02 29622416                   /home/bubeck/Documents/ProgStuff/JavaStuff/Warlocks/Warlocks/slick/lwjgl.jar
7fe7dcc7f000-7fe7dcc83000 r--s 00027000 08:02 29622423                   /home/bubeck/Documents/ProgStuff/JavaStuff/Warlocks/Warlocks/slick/lwjgl_util.jar
7fe7dcc88000-7fe7dcc89000 r--s 00008000 08:02 29622419                   /home/bubeck/Documents/ProgStuff/JavaStuff/Warlocks/Warlocks/slick/lwjgl_util_applet.jar
7fe7dcc8d000-7fe7dcc8f000 r--s 0000d000 08:02 29622424                   /home/bubeck/Documents/ProgStuff/JavaStuff/Warlocks/Warlocks/slick/jorbis-0.0.15.jar
7fe7dcc93000-7fe7dcc94000 ---p 00000000 00:00 0 
7fe7dcc94000-7fe7dcd94000 rw-p 00000000 00:00 0 
7fe7dcd94000-7fe7dcd97000 ---p 00000000 00:00 0 
7fe7dcd97000-7fe7dce95000 rw-p 00000000 00:00 0                          [stack:32339]
7fe7dce95000-7fe7dce98000 ---p 00000000 00:00 0 
7fe7dce98000-7fe7dcf96000 rw-p 00000000 00:00 0                          [stack:32338]
7fe7dcf96000-7fe7dcf99000 ---p 00000000 00:00 0 
7fe7dcf99000-7fe7dd097000 rw-p 00000000 00:00 0                          [stack:32337]
7fe7dd097000-7fe7dd09a000 ---p 00000000 00:00 0 
7fe7dd09a000-7fe7dd198000 rw-p 00000000 00:00 0                          [stack:32336]
7fe7dd198000-7fe7dd461000 r--p 00000000 08:02 32249739                   /usr/lib/locale/locale-archive
7fe7dd461000-7fe7dd464000 ---p 00000000 00:00 0 
7fe7dd464000-7fe7dd562000 rw-p 00000000 00:00 0                          [stack:32335]
7fe7dd562000-7fe7dd565000 ---p 00000000 00:00 0 
7fe7dd565000-7fe7dd663000 rw-p 00000000 00:00 0                          [stack:32334]
7fe7dd663000-7fe7dd664000 ---p 00000000 00:00 0 
7fe7dd664000-7fe7e1000000 rw-p 00000000 00:00 0                          [stack:32333]
7fe7e1000000-7fe7e1270000 rwxp 00000000 00:00 0 
7fe7e1270000-7fe7e4b66000 rw-p 00000000 00:00 0 
7fe7e4b66000-7fe7e8000000 ---p 00000000 00:00 0 
7fe7e8001000-7fe7e8002000 r--s 00001000 08:02 29622420                   /home/bubeck/Documents/ProgStuff/JavaStuff/Warlocks/Warlocks/slick/jogg-0.0.7.jar
7fe7e8008000-7fe7e800a000 r--s 00008000 08:02 29622414                   /home/bubeck/Documents/ProgStuff/JavaStuff/Warlocks/Warlocks/slick/ibxm.jar
7fe7e800a000-7fe7e800c000 r--s 00012000 08:02 32377080                   /usr/lib/jvm/java-7-openjdk-amd64/jre/lib/ext/zipfs.jar
7fe7e800f000-7fe7e8012000 r--s 0000f000 08:02 32377072                   /usr/lib/jvm/java-7-openjdk-amd64/jre/lib/ext/pulse-java.jar
7fe7e8012000-7fe7e8015000 r--s 00032000 08:02 32377066                   /usr/lib/jvm/java-7-openjdk-amd64/jre/lib/ext/sunjce_provider.jar
7fe7e8015000-7fe7e8019000 r--s 00085000 08:02 32377086                   /usr/lib/jvm/java-7-openjdk-amd64/jre/lib/ext/localedata.jar
7fe7e801a000-7fe7e801b000 r--s 00002000 08:02 32377083                   /usr/lib/jvm/java-7-openjdk-amd64/jre/lib/ext/dnsns.jar
7fe7e8020000-7fe7e8069000 rw-p 00000000 00:00 0 
7fe7e8069000-7fe7e821a000 r--s 01d21000 08:02 32374954                   /usr/lib/jvm/java-7-openjdk-amd64/jre/lib/rt.jar
7fe7e821b000-7fe7e8607000 rw-p 00000000 00:00 0 
7fe7e8607000-7fe7e8608000 ---p 00000000 00:00 0 
7fe7e8608000-7fe7e8708000 rw-p 00000000 00:00 0                          [stack:32332]
7fe7e8708000-7fe7e8709000 ---p 00000000 00:00 0 
7fe7e8709000-7fe7e8814000 rw-p 00000000 00:00 0                          [stack:32331]
7fe7e8814000-7fe7e885c000 rw-p 00000000 00:00 0 
7fe7e885c000-7fe7e8878000 rw-p 00000000 00:00 0 
7fe7e8878000-7fe7e8a1c000 rw-p 00000000 00:00 0 
7fe7e8a1c000-7fe7e8a27000 rw-p 00000000 00:00 0 
7fe7e8a27000-7fe7e8a6f000 rw-p 00000000 00:00 0 
7fe7e8a6f000-7fe7e8a8b000 rw-p 00000000 00:00 0 
7fe7e8a8b000-7fe7e8c2f000 rw-p 00000000 00:00 0 
7fe7e8c2f000-7fe7e8c5d000 rw-p 00000000 00:00 0 
7fe7e8c5d000-7fe7e8d0f000 rw-p 00000000 00:00 0 
7fe7e8d0f000-7fe7e8d10000 rw-p 00000000 00:00 0 
7fe7e8d10000-7fe7e8d18000 r-xp 00000000 08:02 32377153                   /usr/lib/jvm/java-7-openjdk-amd64/jre/lib/amd64/libzip.so
7fe7e8d18000-7fe7e8f17000 ---p 00008000 08:02 32377153                   /usr/lib/jvm/java-7-openjdk-amd64/jre/lib/amd64/libzip.so
7fe7e8f17000-7fe7e8f18000 r--p 00007000 08:02 32377153                   /usr/lib/jvm/java-7-openjdk-amd64/jre/lib/amd64/libzip.so
7fe7e8f18000-7fe7e8f19000 rw-p 00008000 08:02 32377153                   /usr/lib/jvm/java-7-openjdk-amd64/jre/lib/amd64/libzip.so
7fe7e8f20000-7fe7e8f2b000 r-xp 00000000 08:02 28840182                   /lib/x86_64-linux-gnu/libnss_files-2.19.so
7fe7e8f2b000-7fe7e912a000 ---p 0000b000 08:02 28840182                   /lib/x86_64-linux-gnu/libnss_files-2.19.so
7fe7e912a000-7fe7e912b000 r--p 0000a000 08:02 28840182                   /lib/x86_64-linux-gnu/libnss_files-2.19.so
7fe7e912b000-7fe7e912c000 rw-p 0000b000 08:02 28840182                   /lib/x86_64-linux-gnu/libnss_files-2.19.so
7fe7e9130000-7fe7e913b000 r-xp 00000000 08:02 28840183                   /lib/x86_64-linux-gnu/libnss_nis-2.19.so
7fe7e913b000-7fe7e933a000 ---p 0000b000 08:02 28840183                   /lib/x86_64-linux-gnu/libnss_nis-2.19.so
7fe7e933a000-7fe7e933b000 r--p 0000a000 08:02 28840183                   /lib/x86_64-linux-gnu/libnss_nis-2.19.so
7fe7e933b000-7fe7e933c000 rw-p 0000b000 08:02 28840183                   /lib/x86_64-linux-gnu/libnss_nis-2.19.so
7fe7e9340000-7fe7e9357000 r-xp 00000000 08:02 28840169                   /lib/x86_64-linux-gnu/libnsl-2.19.so
7fe7e9357000-7fe7e9556000 ---p 00017000 08:02 28840169                   /lib/x86_64-linux-gnu/libnsl-2.19.so
7fe7e9556000-7fe7e9557000 r--p 00016000 08:02 28840169                   /lib/x86_64-linux-gnu/libnsl-2.19.so
7fe7e9557000-7fe7e9558000 rw-p 00017000 08:02 28840169                   /lib/x86_64-linux-gnu/libnsl-2.19.so
7fe7e9558000-7fe7e955a000 rw-p 00000000 00:00 0 
7fe7e9560000-7fe7e9569000 r-xp 00000000 08:02 28835855                   /lib/x86_64-linux-gnu/libnss_compat-2.19.so
7fe7e9569000-7fe7e9768000 ---p 00009000 08:02 28835855                   /lib/x86_64-linux-gnu/libnss_compat-2.19.so
7fe7e9768000-7fe7e9769000 r--p 00008000 08:02 28835855                   /lib/x86_64-linux-gnu/libnss_compat-2.19.so
7fe7e9769000-7fe7e976a000 rw-p 00009000 08:02 28835855                   /lib/x86_64-linux-gnu/libnss_compat-2.19.so
7fe7e9770000-7fe7e979b000 r-xp 00000000 08:02 32377139                   /usr/lib/jvm/java-7-openjdk-amd64/jre/lib/amd64/libjava.so
7fe7e979b000-7fe7e999b000 ---p 0002b000 08:02 32377139                   /usr/lib/jvm/java-7-openjdk-amd64/jre/lib/amd64/libjava.so
7fe7e999b000-7fe7e999c000 r--p 0002b000 08:02 32377139                   /usr/lib/jvm/java-7-openjdk-amd64/jre/lib/amd64/libjava.so
7fe7e999c000-7fe7e999e000 rw-p 0002c000 08:02 32377139                   /usr/lib/jvm/java-7-openjdk-amd64/jre/lib/amd64/libjava.so
7fe7e99a0000-7fe7e99b0000 r-xp 00000000 08:02 32381416                   /usr/lib/jvm/java-7-openjdk-amd64/jre/lib/amd64/libverify.so
7fe7e99b0000-7fe7e9baf000 ---p 00010000 08:02 32381416                   /usr/lib/jvm/java-7-openjdk-amd64/jre/lib/amd64/libverify.so
7fe7e9baf000-7fe7e9bb1000 r--p 0000f000 08:02 32381416                   /usr/lib/jvm/java-7-openjdk-amd64/jre/lib/amd64/libverify.so
7fe7e9bb1000-7fe7e9bb2000 rw-p 00011000 08:02 32381416                   /usr/lib/jvm/java-7-openjdk-amd64/jre/lib/amd64/libverify.so
7fe7e9bb8000-7fe7e9bbf000 r-xp 00000000 08:02 28840171                   /lib/x86_64-linux-gnu/librt-2.19.so
7fe7e9bbf000-7fe7e9dbe000 ---p 00007000 08:02 28840171                   /lib/x86_64-linux-gnu/librt-2.19.so
7fe7e9dbe000-7fe7e9dbf000 r--p 00006000 08:02 28840171                   /lib/x86_64-linux-gnu/librt-2.19.so
7fe7e9dbf000-7fe7e9dc0000 rw-p 00007000 08:02 28840171                   /lib/x86_64-linux-gnu/librt-2.19.so
7fe7e9dc0000-7fe7e9dd6000 r-xp 00000000 08:02 28835869                   /lib/x86_64-linux-gnu/libgcc_s.so.1
7fe7e9dd6000-7fe7e9fd5000 ---p 00016000 08:02 28835869                   /lib/x86_64-linux-gnu/libgcc_s.so.1
7fe7e9fd5000-7fe7e9fd6000 rw-p 00015000 08:02 28835869                   /lib/x86_64-linux-gnu/libgcc_s.so.1
7fe7e9fd8000-7fe7ea0dd000 r-xp 00000000 08:02 28840178                   /lib/x86_64-linux-gnu/libm-2.19.so
7fe7ea0dd000-7fe7ea2dc000 ---p 00105000 08:02 28840178                   /lib/x86_64-linux-gnu/libm-2.19.so
7fe7ea2dc000-7fe7ea2dd000 r--p 00104000 08:02 28840178                   /lib/x86_64-linux-gnu/libm-2.19.so
7fe7ea2dd000-7fe7ea2de000 rw-p 00105000 08:02 28840178                   /lib/x86_64-linux-gnu/libm-2.19.so
7fe7ea2e0000-7fe7ea3c6000 r-xp 00000000 08:02 32252013                   /usr/lib/x86_64-linux-gnu/libstdc++.so.6.0.19
7fe7ea3c6000-7fe7ea5c5000 ---p 000e6000 08:02 32252013                   /usr/lib/x86_64-linux-gnu/libstdc++.so.6.0.19
7fe7ea5c5000-7fe7ea5cd000 r--p 000e5000 08:02 32252013                   /usr/lib/x86_64-linux-gnu/libstdc++.so.6.0.19
7fe7ea5cd000-7fe7ea5cf000 rw-p 000ed000 08:02 32252013                   /usr/lib/x86_64-linux-gnu/libstdc++.so.6.0.19
7fe7ea5cf000-7fe7ea5e4000 rw-p 00000000 00:00 0 
7fe7ea5e8000-7fe7eb0fe000 r-xp 00000000 08:02 32381406                   /usr/lib/jvm/java-7-openjdk-amd64/jre/lib/amd64/server/libjvm.so
7fe7eb0fe000-7fe7eb2fd000 ---p 00b16000 08:02 32381406                   /usr/lib/jvm/java-7-openjdk-amd64/jre/lib/amd64/server/libjvm.so
7fe7eb2fd000-7fe7eb397000 r--p 00b15000 08:02 32381406                   /usr/lib/jvm/java-7-openjdk-amd64/jre/lib/amd64/server/libjvm.so
7fe7eb397000-7fe7eb3ba000 rw-p 00baf000 08:02 32381406                   /usr/lib/jvm/java-7-openjdk-amd64/jre/lib/amd64/server/libjvm.so
7fe7eb3ba000-7fe7eb3e8000 rw-p 00000000 00:00 0 
7fe7eb3e8000-7fe7eb400000 r-xp 00000000 08:02 28840058                   /lib/x86_64-linux-gnu/libz.so.1.2.8
7fe7eb400000-7fe7eb5ff000 ---p 00018000 08:02 28840058                   /lib/x86_64-linux-gnu/libz.so.1.2.8
7fe7eb5ff000-7fe7eb600000 r--p 00017000 08:02 28840058                   /lib/x86_64-linux-gnu/libz.so.1.2.8
7fe7eb600000-7fe7eb601000 rw-p 00018000 08:02 28840058                   /lib/x86_64-linux-gnu/libz.so.1.2.8
7fe7eb608000-7fe7eb621000 r-xp 00000000 08:02 28840188                   /lib/x86_64-linux-gnu/libpthread-2.19.so
7fe7eb621000-7fe7eb820000 ---p 00019000 08:02 28840188                   /lib/x86_64-linux-gnu/libpthread-2.19.so
7fe7eb820000-7fe7eb821000 r--p 00018000 08:02 28840188                   /lib/x86_64-linux-gnu/libpthread-2.19.so
7fe7eb821000-7fe7eb822000 rw-p 00019000 08:02 28840188                   /lib/x86_64-linux-gnu/libpthread-2.19.so
7fe7eb822000-7fe7eb826000 rw-p 00000000 00:00 0 
7fe7eb828000-7fe7eb82b000 r-xp 00000000 08:02 28840187                   /lib/x86_64-linux-gnu/libdl-2.19.so
7fe7eb82b000-7fe7eba2a000 ---p 00003000 08:02 28840187                   /lib/x86_64-linux-gnu/libdl-2.19.so
7fe7eba2a000-7fe7eba2b000 r--p 00002000 08:02 28840187                   /lib/x86_64-linux-gnu/libdl-2.19.so
7fe7eba2b000-7fe7eba2c000 rw-p 00003000 08:02 28840187                   /lib/x86_64-linux-gnu/libdl-2.19.so
7fe7eba30000-7fe7ebbeb000 r-xp 00000000 08:02 28840175                   /lib/x86_64-linux-gnu/libc-2.19.so
7fe7ebbeb000-7fe7ebdeb000 ---p 001bb000 08:02 28840175                   /lib/x86_64-linux-gnu/libc-2.19.so
7fe7ebdeb000-7fe7ebdef000 r--p 001bb000 08:02 28840175                   /lib/x86_64-linux-gnu/libc-2.19.so
7fe7ebdef000-7fe7ebdf1000 rw-p 001bf000 08:02 28840175                   /lib/x86_64-linux-gnu/libc-2.19.so
7fe7ebdf1000-7fe7ebdf6000 rw-p 00000000 00:00 0 
7fe7ebdf8000-7fe7ebe05000 r-xp 00000000 08:02 32381419                   /usr/lib/jvm/java-7-openjdk-amd64/jre/lib/amd64/jli/libjli.so
7fe7ebe05000-7fe7ec004000 ---p 0000d000 08:02 32381419                   /usr/lib/jvm/java-7-openjdk-amd64/jre/lib/amd64/jli/libjli.so
7fe7ec004000-7fe7ec005000 r--p 0000c000 08:02 32381419                   /usr/lib/jvm/java-7-openjdk-amd64/jre/lib/amd64/jli/libjli.so
7fe7ec005000-7fe7ec006000 rw-p 0000d000 08:02 32381419                   /usr/lib/jvm/java-7-openjdk-amd64/jre/lib/amd64/jli/libjli.so
7fe7ec008000-7fe7ec02b000 r-xp 00000000 08:02 28840176                   /lib/x86_64-linux-gnu/ld-2.19.so
7fe7ec02e000-7fe7ec030000 r--s 00006000 08:02 32773116                   /usr/share/java/java-atk-wrapper.jar
7fe7ec034000-7fe7ec037000 r--s 0003c000 08:02 32377075                   /usr/lib/jvm/java-7-openjdk-amd64/jre/lib/ext/sunpkcs11.jar
7fe7ec03a000-7fe7ec062000 rw-p 00000000 00:00 0 
7fe7ec062000-7fe7ec118000 rw-p 00000000 00:00 0 
7fe7ec118000-7fe7ec120000 rw-s 00000000 08:02 44827144                   /tmp/hsperfdata_bubeck/32325
7fe7ec122000-7fe7ec124000 rw-p 00000000 00:00 0 
7fe7ec124000-7fe7ec125000 ---p 00000000 00:00 0 
7fe7ec125000-7fe7ec128000 ---p 00000000 00:00 0 
7fe7ec128000-7fe7ec22a000 rw-p 00000000 00:00 0                          [stack:32330]
7fe7ec22a000-7fe7ec22b000 r--p 00022000 08:02 28840176                   /lib/x86_64-linux-gnu/ld-2.19.so
7fe7ec22b000-7fe7ec22c000 rw-p 00023000 08:02 28840176                   /lib/x86_64-linux-gnu/ld-2.19.so
7fe7ec22c000-7fe7ec22e000 rw-p 00000000 00:00 0 
7fe7ec22e000-7fe7ec230000 rw-p 00000000 00:00 0 
7ffffc0c4000-7ffffc0e6000 rw-p 00000000 00:00 0                          [stack]
7ffffc200000-7ffffc202000 r-xp 00000000 00:00 0                          [vdso]
ffffffffff600000-ffffffffff601000 r-xp 00000000 00:00 0                  [vsyscall]

VM Arguments:
jvm_args: -Djava.library.path=/home/bubeck/Documents/ProgStuff/JavaStuff/Warlocks/Warlocks/lwjgl-2.9.3/native/linux -Dfile.encoding=UTF-8 
java_command: basic.Main
Launcher Type: SUN_STANDARD

Environment Variables:
PATH=/usr/local/sbin:/usr/local/bin:/usr/sbin:/usr/bin:/sbin:/bin:/usr/games:/usr/local/games
USERNAME=bubeck
SHELL=/bin/bash
DISPLAY=:0

Signal Handlers:
SIGSEGV: [libjvm.so+0x949180], sa_mask[0]=0x7ffbfeff, sa_flags=0x10000004
SIGBUS: [libjvm.so+0x949180], sa_mask[0]=0x7ffbfeff, sa_flags=0x10000004
SIGFPE: [libjvm.so+0x7c2ec0], sa_mask[0]=0x7ffbfeff, sa_flags=0x10000004
SIGPIPE: [libjvm.so+0x7c2ec0], sa_mask[0]=0x7ffbfeff, sa_flags=0x10000004
SIGXFSZ: [libjvm.so+0x7c2ec0], sa_mask[0]=0x7ffbfeff, sa_flags=0x10000004
SIGILL: [libjvm.so+0x7c2ec0], sa_mask[0]=0x7ffbfeff, sa_flags=0x10000004
SIGUSR1: SIG_DFL, sa_mask[0]=0x00000000, sa_flags=0x00000000
SIGUSR2: [libjvm.so+0x7c2d60], sa_mask[0]=0x00000004, sa_flags=0x10000004
SIGHUP: [libjvm.so+0x7c2f40], sa_mask[0]=0x7ffbfeff, sa_flags=0x10000004
SIGINT: [libjvm.so+0x7c2f40], sa_mask[0]=0x7ffbfeff, sa_flags=0x10000004
SIGTERM: [libjvm.so+0x7c2f40], sa_mask[0]=0x7ffbfeff, sa_flags=0x10000004
SIGQUIT: [libjvm.so+0x7c2f40], sa_mask[0]=0x7ffbfeff, sa_flags=0x10000004
SIGTRAP: SIG_DFL, sa_mask[0]=0x00000000, sa_flags=0x00000000


---------------  S Y S T E M  ---------------

OS:LinuxMint 17 (qiana)
uname:Linux 3.13.0-24-generic #46-Ubuntu SMP Thu Apr 10 19:11:08 UTC 2014 x86_64
libc:glibc 2.19 NPTL 2.19 
rlimit: STACK 8192k, CORE 0k, NPROC 42325, NOFILE 4096, AS infinity
load average:0.60 0.71 0.84

/proc/meminfo:
MemTotal:        5500824 kB
MemFree:          499996 kB
Buffers:           98820 kB
Cached:           691576 kB
SwapCached:       324268 kB
Active:          2709860 kB
Inactive:        1449080 kB
Active(anon):    2257140 kB
Inactive(anon):  1146768 kB
Active(file):     452720 kB
Inactive(file):   302312 kB
Unevictable:           0 kB
Mlocked:               0 kB
SwapTotal:       5736444 kB
SwapFree:        4146728 kB
Dirty:               620 kB
Writeback:             0 kB
AnonPages:       3122716 kB
Mapped:           428456 kB
Shmem:             35316 kB
Slab:             268280 kB
SReclaimable:     180184 kB
SUnreclaim:        88096 kB
KernelStack:        4184 kB
PageTables:        38840 kB
NFS_Unstable:          0 kB
Bounce:                0 kB
WritebackTmp:          0 kB
CommitLimit:     8486856 kB
Committed_AS:    7523340 kB
VmallocTotal:   34359738367 kB
VmallocUsed:      112644 kB
VmallocChunk:   34359585160 kB
HardwareCorrupted:     0 kB
AnonHugePages:    591872 kB
HugePages_Total:       0
HugePages_Free:        0
HugePages_Rsvd:        0
HugePages_Surp:        0
Hugepagesize:       2048 kB
DirectMap4k:     4717312 kB
DirectMap2M:     1019904 kB
DirectMap1G:           0 kB


CPU:total 2 (2 cores per cpu, 1 threads per core) family 21 model 16 stepping 1, cmov, cx8, fxsr, mmx, sse, sse2, sse3, ssse3, sse4.1, sse4.2, popcnt, avx, aes, mmxext, 3dnowpref, lzcnt, sse4a, tsc, tscinvbit, tscinv

/proc/cpuinfo:
processor	: 0
vendor_id	: AuthenticAMD
cpu family	: 21
model		: 16
model name	: AMD A4-4300M APU with Radeon(tm) HD Graphics
stepping	: 1
microcode	: 0x6001116
cpu MHz		: 2500.000
cache size	: 1024 KB
physical id	: 0
siblings	: 2
core id		: 0
cpu cores	: 1
apicid		: 16
initial apicid	: 0
fpu		: yes
fpu_exception	: yes
cpuid level	: 13
wp		: yes
flags		: fpu vme de pse tsc msr pae mce cx8 apic sep mtrr pge mca cmov pat pse36 clflush mmx fxsr sse sse2 ht syscall nx mmxext fxsr_opt pdpe1gb rdtscp lm constant_tsc rep_good nopl nonstop_tsc extd_apicid aperfmperf pni pclmulqdq monitor ssse3 fma cx16 sse4_1 sse4_2 popcnt aes xsave avx f16c lahf_lm cmp_legacy svm extapic cr8_legacy abm sse4a misalignsse 3dnowprefetch osvw ibs xop skinit wdt lwp fma4 tce nodeid_msr tbm topoext perfctr_core perfctr_nb arat cpb hw_pstate npt lbrv svm_lock nrip_save tsc_scale vmcb_clean flushbyasid decodeassists pausefilter pfthreshold bmi1
bogomips	: 4990.24
TLB size	: 1536 4K pages
clflush size	: 64
cache_alignment	: 64
address sizes	: 48 bits physical, 48 bits virtual
power management: ts ttp tm 100mhzsteps hwpstate cpb eff_freq_ro

processor	: 1
vendor_id	: AuthenticAMD
cpu family	: 21
model		: 16
model name	: AMD A4-4300M APU with Radeon(tm) HD Graphics   
stepping	: 1
microcode	: 0x6001116
cpu MHz		: 2500.000
cache size	: 1024 KB
physical id	: 0
siblings	: 2
core id		: 1
cpu cores	: 1
apicid		: 17
initial apicid	: 1
fpu		: yes
fpu_exception	: yes
cpuid level	: 13
wp		: yes
flags		: fpu vme de pse tsc msr pae mce cx8 apic sep mtrr pge mca cmov pat pse36 clflush mmx fxsr sse sse2 ht syscall nx mmxext fxsr_opt pdpe1gb rdtscp lm constant_tsc rep_good nopl nonstop_tsc extd_apicid aperfmperf pni pclmulqdq monitor ssse3 fma cx16 sse4_1 sse4_2 popcnt aes xsave avx f16c lahf_lm cmp_legacy svm extapic cr8_legacy abm sse4a misalignsse 3dnowprefetch osvw ibs xop skinit wdt lwp fma4 tce nodeid_msr tbm topoext perfctr_core perfctr_nb arat cpb hw_pstate npt lbrv svm_lock nrip_save tsc_scale vmcb_clean flushbyasid decodeassists pausefilter pfthreshold bmi1
bogomips	: 4990.24
TLB size	: 1536 4K pages
clflush size	: 64
cache_alignment	: 64
address sizes	: 48 bits physical, 48 bits virtual
power management: ts ttp tm 100mhzsteps hwpstate cpb eff_freq_ro



Memory: 4k page, physical 5500824k(499996k free), swap 5736444k(4146728k free)

vm_info: OpenJDK 64-Bit Server VM (24.65-b04) for linux-amd64 JRE (1.7.0_65-b32), built on Sep 10 2014 05:56:05 by "buildd" with gcc 4.8.2

time: Mon Mar 30 03:46:01 2015
elapsed time: 18 seconds

