#
# A fatal error has been detected by the Java Runtime Environment:
#
#  SIGSEGV (0xb) at pc=0x00007fc3c74eef2e, pid=9194, tid=140477792188160
#
# JRE version: OpenJDK Runtime Environment (7.0_65-b32) (build 1.7.0_65-b32)
# Java VM: OpenJDK 64-Bit Server VM (24.65-b04 mixed mode linux-amd64 compressed oops)
# Derivative: IcedTea 2.5.2
# Distribution: Ubuntu 14.04 LTS, package 7u65-2.5.2-3~14.04
# Problematic frame:
# C  [libpthread.so.0+0xef2e]  __lll_lock_wait+0x1e
#
# Failed to write core dump. Core dumps have been disabled. To enable core dumping, try "ulimit -c unlimited" before starting Java again
#
# If you would like to submit a bug report, please include
# instructions on how to reproduce the bug and visit:
#   http://icedtea.classpath.org/bugzilla
# The crash happened outside the Java Virtual Machine in native code.
# See problematic frame for where to report the bug.
#

---------------  T H R E A D  ---------------

Current thread (0x00007fc374001800):  JavaThread "Thread-2" [_thread_in_native, id=9217, stack(0x00007fc388d6f000,0x00007fc388e70000)]

siginfo:si_signo=SIGSEGV: si_errno=0, si_code=1 (SEGV_MAPERR), si_addr=0x00007fc388d67a40

Registers:
RAX=0x0000000000000002, RBX=0x0000000000000000, RCX=0xffffffffffffffff, RDX=0x0000000000000002
RSP=0x00007fc388e6e6f8, RBP=0x0000000000001016, RSI=0x0000000000000080, RDI=0x00007fc388d67a40
R8 =0x00007fc388d67a40, R9 =0x0000000000000000, R10=0x0000000000000000, R11=0x0000000000000202
R12=0x0000000000000001, R13=0x00007fc388e6e7ec, R14=0x00007fc388e6e878, R15=0x00007fc374001800
RIP=0x00007fc3c74eef2e, EFLAGS=0x0000000000010202, CSGSFS=0x28b9000000000033, ERR=0x0000000000000006
  TRAPNO=0x000000000000000e

Top of Stack: (sp=0x00007fc388e6e6f8)
0x00007fc388e6e6f8:   0000000000000000 00007fc3bd01272c
0x00007fc388e6e708:   00007fc3c74ea672 0000000000000007
0x00007fc388e6e718:   0000000000000000 00007fc388e6e7b0
0x00007fc388e6e728:   00007fc3c7a1146d 00007fc388e6e7b0
0x00007fc388e6e738:   00007fc3c6c8bda0 0000000000000001
0x00007fc388e6e748:   000007fc37400180 00007fc388e6e770
0x00007fc388e6e758:   00007fc374001f00 00024bf188f0eb2a
0x00007fc388e6e768:   0000000000000000 000000000009dd32
0x00007fc388e6e778:   000000002a53772a 00007fc374038280
0x00007fc388e6e788:   0000000000000014 0000000000000000
0x00007fc388e6e798:   00007fc388b2d3f4 00000000a21c7160
0x00007fc388e6e7a8:   00007fc388b27585 00007fc388e6e7e0
0x00007fc388e6e7b8:   00000000a21c7160 00007fc388e6e850
0x00007fc388e6e7c8:   0000000000000000 00000000a21c7160
0x00007fc388e6e7d8:   00007fc38aaa50d3 000000003f800000
0x00007fc388e6e7e8:   00007fc3bd012c6c 0000000000000005
0x00007fc388e6e7f8:   00007fc3bd012758 00007fc388e6e801
0x00007fc388e6e808:   0000000000000000 00007fc388e6e810
0x00007fc388e6e818:   0000000000000000 00007fc388e6e878
0x00007fc388e6e828:   00000000a21ca178 0000000000000000
0x00007fc388e6e838:   00000000a21c7160 0000000000000000
0x00007fc388e6e848:   00007fc388e6e870 00007fc388e6e8c0
0x00007fc388e6e858:   00007fc3bd0061d4 00000000e6b2af18
0x00007fc388e6e868:   00007fc3bd00ecd6 0000000000001016
0x00007fc388e6e878:   0000000000000001 00007fc388e6e880
0x00007fc388e6e888:   00000000a21c706a 00007fc388e6e8e0
0x00007fc388e6e898:   00000000a21ca178 0000000000000000
0x00007fc388e6e8a8:   00000000a21c70a0 00007fc388e6e870
0x00007fc388e6e8b8:   00007fc388e6e8d8 00007fc388e6e928
0x00007fc388e6e8c8:   00007fc3bd0061d4 0000000000000000
0x00007fc388e6e8d8:   0000000000001016 0000000000000001
0x00007fc388e6e8e8:   00007fc388e6e8e8 00000000a21b505d 

Instructions: (pc=0x00007fc3c74eef2e)
0x00007fc3c74eef0e:   00 00 41 52 52 4d 31 d2 ba 02 00 00 00 81 f6 80
0x00007fc3c74eef1e:   00 00 00 39 d0 75 07 b8 ca 00 00 00 0f 05 89 d0
0x00007fc3c74eef2e:   87 07 85 c0 75 f1 5a 41 5a c3 0f 1f 84 00 00 00
0x00007fc3c74eef3e:   00 00 83 3d d9 e4 20 00 00 74 4b 48 83 3a 00 78 

Register to memory mapping:

RAX=0x0000000000000002 is an unknown value
RBX=0x0000000000000000 is an unknown value
RCX=0xffffffffffffffff is an unknown value
RDX=0x0000000000000002 is an unknown value
RSP=0x00007fc388e6e6f8 is pointing into the stack for thread: 0x00007fc374001800
RBP=0x0000000000001016 is an unknown value
RSI=0x0000000000000080 is an unknown value
RDI=0x00007fc388d67a40 is an unknown value
R8 =0x00007fc388d67a40 is an unknown value
R9 =0x0000000000000000 is an unknown value
R10=0x0000000000000000 is an unknown value
R11=0x0000000000000202 is an unknown value
R12=0x0000000000000001 is an unknown value
R13=0x00007fc388e6e7ec is pointing into the stack for thread: 0x00007fc374001800
R14=0x00007fc388e6e878 is pointing into the stack for thread: 0x00007fc374001800
R15=0x00007fc374001800 is a thread


Stack: [0x00007fc388d6f000,0x00007fc388e70000],  sp=0x00007fc388e6e6f8,  free space=1021k
Native frames: (J=compiled Java code, j=interpreted, Vv=VM code, C=native code)
C  [libpthread.so.0+0xef2e]  __lll_lock_wait+0x1e

Java frames: (J=compiled Java code, j=interpreted, Vv=VM code)
j  org.lwjgl.openal.AL10.nalGetSourcei(II)I+0
j  org.lwjgl.openal.AL10.alGetSourcei(II)I+2
j  paulscode.sound.libraries.ChannelLWJGLOpenAL.buffersProcessed()I+21
j  paulscode.sound.Source.stream()Z+110
j  paulscode.sound.StreamThread.run()V+160
v  ~StubRoutines::call_stub

---------------  P R O C E S S  ---------------

Java Threads: ( => current thread )
  0x00007fc3c0318800 JavaThread "XToolkt-Shutdown-Thread" [_thread_blocked, id=9222, stack(0x00007fc378047000,0x00007fc378148000)]
=>0x00007fc374001800 JavaThread "Thread-2" [_thread_in_native, id=9217, stack(0x00007fc388d6f000,0x00007fc388e70000)]
  0x00007fc3c07a4000 JavaThread "Thread-1" [_thread_blocked, id=9216, stack(0x00007fc388e70000,0x00007fc388f71000)]
  0x00007fc3c01d4800 JavaThread "process reaper" daemon [_thread_blocked, id=9214, stack(0x00007fc3b8067000,0x00007fc3b80a0000)]
  0x00007fc3c01ce000 JavaThread "AWT-XAWT" daemon [_thread_blocked, id=9212, stack(0x00007fc390006000,0x00007fc390107000)]
  0x00007fc3c01af800 JavaThread "Java2D Disposer" daemon [_thread_blocked, id=9211, stack(0x00007fc390107000,0x00007fc390208000)]
  0x00007fc3c00a2800 JavaThread "Service Thread" daemon [_thread_blocked, id=9209, stack(0x00007fc3b8c3c000,0x00007fc3b8d3d000)]
  0x00007fc3c00a0000 JavaThread "C2 CompilerThread1" daemon [_thread_blocked, id=9208, stack(0x00007fc3b8d3d000,0x00007fc3b8e3e000)]
  0x00007fc3c009d000 JavaThread "C2 CompilerThread0" daemon [_thread_blocked, id=9207, stack(0x00007fc3b8e3e000,0x00007fc3b8f3f000)]
  0x00007fc3c0078000 JavaThread "Finalizer" daemon [_thread_blocked, id=9204, stack(0x00007fc3b930d000,0x00007fc3b940e000)]
  0x00007fc3c0076000 JavaThread "Reference Handler" daemon [_thread_blocked, id=9203, stack(0x00007fc3b940e000,0x00007fc3b950f000)]
  0x00007fc3c000a800 JavaThread "main" [_thread_blocked, id=9196, stack(0x00007fc3c7fff000,0x00007fc3c8100000)]

Other Threads:
  0x00007fc3c0071800 VMThread [stack: 0x00007fc3b950f000,0x00007fc3b9610000] [id=9202]

VM state:at safepoint (normal execution)

VM Mutex/Monitor currently owned by a thread:  ([mutex/lock_event])
[0x00007fc3c0006b40] Threads_lock - owner thread: 0x00007fc3c0071800

Heap
 PSYoungGen      total 46592K, used 7813K [0x00000000e4000000, 0x00000000e9b00000, 0x0000000100000000)
  eden space 43008K, 11% used [0x00000000e4000000,0x00000000e44b8c70,0x00000000e6a00000)
  from space 3584K, 83% used [0x00000000e6a00000,0x00000000e6ce8a88,0x00000000e6d80000)
  to   space 3584K, 0% used [0x00000000e9780000,0x00000000e9780000,0x00000000e9b00000)
 ParOldGen       total 57344K, used 8K [0x00000000ac000000, 0x00000000af800000, 0x00000000e4000000)
  object space 57344K, 0% used [0x00000000ac000000,0x00000000ac002000,0x00000000af800000)
 PSPermGen       total 21504K, used 8530K [0x00000000a1a00000, 0x00000000a2f00000, 0x00000000ac000000)
  object space 21504K, 39% used [0x00000000a1a00000,0x00000000a2254a10,0x00000000a2f00000)

Card table byte_map: [0x00007fc3c48f4000,0x00007fc3c4be8000] byte_map_base: 0x00007fc3c43e7000

Polling page: 0x00007fc3c8105000

Code Cache  [0x00007fc3bd000000, 0x00007fc3bd270000, 0x00007fc3c0000000)
 total_blobs=559 nmethods=67 adapters=447 free_code_cache=48379Kb largest_free_block=49505216

Compilation events (10 events):
Event: 6.051 Thread 0x00007fc3c009d000   63             org.lwjgl.opengl.GLContext::getCapabilitiesImpl (23 bytes)
Event: 6.052 Thread 0x00007fc3c00a0000   64             org.lwjgl.BufferChecks::checkFunctionAddress (23 bytes)
Event: 6.053 Thread 0x00007fc3c00a0000 nmethod 64 0x00007fc3bd0b7b90 code [0x00007fc3bd0b7cc0, 0x00007fc3bd0b7d18]
Event: 6.053 Thread 0x00007fc3c009d000 nmethod 63 0x00007fc3bd0b8390 code [0x00007fc3bd0b84e0, 0x00007fc3bd0b8578]
Event: 6.933 Thread 0x00007fc3c00a0000   65             java.nio.DirectByteBuffer::put (18 bytes)
Event: 6.937 Thread 0x00007fc3c00a0000 nmethod 65 0x00007fc3bd0a92d0 code [0x00007fc3bd0a9400, 0x00007fc3bd0a9498]
Event: 6.965 Thread 0x00007fc3c009d000   66             org.lwjgl.opengl.Sync$RunningAvg::avg (37 bytes)
Event: 6.973 Thread 0x00007fc3c009d000 nmethod 66 0x00007fc3bd09ef10 code [0x00007fc3bd09f060, 0x00007fc3bd09f198]
Event: 9.465 Thread 0x00007fc3c00a0000   67             java.util.HashMap::indexFor (6 bytes)
Event: 9.466 Thread 0x00007fc3c00a0000 nmethod 67 0x00007fc3bd0918d0 code [0x00007fc3bd091a00, 0x00007fc3bd091a38]

GC Heap History (10 events):
Event: 2.553 GC heap before
{Heap before GC invocations=1 (full 0):
 PSYoungGen      total 25088K, used 21387K [0x00000000e4000000, 0x00000000e5c00000, 0x0000000100000000)
  eden space 21504K, 99% used [0x00000000e4000000,0x00000000e54e2d10,0x00000000e5500000)
  from space 3584K, 0% used [0x00000000e5880000,0x00000000e5880000,0x00000000e5c00000)
  to   space 3584K, 0% used [0x00000000e5500000,0x00000000e5500000,0x00000000e5880000)
 ParOldGen       total 57344K, used 0K [0x00000000ac000000, 0x00000000af800000, 0x00000000e4000000)
  object space 57344K, 0% used [0x00000000ac000000,0x00000000ac000000,0x00000000af800000)
 PSPermGen       total 21504K, used 8379K [0x00000000a1a00000, 0x00000000a2f00000, 0x00000000ac000000)
  object space 21504K, 38% used [0x00000000a1a00000,0x00000000a222ede8,0x00000000a2f00000)
Event: 2.576 GC heap after
Heap after GC invocations=1 (full 0):
 PSYoungGen      total 25088K, used 2630K [0x00000000e4000000, 0x00000000e5c00000, 0x0000000100000000)
  eden space 21504K, 0% used [0x00000000e4000000,0x00000000e4000000,0x00000000e5500000)
  from space 3584K, 73% used [0x00000000e5500000,0x00000000e5791a80,0x00000000e5880000)
  to   space 3584K, 0% used [0x00000000e5880000,0x00000000e5880000,0x00000000e5c00000)
 ParOldGen       total 57344K, used 8K [0x00000000ac000000, 0x00000000af800000, 0x00000000e4000000)
  object space 57344K, 0% used [0x00000000ac000000,0x00000000ac002000,0x00000000af800000)
 PSPermGen       total 21504K, used 8379K [0x00000000a1a00000, 0x00000000a2f00000, 0x00000000ac000000)
  object space 21504K, 38% used [0x00000000a1a00000,0x00000000a222ede8,0x00000000a2f00000)
}
Event: 2.766 GC heap before
{Heap before GC invocations=2 (full 0):
 PSYoungGen      total 25088K, used 24098K [0x00000000e4000000, 0x00000000e5c00000, 0x0000000100000000)
  eden space 21504K, 99% used [0x00000000e4000000,0x00000000e54f6f20,0x00000000e5500000)
  from space 3584K, 73% used [0x00000000e5500000,0x00000000e5791a80,0x00000000e5880000)
  to   space 3584K, 0% used [0x00000000e5880000,0x00000000e5880000,0x00000000e5c00000)
 ParOldGen       total 57344K, used 8K [0x00000000ac000000, 0x00000000af800000, 0x00000000e4000000)
  object space 57344K, 0% used [0x00000000ac000000,0x00000000ac002000,0x00000000af800000)
 PSPermGen       total 21504K, used 8379K [0x00000000a1a00000, 0x00000000a2f00000, 0x00000000ac000000)
  object space 21504K, 38% used [0x00000000a1a00000,0x00000000a222ee90,0x00000000a2f00000)
Event: 2.787 GC heap after
Heap after GC invocations=2 (full 0):
 PSYoungGen      total 25088K, used 1857K [0x00000000e4000000, 0x00000000e7100000, 0x0000000100000000)
  eden space 21504K, 0% used [0x00000000e4000000,0x00000000e4000000,0x00000000e5500000)
  from space 3584K, 51% used [0x00000000e5880000,0x00000000e5a505b0,0x00000000e5c00000)
  to   space 3584K, 0% used [0x00000000e5500000,0x00000000e5500000,0x00000000e5880000)
 ParOldGen       total 57344K, used 8K [0x00000000ac000000, 0x00000000af800000, 0x00000000e4000000)
  object space 57344K, 0% used [0x00000000ac000000,0x00000000ac002000,0x00000000af800000)
 PSPermGen       total 21504K, used 8379K [0x00000000a1a00000, 0x00000000a2f00000, 0x00000000ac000000)
  object space 21504K, 38% used [0x00000000a1a00000,0x00000000a222ee90,0x00000000a2f00000)
}
Event: 2.847 GC heap before
{Heap before GC invocations=3 (full 0):
 PSYoungGen      total 25088K, used 23158K [0x00000000e4000000, 0x00000000e7100000, 0x0000000100000000)
  eden space 21504K, 99% used [0x00000000e4000000,0x00000000e54cd2a8,0x00000000e5500000)
  from space 3584K, 51% used [0x00000000e5880000,0x00000000e5a505b0,0x00000000e5c00000)
  to   space 3584K, 0% used [0x00000000e5500000,0x00000000e5500000,0x00000000e5880000)
 ParOldGen       total 57344K, used 8K [0x00000000ac000000, 0x00000000af800000, 0x00000000e4000000)
  object space 57344K, 0% used [0x00000000ac000000,0x00000000ac002000,0x00000000af800000)
 PSPermGen       total 21504K, used 8379K [0x00000000a1a00000, 0x00000000a2f00000, 0x00000000ac000000)
  object space 21504K, 38% used [0x00000000a1a00000,0x00000000a222ee90,0x00000000a2f00000)
Event: 2.858 GC heap after
Heap after GC invocations=3 (full 0):
 PSYoungGen      total 25088K, used 1959K [0x00000000e4000000, 0x00000000e7100000, 0x0000000100000000)
  eden space 21504K, 0% used [0x00000000e4000000,0x00000000e4000000,0x00000000e5500000)
  from space 3584K, 54% used [0x00000000e5500000,0x00000000e56e9db0,0x00000000e5880000)
  to   space 3584K, 0% used [0x00000000e6d80000,0x00000000e6d80000,0x00000000e7100000)
 ParOldGen       total 57344K, used 8K [0x00000000ac000000, 0x00000000af800000, 0x00000000e4000000)
  object space 57344K, 0% used [0x00000000ac000000,0x00000000ac002000,0x00000000af800000)
 PSPermGen       total 21504K, used 8379K [0x00000000a1a00000, 0x00000000a2f00000, 0x00000000ac000000)
  object space 21504K, 38% used [0x00000000a1a00000,0x00000000a222ee90,0x00000000a2f00000)
}
Event: 2.920 GC heap before
{Heap before GC invocations=4 (full 0):
 PSYoungGen      total 25088K, used 23347K [0x00000000e4000000, 0x00000000e7100000, 0x0000000100000000)
  eden space 21504K, 99% used [0x00000000e4000000,0x00000000e54e3108,0x00000000e5500000)
  from space 3584K, 54% used [0x00000000e5500000,0x00000000e56e9db0,0x00000000e5880000)
  to   space 3584K, 0% used [0x00000000e6d80000,0x00000000e6d80000,0x00000000e7100000)
 ParOldGen       total 57344K, used 8K [0x00000000ac000000, 0x00000000af800000, 0x00000000e4000000)
  object space 57344K, 0% used [0x00000000ac000000,0x00000000ac002000,0x00000000af800000)
 PSPermGen       total 21504K, used 8379K [0x00000000a1a00000, 0x00000000a2f00000, 0x00000000ac000000)
  object space 21504K, 38% used [0x00000000a1a00000,0x00000000a222ef50,0x00000000a2f00000)
Event: 2.932 GC heap after
Heap after GC invocations=4 (full 0):
 PSYoungGen      total 46592K, used 2253K [0x00000000e4000000, 0x00000000e7100000, 0x0000000100000000)
  eden space 43008K, 0% used [0x00000000e4000000,0x00000000e4000000,0x00000000e6a00000)
  from space 3584K, 62% used [0x00000000e6d80000,0x00000000e6fb35d0,0x00000000e7100000)
  to   space 3584K, 0% used [0x00000000e6a00000,0x00000000e6a00000,0x00000000e6d80000)
 ParOldGen       total 57344K, used 8K [0x00000000ac000000, 0x00000000af800000, 0x00000000e4000000)
  object space 57344K, 0% used [0x00000000ac000000,0x00000000ac002000,0x00000000af800000)
 PSPermGen       total 21504K, used 8379K [0x00000000a1a00000, 0x00000000a2f00000, 0x00000000ac000000)
  object space 21504K, 38% used [0x00000000a1a00000,0x00000000a222ef50,0x00000000a2f00000)
}
Event: 7.788 GC heap before
{Heap before GC invocations=5 (full 0):
 PSYoungGen      total 46592K, used 45236K [0x00000000e4000000, 0x00000000e7100000, 0x0000000100000000)
  eden space 43008K, 99% used [0x00000000e4000000,0x00000000e69f9a80,0x00000000e6a00000)
  from space 3584K, 62% used [0x00000000e6d80000,0x00000000e6fb35d0,0x00000000e7100000)
  to   space 3584K, 0% used [0x00000000e6a00000,0x00000000e6a00000,0x00000000e6d80000)
 ParOldGen       total 57344K, used 8K [0x00000000ac000000, 0x00000000af800000, 0x00000000e4000000)
  object space 57344K, 0% used [0x00000000ac000000,0x00000000ac002000,0x00000000af800000)
 PSPermGen       total 21504K, used 8491K [0x00000000a1a00000, 0x00000000a2f00000, 0x00000000ac000000)
  object space 21504K, 39% used [0x00000000a1a00000,0x00000000a224ae08,0x00000000a2f00000)
Event: 7.800 GC heap after
Heap after GC invocations=5 (full 0):
 PSYoungGen      total 46592K, used 2978K [0x00000000e4000000, 0x00000000e9b00000, 0x0000000100000000)
  eden space 43008K, 0% used [0x00000000e4000000,0x00000000e4000000,0x00000000e6a00000)
  from space 3584K, 83% used [0x00000000e6a00000,0x00000000e6ce8a88,0x00000000e6d80000)
  to   space 3584K, 0% used [0x00000000e9780000,0x00000000e9780000,0x00000000e9b00000)
 ParOldGen       total 57344K, used 8K [0x00000000ac000000, 0x00000000af800000, 0x00000000e4000000)
  object space 57344K, 0% used [0x00000000ac000000,0x00000000ac002000,0x00000000af800000)
 PSPermGen       total 21504K, used 8491K [0x00000000a1a00000, 0x00000000a2f00000, 0x00000000ac000000)
  object space 21504K, 39% used [0x00000000a1a00000,0x00000000a224ae08,0x00000000a2f00000)
}

Deoptimization events (3 events):
Event: 2.976 Thread 0x00007fc374001800 Uncommon trap: reason=unreached action=reinterpret pc=0x00007fc3bd0a3d64 method=com.jcraft.jorbis.Block.synthesis(Lcom/jcraft/jogg/Packet;)I @ 217
Event: 2.977 Thread 0x00007fc374001800 Uncommon trap: reason=unreached action=reinterpret pc=0x00007fc3bd0a6264 method=com.jcraft.jorbis.Mapping0.inverse(Lcom/jcraft/jorbis/Block;Ljava/lang/Object;)I @ 214
Event: 2.978 Thread 0x00007fc374001800 Uncommon trap: reason=unreached action=reinterpret pc=0x00007fc3bd094800 method=com.jcraft.jorbis.Floor1.inverse2(Lcom/jcraft/jorbis/Block;Ljava/lang/Object;Ljava/lang/Object;[F)I @ 33

Internal exceptions (10 events):
Event: 2.068 Thread 0x00007fc3c000a800 Threw 0x00000000e46d5100 at /build/buildd/openjdk-7-7u65-2.5.2/build/openjdk/hotspot/src/share/vm/prims/jvm.cpp:1247
Event: 2.068 Thread 0x00007fc3c07a4000 Threw 0x00000000e48c36d8 at /build/buildd/openjdk-7-7u65-2.5.2/build/openjdk/hotspot/src/share/vm/prims/jvm.cpp:2968
Event: 2.069 Thread 0x00007fc3c000a800 Threw 0x00000000e46d7330 at /build/buildd/openjdk-7-7u65-2.5.2/build/openjdk/hotspot/src/share/vm/prims/jvm.cpp:1247
Event: 2.101 Thread 0x00007fc3c000a800 Threw 0x00000000e46e1d30 at /build/buildd/openjdk-7-7u65-2.5.2/build/openjdk/hotspot/src/share/vm/prims/jvm.cpp:1247
Event: 2.102 Thread 0x00007fc3c000a800 Threw 0x00000000e46e6300 at /build/buildd/openjdk-7-7u65-2.5.2/build/openjdk/hotspot/src/share/vm/prims/jvm.cpp:1247
Event: 2.962 Thread 0x00007fc374001800 Threw 0x00000000e408d9b8 at /build/buildd/openjdk-7-7u65-2.5.2/build/openjdk/hotspot/src/share/vm/prims/jvm.cpp:2920
Event: 2.976 Thread 0x00007fc374001800 Implicit null exception at 0x00007fc3bd0a3420 to 0x00007fc3bd0a3d59
Event: 4.735 Thread 0x00007fc3c000a800 Threw 0x00000000e4053748 at /build/buildd/openjdk-7-7u65-2.5.2/build/openjdk/hotspot/src/share/vm/prims/jvm.cpp:1247
Event: 9.594 Thread 0x00007fc3c000a800 Threw 0x00000000e423d7d8 at /build/buildd/openjdk-7-7u65-2.5.2/build/openjdk/hotspot/src/share/vm/prims/jvm.cpp:1247
Event: 9.604 Thread 0x00007fc3c000a800 Threw 0x00000000e4242470 at /build/buildd/openjdk-7-7u65-2.5.2/build/openjdk/hotspot/src/share/vm/prims/jvm.cpp:1247

Events (10 events):
Event: 9.653 loading class 0x00007fc394067160 done
Event: 9.654 Thread 0x00007fc3c0318800 Thread added: 0x00007fc3c0318800
Event: 9.654 loading class 0x00007fc3a005d3f0
Event: 9.654 loading class 0x00007fc3a009d190
Event: 9.654 loading class 0x00007fc3a009d190 done
Event: 9.654 loading class 0x00007fc3a009d1c0
Event: 9.654 loading class 0x00007fc3a009d1c0 done
Event: 9.654 loading class 0x00007fc3a005d3f0 done
Event: 9.658 Thread 0x00007fc3c009b000 Thread exited: 0x00007fc3c009b000
Event: 9.658 Executing VM operation: Exit


Dynamic libraries:
00400000-00401000 r-xp 00000000 08:02 32381444                           /usr/lib/jvm/java-7-openjdk-amd64/jre/bin/java
00600000-00601000 r--p 00000000 08:02 32381444                           /usr/lib/jvm/java-7-openjdk-amd64/jre/bin/java
00601000-00602000 rw-p 00001000 08:02 32381444                           /usr/lib/jvm/java-7-openjdk-amd64/jre/bin/java
01ac2000-01e6a000 rw-p 00000000 00:00 0                                  [heap]
a1a00000-a2f00000 rw-p 00000000 00:00 0 
a2f00000-ac000000 rw-p 00000000 00:00 0 
ac000000-af800000 rw-p 00000000 00:00 0 
af800000-e4000000 rw-p 00000000 00:00 0 
e4000000-e9b00000 rw-p 00000000 00:00 0 
e9b00000-100000000 rw-p 00000000 00:00 0 
7fc3733bf000-7fc3733c0000 ---p 00000000 00:00 0 
7fc3733c0000-7fc373bc0000 rw-p 00000000 00:00 0 
7fc373bc0000-7fc373bc7000 r-xp 00000000 08:02 32251802                   /usr/lib/x86_64-linux-gnu/libogg.so.0.8.1
7fc373bc7000-7fc373dc7000 ---p 00007000 08:02 32251802                   /usr/lib/x86_64-linux-gnu/libogg.so.0.8.1
7fc373dc7000-7fc373dc8000 r--p 00007000 08:02 32251802                   /usr/lib/x86_64-linux-gnu/libogg.so.0.8.1
7fc373dc8000-7fc373dc9000 rw-p 00008000 08:02 32251802                   /usr/lib/x86_64-linux-gnu/libogg.so.0.8.1
7fc373dd0000-7fc373dfc000 r-xp 00000000 08:02 32252090                   /usr/lib/x86_64-linux-gnu/libvorbis.so.0.4.5
7fc373dfc000-7fc373ffb000 ---p 0002c000 08:02 32252090                   /usr/lib/x86_64-linux-gnu/libvorbis.so.0.4.5
7fc373ffb000-7fc373ffc000 r--p 0002b000 08:02 32252090                   /usr/lib/x86_64-linux-gnu/libvorbis.so.0.4.5
7fc373ffc000-7fc373ffd000 rw-p 0002c000 08:02 32252090                   /usr/lib/x86_64-linux-gnu/libvorbis.so.0.4.5
7fc374000000-7fc37413a000 rw-p 00000000 00:00 0 
7fc37413a000-7fc378000000 ---p 00000000 00:00 0 
7fc378047000-7fc37804a000 ---p 00000000 00:00 0 
7fc37804a000-7fc378148000 rw-p 00000000 00:00 0                          [stack:9222]
7fc378148000-7fc3783fb000 r-xp 00000000 08:02 32252092                   /usr/lib/x86_64-linux-gnu/libvorbisenc.so.2.0.8
7fc3783fb000-7fc3785fa000 ---p 002b3000 08:02 32252092                   /usr/lib/x86_64-linux-gnu/libvorbisenc.so.2.0.8
7fc3785fa000-7fc378616000 r--p 002b2000 08:02 32252092                   /usr/lib/x86_64-linux-gnu/libvorbisenc.so.2.0.8
7fc378616000-7fc378617000 rw-p 002ce000 08:02 32252092                   /usr/lib/x86_64-linux-gnu/libvorbisenc.so.2.0.8
7fc378618000-7fc378647000 r-xp 00000000 08:02 32250837                   /usr/lib/x86_64-linux-gnu/libFLAC.so.8.3.0
7fc378647000-7fc378847000 ---p 0002f000 08:02 32250837                   /usr/lib/x86_64-linux-gnu/libFLAC.so.8.3.0
7fc378847000-7fc378848000 r--p 0002f000 08:02 32250837                   /usr/lib/x86_64-linux-gnu/libFLAC.so.8.3.0
7fc378848000-7fc378849000 rw-p 00030000 08:02 32250837                   /usr/lib/x86_64-linux-gnu/libFLAC.so.8.3.0
7fc378850000-7fc3788b1000 r-xp 00000000 08:02 32251983                   /usr/lib/x86_64-linux-gnu/libsndfile.so.1.0.25
7fc3788b1000-7fc378ab1000 ---p 00061000 08:02 32251983                   /usr/lib/x86_64-linux-gnu/libsndfile.so.1.0.25
7fc378ab1000-7fc378ab3000 r--p 00061000 08:02 32251983                   /usr/lib/x86_64-linux-gnu/libsndfile.so.1.0.25
7fc378ab3000-7fc378ab4000 rw-p 00063000 08:02 32251983                   /usr/lib/x86_64-linux-gnu/libsndfile.so.1.0.25
7fc378ab4000-7fc378ab8000 rw-p 00000000 00:00 0 
7fc379ac0000-7fc37bc17000 r-xp 00000000 08:02 34221614                   /usr/lib/fglrx/dri/fglrx_dri.so
7fc37bc17000-7fc37bd16000 ---p 02157000 08:02 34221614                   /usr/lib/fglrx/dri/fglrx_dri.so
7fc37bd16000-7fc37bec2000 rwxp 02156000 08:02 34221614                   /usr/lib/fglrx/dri/fglrx_dri.so
7fc37bec2000-7fc37bffa000 rwxp 00000000 00:00 0 
7fc37c000000-7fc37c021000 rw-p 00000000 00:00 0 
7fc37c021000-7fc380000000 ---p 00000000 00:00 0 
7fc380000000-7fc380021000 rw-p 00000000 00:00 0 
7fc380021000-7fc384000000 ---p 00000000 00:00 0 
7fc384000000-7fc384021000 rw-p 00000000 00:00 0 
7fc384021000-7fc388000000 ---p 00000000 00:00 0 
7fc388030000-7fc388035000 r-xp 00000000 08:02 32251081                   /usr/lib/x86_64-linux-gnu/libasyncns.so.0.3.1
7fc388035000-7fc388234000 ---p 00005000 08:02 32251081                   /usr/lib/x86_64-linux-gnu/libasyncns.so.0.3.1
7fc388234000-7fc388235000 r--p 00004000 08:02 32251081                   /usr/lib/x86_64-linux-gnu/libasyncns.so.0.3.1
7fc388235000-7fc388236000 rw-p 00005000 08:02 32251081                   /usr/lib/x86_64-linux-gnu/libasyncns.so.0.3.1
7fc388238000-7fc388240000 r-xp 00000000 08:02 28840055                   /lib/x86_64-linux-gnu/libwrap.so.0.7.6
7fc388240000-7fc38843f000 ---p 00008000 08:02 28840055                   /lib/x86_64-linux-gnu/libwrap.so.0.7.6
7fc38843f000-7fc388440000 r--p 00007000 08:02 28840055                   /lib/x86_64-linux-gnu/libwrap.so.0.7.6
7fc388440000-7fc388441000 rw-p 00008000 08:02 28840055                   /lib/x86_64-linux-gnu/libwrap.so.0.7.6
7fc388441000-7fc388442000 rw-p 00000000 00:00 0 
7fc388448000-7fc3884ae000 r-xp 00000000 08:02 32770189                   /usr/lib/x86_64-linux-gnu/pulseaudio/libpulsecommon-4.0.so
7fc3884ae000-7fc3886ad000 ---p 00066000 08:02 32770189                   /usr/lib/x86_64-linux-gnu/pulseaudio/libpulsecommon-4.0.so
7fc3886ad000-7fc3886ae000 r--p 00065000 08:02 32770189                   /usr/lib/x86_64-linux-gnu/pulseaudio/libpulsecommon-4.0.so
7fc3886ae000-7fc3886af000 rw-p 00066000 08:02 32770189                   /usr/lib/x86_64-linux-gnu/pulseaudio/libpulsecommon-4.0.so
7fc3886b0000-7fc3886b9000 r-xp 00000000 08:02 28839934                   /lib/x86_64-linux-gnu/libjson-c.so.2.0.0
7fc3886b9000-7fc3888b8000 ---p 00009000 08:02 28839934                   /lib/x86_64-linux-gnu/libjson-c.so.2.0.0
7fc3888b8000-7fc3888b9000 r--p 00008000 08:02 28839934                   /lib/x86_64-linux-gnu/libjson-c.so.2.0.0
7fc3888b9000-7fc3888ba000 rw-p 00009000 08:02 28839934                   /lib/x86_64-linux-gnu/libjson-c.so.2.0.0
7fc3888c0000-7fc388907000 r-xp 00000000 08:02 32251902                   /usr/lib/x86_64-linux-gnu/libpulse.so.0.16.2
7fc388907000-7fc388b07000 ---p 00047000 08:02 32251902                   /usr/lib/x86_64-linux-gnu/libpulse.so.0.16.2
7fc388b07000-7fc388b08000 r--p 00047000 08:02 32251902                   /usr/lib/x86_64-linux-gnu/libpulse.so.0.16.2
7fc388b08000-7fc388b09000 rw-p 00048000 08:02 32251902                   /usr/lib/x86_64-linux-gnu/libpulse.so.0.16.2
7fc388d6f000-7fc388d72000 ---p 00000000 00:00 0 
7fc388d72000-7fc388e70000 rw-p 00000000 00:00 0                          [stack:9217]
7fc388e70000-7fc388e73000 ---p 00000000 00:00 0 
7fc388e73000-7fc388f71000 rw-p 00000000 00:00 0                          [stack:9216]
7fc389078000-7fc38908f000 r-xp 00000000 08:02 32381403                   /usr/lib/jvm/java-7-openjdk-amd64/jre/lib/amd64/libnet.so
7fc38908f000-7fc38928e000 ---p 00017000 08:02 32381403                   /usr/lib/jvm/java-7-openjdk-amd64/jre/lib/amd64/libnet.so
7fc38928e000-7fc38928f000 r--p 00016000 08:02 32381403                   /usr/lib/jvm/java-7-openjdk-amd64/jre/lib/amd64/libnet.so
7fc38928f000-7fc389290000 rw-p 00017000 08:02 32381403                   /usr/lib/jvm/java-7-openjdk-amd64/jre/lib/amd64/libnet.so
7fc389290000-7fc3892a0000 r-xp 00000000 08:02 32381395                   /usr/lib/jvm/java-7-openjdk-amd64/jre/lib/amd64/libnio.so
7fc3892a0000-7fc3894a0000 ---p 00010000 08:02 32381395                   /usr/lib/jvm/java-7-openjdk-amd64/jre/lib/amd64/libnio.so
7fc3894a0000-7fc3894a1000 r--p 00010000 08:02 32381395                   /usr/lib/jvm/java-7-openjdk-amd64/jre/lib/amd64/libnio.so
7fc3894a1000-7fc3894a2000 rw-p 00011000 08:02 32381395                   /usr/lib/jvm/java-7-openjdk-amd64/jre/lib/amd64/libnio.so
7fc3894a6000-7fc389ba6000 rw-s 00006000 00:05 9147                       /dev/ati/card0
7fc389d00000-7fc389f80000 rw-p 00000000 00:00 0 
7fc389f80000-7fc389f82000 r-xp 00000000 08:02 32251012                   /usr/lib/x86_64-linux-gnu/libXinerama.so.1.0.0
7fc389f82000-7fc38a181000 ---p 00002000 08:02 32251012                   /usr/lib/x86_64-linux-gnu/libXinerama.so.1.0.0
7fc38a181000-7fc38a182000 r--p 00001000 08:02 32251012                   /usr/lib/x86_64-linux-gnu/libXinerama.so.1.0.0
7fc38a182000-7fc38a183000 rw-p 00002000 08:02 32251012                   /usr/lib/x86_64-linux-gnu/libXinerama.so.1.0.0
7fc38a188000-7fc38a229000 r-xp 00000000 08:02 34221608                   /usr/lib/fglrx/libatiadlxx.so
7fc38a229000-7fc38a329000 ---p 000a1000 08:02 34221608                   /usr/lib/fglrx/libatiadlxx.so
7fc38a329000-7fc38a32c000 rw-p 000a1000 08:02 34221608                   /usr/lib/fglrx/libatiadlxx.so
7fc38a32c000-7fc38a33c000 rw-p 00000000 00:00 0 
7fc38a340000-7fc38a34f000 r-xp 00000000 08:02 34221635                   /usr/lib/fglrx/libatiuki.so.1.0
7fc38a34f000-7fc38a44f000 ---p 0000f000 08:02 34221635                   /usr/lib/fglrx/libatiuki.so.1.0
7fc38a44f000-7fc38a45c000 rw-p 0000f000 08:02 34221635                   /usr/lib/fglrx/libatiuki.so.1.0
7fc38a45c000-7fc38a45d000 rw-p 00000000 00:00 0 
7fc38a460000-7fc38a4fc000 r-xp 00000000 08:02 34221641                   /usr/lib/fglrx/libGL.so.1.2
7fc38a4fc000-7fc38a5fc000 ---p 0009c000 08:02 34221641                   /usr/lib/fglrx/libGL.so.1.2
7fc38a5fc000-7fc38a625000 rwxp 0009c000 08:02 34221641                   /usr/lib/fglrx/libGL.so.1.2
7fc38a625000-7fc38a642000 rwxp 00000000 00:00 0 
7fc38a648000-7fc38a64c000 r-xp 00000000 08:02 32251038                   /usr/lib/x86_64-linux-gnu/libXxf86vm.so.1.0.0
7fc38a64c000-7fc38a84c000 ---p 00004000 08:02 32251038                   /usr/lib/x86_64-linux-gnu/libXxf86vm.so.1.0.0
7fc38a84c000-7fc38a84d000 r--p 00004000 08:02 32251038                   /usr/lib/x86_64-linux-gnu/libXxf86vm.so.1.0.0
7fc38a84d000-7fc38a84e000 rw-p 00005000 08:02 32251038                   /usr/lib/x86_64-linux-gnu/libXxf86vm.so.1.0.0
7fc38a850000-7fc38a859000 r-xp 00000000 08:02 32251020                   /usr/lib/x86_64-linux-gnu/libXrandr.so.2.2.0
7fc38a859000-7fc38aa58000 ---p 00009000 08:02 32251020                   /usr/lib/x86_64-linux-gnu/libXrandr.so.2.2.0
7fc38aa58000-7fc38aa59000 r--p 00008000 08:02 32251020                   /usr/lib/x86_64-linux-gnu/libXrandr.so.2.2.0
7fc38aa59000-7fc38aa5a000 rw-p 00009000 08:02 32251020                   /usr/lib/x86_64-linux-gnu/libXrandr.so.2.2.0
7fc38aa60000-7fc38aad0000 r-xp 00000000 08:02 28705996                   /home/bubeck/Documents/ProgStuff/JavaStuff/Warlocks/Warlocks/lwjgl-2.9.3/native/linux/liblwjgl64.so
7fc38aad0000-7fc38acd0000 ---p 00070000 08:02 28705996                   /home/bubeck/Documents/ProgStuff/JavaStuff/Warlocks/Warlocks/lwjgl-2.9.3/native/linux/liblwjgl64.so
7fc38acd0000-7fc38acd2000 r--p 00070000 08:02 28705996                   /home/bubeck/Documents/ProgStuff/JavaStuff/Warlocks/Warlocks/lwjgl-2.9.3/native/linux/liblwjgl64.so
7fc38acd2000-7fc38acd3000 rw-p 00072000 08:02 28705996                   /home/bubeck/Documents/ProgStuff/JavaStuff/Warlocks/Warlocks/lwjgl-2.9.3/native/linux/liblwjgl64.so
7fc38acd8000-7fc38acd9000 r-xp 00000000 08:02 32381394                   /usr/lib/jvm/java-7-openjdk-amd64/jre/lib/amd64/libjawt.so
7fc38acd9000-7fc38aed8000 ---p 00001000 08:02 32381394                   /usr/lib/jvm/java-7-openjdk-amd64/jre/lib/amd64/libjawt.so
7fc38aed8000-7fc38aed9000 r--p 00000000 08:02 32381394                   /usr/lib/jvm/java-7-openjdk-amd64/jre/lib/amd64/libjawt.so
7fc38aed9000-7fc38aeda000 rw-p 00001000 08:02 32381394                   /usr/lib/jvm/java-7-openjdk-amd64/jre/lib/amd64/libjawt.so
7fc38aee0000-7fc38aee5000 r-xp 00000000 08:02 32251004                   /usr/lib/x86_64-linux-gnu/libXfixes.so.3.1.0
7fc38aee5000-7fc38b0e4000 ---p 00005000 08:02 32251004                   /usr/lib/x86_64-linux-gnu/libXfixes.so.3.1.0
7fc38b0e4000-7fc38b0e5000 r--p 00004000 08:02 32251004                   /usr/lib/x86_64-linux-gnu/libXfixes.so.3.1.0
7fc38b0e5000-7fc38b0e6000 rw-p 00005000 08:02 32251004                   /usr/lib/x86_64-linux-gnu/libXfixes.so.3.1.0
7fc38b0e8000-7fc38b0f1000 r-xp 00000000 08:02 32250996                   /usr/lib/x86_64-linux-gnu/libXcursor.so.1.0.2
7fc38b0f1000-7fc38b2f0000 ---p 00009000 08:02 32250996                   /usr/lib/x86_64-linux-gnu/libXcursor.so.1.0.2
7fc38b2f0000-7fc38b2f1000 r--p 00008000 08:02 32250996                   /usr/lib/x86_64-linux-gnu/libXcursor.so.1.0.2
7fc38b2f1000-7fc38b2f2000 rw-p 00009000 08:02 32250996                   /usr/lib/x86_64-linux-gnu/libXcursor.so.1.0.2
7fc38b2f8000-7fc38b2fc000 r-xp 00000000 08:02 28839927                   /lib/x86_64-linux-gnu/libgpg-error.so.0.10.0
7fc38b2fc000-7fc38b4fb000 ---p 00004000 08:02 28839927                   /lib/x86_64-linux-gnu/libgpg-error.so.0.10.0
7fc38b4fb000-7fc38b4fc000 r--p 00003000 08:02 28839927                   /lib/x86_64-linux-gnu/libgpg-error.so.0.10.0
7fc38b4fc000-7fc38b4fd000 rw-p 00004000 08:02 28839927                   /lib/x86_64-linux-gnu/libgpg-error.so.0.10.0
7fc38b500000-7fc38b502000 r-xp 00000000 08:02 28839937                   /lib/x86_64-linux-gnu/libkeyutils.so.1.4
7fc38b502000-7fc38b702000 ---p 00002000 08:02 28839937                   /lib/x86_64-linux-gnu/libkeyutils.so.1.4
7fc38b702000-7fc38b703000 r--p 00002000 08:02 28839937                   /lib/x86_64-linux-gnu/libkeyutils.so.1.4
7fc38b703000-7fc38b704000 rw-p 00003000 08:02 28839937                   /lib/x86_64-linux-gnu/libkeyutils.so.1.4
7fc38b708000-7fc38b745000 r-xp 00000000 08:02 28839998                   /lib/x86_64-linux-gnu/libpcre.so.3.13.1
7fc38b745000-7fc38b944000 ---p 0003d000 08:02 28839998                   /lib/x86_64-linux-gnu/libpcre.so.3.13.1
7fc38b944000-7fc38b945000 r--p 0003c000 08:02 28839998                   /lib/x86_64-linux-gnu/libpcre.so.3.13.1
7fc38b945000-7fc38b946000 rw-p 0003d000 08:02 28839998                   /lib/x86_64-linux-gnu/libpcre.so.3.13.1
7fc38b948000-7fc38b96d000 r-xp 00000000 08:02 28840010                   /lib/x86_64-linux-gnu/libpng12.so.0.50.0
7fc38b96d000-7fc38bb6c000 ---p 00025000 08:02 28840010                   /lib/x86_64-linux-gnu/libpng12.so.0.50.0
7fc38bb6c000-7fc38bb6d000 r--p 00024000 08:02 28840010                   /lib/x86_64-linux-gnu/libpng12.so.0.50.0
7fc38bb6d000-7fc38bb6e000 rw-p 00025000 08:02 28840010                   /lib/x86_64-linux-gnu/libpng12.so.0.50.0
7fc38bb70000-7fc38bbb4000 r-xp 00000000 08:02 28836833                   /lib/x86_64-linux-gnu/libdbus-1.so.3.7.6
7fc38bbb4000-7fc38bdb3000 ---p 00044000 08:02 28836833                   /lib/x86_64-linux-gnu/libdbus-1.so.3.7.6
7fc38bdb3000-7fc38bdb4000 r--p 00043000 08:02 28836833                   /lib/x86_64-linux-gnu/libdbus-1.so.3.7.6
7fc38bdb4000-7fc38bdb5000 rw-p 00044000 08:02 28836833                   /lib/x86_64-linux-gnu/libdbus-1.so.3.7.6
7fc38bdb8000-7fc38bdf3000 r-xp 00000000 08:02 32251842                   /usr/lib/x86_64-linux-gnu/libp11-kit.so.0.0.0
7fc38bdf3000-7fc38bff2000 ---p 0003b000 08:02 32251842                   /usr/lib/x86_64-linux-gnu/libp11-kit.so.0.0.0
7fc38bff2000-7fc38bff8000 r--p 0003a000 08:02 32251842                   /usr/lib/x86_64-linux-gnu/libp11-kit.so.0.0.0
7fc38bff8000-7fc38bffa000 rw-p 00040000 08:02 32251842                   /usr/lib/x86_64-linux-gnu/libp11-kit.so.0.0.0
7fc38c000000-7fc38c021000 rw-p 00000000 00:00 0 
7fc38c021000-7fc390000000 ---p 00000000 00:00 0 
7fc390006000-7fc390009000 ---p 00000000 00:00 0 
7fc390009000-7fc390107000 rw-p 00000000 00:00 0                          [stack:9212]
7fc390107000-7fc39010a000 ---p 00000000 00:00 0 
7fc39010a000-7fc390208000 rw-p 00000000 00:00 0                          [stack:9211]
7fc390208000-7fc39021a000 r-xp 00000000 08:02 32252021                   /usr/lib/x86_64-linux-gnu/libtasn1.so.6.2.0
7fc39021a000-7fc39041a000 ---p 00012000 08:02 32252021                   /usr/lib/x86_64-linux-gnu/libtasn1.so.6.2.0
7fc39041a000-7fc39041b000 r--p 00012000 08:02 32252021                   /usr/lib/x86_64-linux-gnu/libtasn1.so.6.2.0
7fc39041b000-7fc39041c000 rw-p 00013000 08:02 32252021                   /usr/lib/x86_64-linux-gnu/libtasn1.so.6.2.0
7fc390420000-7fc39049b000 r-xp 00000000 08:02 28839923                   /lib/x86_64-linux-gnu/libgcrypt.so.11.8.2
7fc39049b000-7fc39069b000 ---p 0007b000 08:02 28839923                   /lib/x86_64-linux-gnu/libgcrypt.so.11.8.2
7fc39069b000-7fc39069c000 r--p 0007b000 08:02 28839923                   /lib/x86_64-linux-gnu/libgcrypt.so.11.8.2
7fc39069c000-7fc39069f000 rw-p 0007c000 08:02 28839923                   /lib/x86_64-linux-gnu/libgcrypt.so.11.8.2
7fc3906a0000-7fc3906aa000 r-xp 00000000 08:02 32251683                   /usr/lib/x86_64-linux-gnu/libkrb5support.so.0.1
7fc3906aa000-7fc3908a9000 ---p 0000a000 08:02 32251683                   /usr/lib/x86_64-linux-gnu/libkrb5support.so.0.1
7fc3908a9000-7fc3908aa000 r--p 00009000 08:02 32251683                   /usr/lib/x86_64-linux-gnu/libkrb5support.so.0.1
7fc3908aa000-7fc3908ab000 rw-p 0000a000 08:02 32251683                   /usr/lib/x86_64-linux-gnu/libkrb5support.so.0.1
7fc3908b0000-7fc3908b3000 r-xp 00000000 08:02 28839903                   /lib/x86_64-linux-gnu/libcom_err.so.2.1
7fc3908b3000-7fc390ab2000 ---p 00003000 08:02 28839903                   /lib/x86_64-linux-gnu/libcom_err.so.2.1
7fc390ab2000-7fc390ab3000 r--p 00002000 08:02 28839903                   /lib/x86_64-linux-gnu/libcom_err.so.2.1
7fc390ab3000-7fc390ab4000 rw-p 00003000 08:02 28839903                   /lib/x86_64-linux-gnu/libcom_err.so.2.1
7fc390ab8000-7fc390ae4000 r-xp 00000000 08:02 32251675                   /usr/lib/x86_64-linux-gnu/libk5crypto.so.3.1
7fc390ae4000-7fc390ce3000 ---p 0002c000 08:02 32251675                   /usr/lib/x86_64-linux-gnu/libk5crypto.so.3.1
7fc390ce3000-7fc390ce5000 r--p 0002b000 08:02 32251675                   /usr/lib/x86_64-linux-gnu/libk5crypto.so.3.1
7fc390ce5000-7fc390ce6000 rw-p 0002d000 08:02 32251675                   /usr/lib/x86_64-linux-gnu/libk5crypto.so.3.1
7fc390ce6000-7fc390ce7000 rw-p 00000000 00:00 0 
7fc390ce8000-7fc390da4000 r-xp 00000000 08:02 32251681                   /usr/lib/x86_64-linux-gnu/libkrb5.so.3.3
7fc390da4000-7fc390fa4000 ---p 000bc000 08:02 32251681                   /usr/lib/x86_64-linux-gnu/libkrb5.so.3.3
7fc390fa4000-7fc390fb1000 r--p 000bc000 08:02 32251681                   /usr/lib/x86_64-linux-gnu/libkrb5.so.3.3
7fc390fb1000-7fc390fb3000 rw-p 000c9000 08:02 32251681                   /usr/lib/x86_64-linux-gnu/libkrb5.so.3.3
7fc390fb8000-7fc390fbd000 r-xp 00000000 08:02 32251000                   /usr/lib/x86_64-linux-gnu/libXdmcp.so.6.0.0
7fc390fbd000-7fc3911bc000 ---p 00005000 08:02 32251000                   /usr/lib/x86_64-linux-gnu/libXdmcp.so.6.0.0
7fc3911bc000-7fc3911bd000 r--p 00004000 08:02 32251000                   /usr/lib/x86_64-linux-gnu/libXdmcp.so.6.0.0
7fc3911bd000-7fc3911be000 rw-p 00005000 08:02 32251000                   /usr/lib/x86_64-linux-gnu/libXdmcp.so.6.0.0
7fc3911c0000-7fc3911c2000 r-xp 00000000 08:02 32250989                   /usr/lib/x86_64-linux-gnu/libXau.so.6.0.0
7fc3911c2000-7fc3913c2000 ---p 00002000 08:02 32250989                   /usr/lib/x86_64-linux-gnu/libXau.so.6.0.0
7fc3913c2000-7fc3913c3000 r--p 00002000 08:02 32250989                   /usr/lib/x86_64-linux-gnu/libXau.so.6.0.0
7fc3913c3000-7fc3913c4000 rw-p 00003000 08:02 32250989                   /usr/lib/x86_64-linux-gnu/libXau.so.6.0.0
7fc3913c8000-7fc3913cf000 r-xp 00000000 08:02 32251302                   /usr/lib/x86_64-linux-gnu/libffi.so.6.0.1
7fc3913cf000-7fc3915ce000 ---p 00007000 08:02 32251302                   /usr/lib/x86_64-linux-gnu/libffi.so.6.0.1
7fc3915ce000-7fc3915cf000 r--p 00006000 08:02 32251302                   /usr/lib/x86_64-linux-gnu/libffi.so.6.0.1
7fc3915cf000-7fc3915d0000 rw-p 00007000 08:02 32251302                   /usr/lib/x86_64-linux-gnu/libffi.so.6.0.1
7fc3915d0000-7fc3915e7000 r-xp 00000000 08:02 28840168                   /lib/x86_64-linux-gnu/libresolv-2.19.so
7fc3915e7000-7fc3917e7000 ---p 00017000 08:02 28840168                   /lib/x86_64-linux-gnu/libresolv-2.19.so
7fc3917e7000-7fc3917e8000 r--p 00017000 08:02 28840168                   /lib/x86_64-linux-gnu/libresolv-2.19.so
7fc3917e8000-7fc3917e9000 rw-p 00018000 08:02 28840168                   /lib/x86_64-linux-gnu/libresolv-2.19.so
7fc3917e9000-7fc3917eb000 rw-p 00000000 00:00 0 
7fc3917f0000-7fc391810000 r-xp 00000000 08:02 28840025                   /lib/x86_64-linux-gnu/libselinux.so.1
7fc391810000-7fc391a0f000 ---p 00020000 08:02 28840025                   /lib/x86_64-linux-gnu/libselinux.so.1
7fc391a0f000-7fc391a10000 r--p 0001f000 08:02 28840025                   /lib/x86_64-linux-gnu/libselinux.so.1
7fc391a10000-7fc391a11000 rw-p 00020000 08:02 28840025                   /lib/x86_64-linux-gnu/libselinux.so.1
7fc391a11000-7fc391a13000 rw-p 00000000 00:00 0 
7fc391a18000-7fc391b1e000 r-xp 00000000 08:02 28839925                   /lib/x86_64-linux-gnu/libglib-2.0.so.0.4000.0
7fc391b1e000-7fc391d1d000 ---p 00106000 08:02 28839925                   /lib/x86_64-linux-gnu/libglib-2.0.so.0.4000.0
7fc391d1d000-7fc391d1e000 r--p 00105000 08:02 28839925                   /lib/x86_64-linux-gnu/libglib-2.0.so.0.4000.0
7fc391d1e000-7fc391d1f000 rw-p 00106000 08:02 28839925                   /lib/x86_64-linux-gnu/libglib-2.0.so.0.4000.0
7fc391d1f000-7fc391d20000 rw-p 00000000 00:00 0 
7fc391d20000-7fc391d23000 r-xp 00000000 08:02 32251436                   /usr/lib/x86_64-linux-gnu/libgmodule-2.0.so.0.4000.0
7fc391d23000-7fc391f22000 ---p 00003000 08:02 32251436                   /usr/lib/x86_64-linux-gnu/libgmodule-2.0.so.0.4000.0
7fc391f22000-7fc391f23000 r--p 00002000 08:02 32251436                   /usr/lib/x86_64-linux-gnu/libgmodule-2.0.so.0.4000.0
7fc391f23000-7fc391f24000 rw-p 00003000 08:02 32251436                   /usr/lib/x86_64-linux-gnu/libgmodule-2.0.so.0.4000.0
7fc391f28000-7fc391f4f000 r-xp 00000000 08:02 28839916                   /lib/x86_64-linux-gnu/libexpat.so.1.6.0
7fc391f4f000-7fc39214f000 ---p 00027000 08:02 28839916                   /lib/x86_64-linux-gnu/libexpat.so.1.6.0
7fc39214f000-7fc392151000 r--p 00027000 08:02 28839916                   /lib/x86_64-linux-gnu/libexpat.so.1.6.0
7fc392151000-7fc392152000 rw-p 00029000 08:02 28839916                   /lib/x86_64-linux-gnu/libexpat.so.1.6.0
7fc392158000-7fc3921f5000 r-xp 00000000 08:02 32251364                   /usr/lib/x86_64-linux-gnu/libfreetype.so.6.11.1
7fc3921f5000-7fc3923f4000 ---p 0009d000 08:02 32251364                   /usr/lib/x86_64-linux-gnu/libfreetype.so.6.11.1
7fc3923f4000-7fc3923fa000 r--p 0009c000 08:02 32251364                   /usr/lib/x86_64-linux-gnu/libfreetype.so.6.11.1
7fc3923fa000-7fc3923fb000 rw-p 000a2000 08:02 32251364                   /usr/lib/x86_64-linux-gnu/libfreetype.so.6.11.1
7fc392400000-7fc39240f000 r-xp 00000000 08:02 32251095                   /usr/lib/x86_64-linux-gnu/libavahi-client.so.3.2.9
7fc39240f000-7fc39260f000 ---p 0000f000 08:02 32251095                   /usr/lib/x86_64-linux-gnu/libavahi-client.so.3.2.9
7fc39260f000-7fc392610000 r--p 0000f000 08:02 32251095                   /usr/lib/x86_64-linux-gnu/libavahi-client.so.3.2.9
7fc392610000-7fc392611000 rw-p 00010000 08:02 32251095                   /usr/lib/x86_64-linux-gnu/libavahi-client.so.3.2.9
7fc392618000-7fc392623000 r-xp 00000000 08:02 32251097                   /usr/lib/x86_64-linux-gnu/libavahi-common.so.3.5.3
7fc392623000-7fc392822000 ---p 0000b000 08:02 32251097                   /usr/lib/x86_64-linux-gnu/libavahi-common.so.3.5.3
7fc392822000-7fc392823000 r--p 0000a000 08:02 32251097                   /usr/lib/x86_64-linux-gnu/libavahi-common.so.3.5.3
7fc392823000-7fc392824000 rw-p 0000b000 08:02 32251097                   /usr/lib/x86_64-linux-gnu/libavahi-common.so.3.5.3
7fc392828000-7fc3928de000 r-xp 00000000 08:02 32251454                   /usr/lib/x86_64-linux-gnu/libgnutls.so.26.22.6
7fc3928de000-7fc392ade000 ---p 000b6000 08:02 32251454                   /usr/lib/x86_64-linux-gnu/libgnutls.so.26.22.6
7fc392ade000-7fc392ae4000 r--p 000b6000 08:02 32251454                   /usr/lib/x86_64-linux-gnu/libgnutls.so.26.22.6
7fc392ae4000-7fc392ae5000 rw-p 000bc000 08:02 32251454                   /usr/lib/x86_64-linux-gnu/libgnutls.so.26.22.6
7fc392ae5000-7fc392ae6000 rw-p 00000000 00:00 0 
7fc392ae8000-7fc392b2b000 r-xp 00000000 08:02 32251488                   /usr/lib/x86_64-linux-gnu/libgssapi_krb5.so.2.2
7fc392b2b000-7fc392d2b000 ---p 00043000 08:02 32251488                   /usr/lib/x86_64-linux-gnu/libgssapi_krb5.so.2.2
7fc392d2b000-7fc392d2c000 r--p 00043000 08:02 32251488                   /usr/lib/x86_64-linux-gnu/libgssapi_krb5.so.2.2
7fc392d2c000-7fc392d2e000 rw-p 00044000 08:02 32251488                   /usr/lib/x86_64-linux-gnu/libgssapi_krb5.so.2.2
7fc392d30000-7fc392d4d000 r-xp 00000000 08:02 32252172                   /usr/lib/x86_64-linux-gnu/libxcb.so.1.1.0
7fc392d4d000-7fc392f4d000 ---p 0001d000 08:02 32252172                   /usr/lib/x86_64-linux-gnu/libxcb.so.1.1.0
7fc392f4d000-7fc392f4e000 r--p 0001d000 08:02 32252172                   /usr/lib/x86_64-linux-gnu/libxcb.so.1.1.0
7fc392f4e000-7fc392f4f000 rw-p 0001e000 08:02 32252172                   /usr/lib/x86_64-linux-gnu/libxcb.so.1.1.0
7fc392f50000-7fc392f9f000 r-xp 00000000 08:02 32251460                   /usr/lib/x86_64-linux-gnu/libgobject-2.0.so.0.4000.0
7fc392f9f000-7fc39319f000 ---p 0004f000 08:02 32251460                   /usr/lib/x86_64-linux-gnu/libgobject-2.0.so.0.4000.0
7fc39319f000-7fc3931a0000 r--p 0004f000 08:02 32251460                   /usr/lib/x86_64-linux-gnu/libgobject-2.0.so.0.4000.0
7fc3931a0000-7fc3931a1000 rw-p 00050000 08:02 32251460                   /usr/lib/x86_64-linux-gnu/libgobject-2.0.so.0.4000.0
7fc3931a8000-7fc393313000 r-xp 00000000 08:02 32251420                   /usr/lib/x86_64-linux-gnu/libgio-2.0.so.0.4000.0
7fc393313000-7fc393513000 ---p 0016b000 08:02 32251420                   /usr/lib/x86_64-linux-gnu/libgio-2.0.so.0.4000.0
7fc393513000-7fc393517000 r--p 0016b000 08:02 32251420                   /usr/lib/x86_64-linux-gnu/libgio-2.0.so.0.4000.0
7fc393517000-7fc393519000 rw-p 0016f000 08:02 32251420                   /usr/lib/x86_64-linux-gnu/libgio-2.0.so.0.4000.0
7fc393519000-7fc39351b000 rw-p 00000000 00:00 0 
7fc393520000-7fc39355a000 r-xp 00000000 08:02 32251336                   /usr/lib/x86_64-linux-gnu/libfontconfig.so.1.8.0
7fc39355a000-7fc393759000 ---p 0003a000 08:02 32251336                   /usr/lib/x86_64-linux-gnu/libfontconfig.so.1.8.0
7fc393759000-7fc39375b000 r--p 00039000 08:02 32251336                   /usr/lib/x86_64-linux-gnu/libfontconfig.so.1.8.0
7fc39375b000-7fc39375c000 rw-p 0003b000 08:02 32251336                   /usr/lib/x86_64-linux-gnu/libfontconfig.so.1.8.0
7fc393760000-7fc3937cc000 r-xp 00000000 08:02 32251194                   /usr/lib/x86_64-linux-gnu/libcups.so.2
7fc3937cc000-7fc3939cc000 ---p 0006c000 08:02 32251194                   /usr/lib/x86_64-linux-gnu/libcups.so.2
7fc3939cc000-7fc3939d3000 r--p 0006c000 08:02 32251194                   /usr/lib/x86_64-linux-gnu/libcups.so.2
7fc3939d3000-7fc3939d4000 rw-p 00073000 08:02 32251194                   /usr/lib/x86_64-linux-gnu/libcups.so.2
7fc3939d8000-7fc3939e7000 r-xp 00000000 08:02 32251010                   /usr/lib/x86_64-linux-gnu/libXi.so.6.1.0
7fc3939e7000-7fc393be6000 ---p 0000f000 08:02 32251010                   /usr/lib/x86_64-linux-gnu/libXi.so.6.1.0
7fc393be6000-7fc393be7000 r--p 0000e000 08:02 32251010                   /usr/lib/x86_64-linux-gnu/libXi.so.6.1.0
7fc393be7000-7fc393be8000 rw-p 0000f000 08:02 32251010                   /usr/lib/x86_64-linux-gnu/libXi.so.6.1.0
7fc393be8000-7fc393bed000 r-xp 00000000 08:02 32251028                   /usr/lib/x86_64-linux-gnu/libXtst.so.6.1.0
7fc393bed000-7fc393dec000 ---p 00005000 08:02 32251028                   /usr/lib/x86_64-linux-gnu/libXtst.so.6.1.0
7fc393dec000-7fc393ded000 r--p 00004000 08:02 32251028                   /usr/lib/x86_64-linux-gnu/libXtst.so.6.1.0
7fc393ded000-7fc393dee000 rw-p 00005000 08:02 32251028                   /usr/lib/x86_64-linux-gnu/libXtst.so.6.1.0
7fc393df0000-7fc393df9000 r-xp 00000000 08:02 32251022                   /usr/lib/x86_64-linux-gnu/libXrender.so.1.3.0
7fc393df9000-7fc393ff8000 ---p 00009000 08:02 32251022                   /usr/lib/x86_64-linux-gnu/libXrender.so.1.3.0
7fc393ff8000-7fc393ff9000 r--p 00008000 08:02 32251022                   /usr/lib/x86_64-linux-gnu/libXrender.so.1.3.0
7fc393ff9000-7fc393ffa000 rw-p 00009000 08:02 32251022                   /usr/lib/x86_64-linux-gnu/libXrender.so.1.3.0
7fc394000000-7fc3945f4000 rw-p 00000000 00:00 0 
7fc3945f4000-7fc398000000 ---p 00000000 00:00 0 
7fc398000000-7fc398021000 rw-p 00000000 00:00 0 
7fc398021000-7fc39c000000 ---p 00000000 00:00 0 
7fc39c000000-7fc39c021000 rw-p 00000000 00:00 0 
7fc39c021000-7fc3a0000000 ---p 00000000 00:00 0 
7fc3a0000000-7fc3a045e000 rw-p 00000000 00:00 0 
7fc3a045e000-7fc3a4000000 ---p 00000000 00:00 0 
7fc3a4000000-7fc3a4021000 rw-p 00000000 00:00 0 
7fc3a4021000-7fc3a8000000 ---p 00000000 00:00 0 
7fc3a8000000-7fc3a8021000 rw-p 00000000 00:00 0 
7fc3a8021000-7fc3ac000000 ---p 00000000 00:00 0 
7fc3ac000000-7fc3ac021000 rw-p 00000000 00:00 0 
7fc3ac021000-7fc3b0000000 ---p 00000000 00:00 0 
7fc3b0000000-7fc3b0021000 rw-p 00000000 00:00 0 
7fc3b0021000-7fc3b4000000 ---p 00000000 00:00 0 
7fc3b4000000-7fc3b4021000 rw-p 00000000 00:00 0 
7fc3b4021000-7fc3b8000000 ---p 00000000 00:00 0 
7fc3b8005000-7fc3b8006000 rw-s 00005000 00:05 9147                       /dev/ati/card0
7fc3b800c000-7fc3b804c000 rw-s 00004000 00:05 9147                       /dev/ati/card0
7fc3b8050000-7fc3b8057000 r--s 00000000 08:02 32774436                   /usr/lib/x86_64-linux-gnu/gconv/gconv-modules.cache
7fc3b805a000-7fc3b805c000 rw-s 00002000 00:05 9147                       /dev/ati/card0
7fc3b8062000-7fc3b8064000 r--s 0002a000 08:02 29623525                   /home/bubeck/Documents/ProgStuff/JavaStuff/Warlocks/Warlocks/CodecJOrbis/CodecJOrbis.jar
7fc3b8067000-7fc3b806a000 ---p 00000000 00:00 0 
7fc3b806a000-7fc3b80a0000 rw-p 00000000 00:00 0                          [stack:9214]
7fc3b80a0000-7fc3b81d0000 r-xp 00000000 08:02 32250985                   /usr/lib/x86_64-linux-gnu/libX11.so.6.3.0
7fc3b81d0000-7fc3b83d0000 ---p 00130000 08:02 32250985                   /usr/lib/x86_64-linux-gnu/libX11.so.6.3.0
7fc3b83d0000-7fc3b83d1000 r--p 00130000 08:02 32250985                   /usr/lib/x86_64-linux-gnu/libX11.so.6.3.0
7fc3b83d1000-7fc3b83d5000 rw-p 00131000 08:02 32250985                   /usr/lib/x86_64-linux-gnu/libX11.so.6.3.0
7fc3b83d8000-7fc3b83e9000 r-xp 00000000 08:02 32251002                   /usr/lib/x86_64-linux-gnu/libXext.so.6.4.0
7fc3b83e9000-7fc3b85e8000 ---p 00011000 08:02 32251002                   /usr/lib/x86_64-linux-gnu/libXext.so.6.4.0
7fc3b85e8000-7fc3b85e9000 r--p 00010000 08:02 32251002                   /usr/lib/x86_64-linux-gnu/libXext.so.6.4.0
7fc3b85e9000-7fc3b85ea000 rw-p 00011000 08:02 32251002                   /usr/lib/x86_64-linux-gnu/libXext.so.6.4.0
7fc3b85f0000-7fc3b85f2000 r--s 00020000 08:02 29623249                   /home/bubeck/Documents/ProgStuff/JavaStuff/Warlocks/Warlocks/CodecJOgg/CodecJOgg.jar
7fc3b85f5000-7fc3b85f6000 r--s 00005000 08:02 29623024                   /home/bubeck/Documents/ProgStuff/JavaStuff/Warlocks/Warlocks/LibraryLWJGLOpenAL/LibraryLWJGLOpenAL.jar
7fc3b85fb000-7fc3b85fc000 r--s 00023000 08:02 29622977                   /home/bubeck/Documents/ProgStuff/JavaStuff/Warlocks/Warlocks/SoundSystem/SoundSystem.jar
7fc3b85ff000-7fc3b8602000 r--s 00017000 08:02 29622421                   /home/bubeck/Documents/ProgStuff/JavaStuff/Warlocks/Warlocks/slick/slick-util.jar
7fc3b8609000-7fc3b8612000 r--s 000b9000 08:02 32377093                   /usr/lib/jvm/java-7-openjdk-amd64/jre/lib/resources.jar
7fc3b8618000-7fc3b8660000 r-xp 00000000 08:02 32374939                   /usr/lib/jvm/java-7-openjdk-amd64/jre/lib/amd64/xawt/libmawt.so
7fc3b8660000-7fc3b885f000 ---p 00048000 08:02 32374939                   /usr/lib/jvm/java-7-openjdk-amd64/jre/lib/amd64/xawt/libmawt.so
7fc3b885f000-7fc3b8860000 r--p 00047000 08:02 32374939                   /usr/lib/jvm/java-7-openjdk-amd64/jre/lib/amd64/xawt/libmawt.so
7fc3b8860000-7fc3b8863000 rw-p 00048000 08:02 32374939                   /usr/lib/jvm/java-7-openjdk-amd64/jre/lib/amd64/xawt/libmawt.so
7fc3b8863000-7fc3b8864000 rw-p 00000000 00:00 0 
7fc3b8868000-7fc3b8908000 r-xp 00000000 08:02 32381396                   /usr/lib/jvm/java-7-openjdk-amd64/jre/lib/amd64/libawt.so
7fc3b8908000-7fc3b8b08000 ---p 000a0000 08:02 32381396                   /usr/lib/jvm/java-7-openjdk-amd64/jre/lib/amd64/libawt.so
7fc3b8b08000-7fc3b8b09000 r--p 000a0000 08:02 32381396                   /usr/lib/jvm/java-7-openjdk-amd64/jre/lib/amd64/libawt.so
7fc3b8b09000-7fc3b8b14000 rw-p 000a1000 08:02 32381396                   /usr/lib/jvm/java-7-openjdk-amd64/jre/lib/amd64/libawt.so
7fc3b8b14000-7fc3b8b39000 rw-p 00000000 00:00 0 
7fc3b8b3b000-7fc3b8b3c000 ---p 00000000 00:00 0 
7fc3b8b3c000-7fc3b8c3c000 rw-p 00000000 00:00 0 
7fc3b8c3c000-7fc3b8c3f000 ---p 00000000 00:00 0 
7fc3b8c3f000-7fc3b8d3d000 rw-p 00000000 00:00 0                          [stack:9209]
7fc3b8d3d000-7fc3b8d40000 ---p 00000000 00:00 0 
7fc3b8d40000-7fc3b8e3e000 rw-p 00000000 00:00 0                          [stack:9208]
7fc3b8e3e000-7fc3b8e41000 ---p 00000000 00:00 0 
7fc3b8e41000-7fc3b8f3f000 rw-p 00000000 00:00 0                          [stack:9207]
7fc3b8f3f000-7fc3b8f42000 ---p 00000000 00:00 0 
7fc3b8f42000-7fc3b9040000 rw-p 00000000 00:00 0 
7fc3b9040000-7fc3b9309000 r--p 00000000 08:02 32249739                   /usr/lib/locale/locale-archive
7fc3b930d000-7fc3b9310000 ---p 00000000 00:00 0 
7fc3b9310000-7fc3b940e000 rw-p 00000000 00:00 0                          [stack:9204]
7fc3b940e000-7fc3b9411000 ---p 00000000 00:00 0 
7fc3b9411000-7fc3b950f000 rw-p 00000000 00:00 0                          [stack:9203]
7fc3b950f000-7fc3b9510000 ---p 00000000 00:00 0 
7fc3b9510000-7fc3b9f19000 rw-p 00000000 00:00 0                          [stack:9202]
7fc3b9f19000-7fc3ba0ca000 r--s 01d21000 08:02 32374954                   /usr/lib/jvm/java-7-openjdk-amd64/jre/lib/rt.jar
7fc3ba0d0000-7fc3bd000000 rw-p 00000000 00:00 0 
7fc3bd000000-7fc3bd270000 rwxp 00000000 00:00 0 
7fc3bd270000-7fc3c0b4e000 rw-p 00000000 00:00 0 
7fc3c0b4e000-7fc3c4000000 ---p 00000000 00:00 0 
7fc3c4003000-7fc3c4006000 r--s 00013000 08:02 29622422                   /home/bubeck/Documents/ProgStuff/JavaStuff/Warlocks/Warlocks/slick/slick-util-src.zip
7fc3c400a000-7fc3c4018000 r--s 000f2000 08:02 29622416                   /home/bubeck/Documents/ProgStuff/JavaStuff/Warlocks/Warlocks/slick/lwjgl.jar
7fc3c401f000-7fc3c4023000 r--s 00027000 08:02 29622423                   /home/bubeck/Documents/ProgStuff/JavaStuff/Warlocks/Warlocks/slick/lwjgl_util.jar
7fc3c4028000-7fc3c4029000 r--s 00008000 08:02 29622419                   /home/bubeck/Documents/ProgStuff/JavaStuff/Warlocks/Warlocks/slick/lwjgl_util_applet.jar
7fc3c4030000-7fc3c4032000 r--s 00008000 08:02 29622414                   /home/bubeck/Documents/ProgStuff/JavaStuff/Warlocks/Warlocks/slick/ibxm.jar
7fc3c4032000-7fc3c4034000 r--s 00012000 08:02 32377080                   /usr/lib/jvm/java-7-openjdk-amd64/jre/lib/ext/zipfs.jar
7fc3c4037000-7fc3c403a000 r--s 0000f000 08:02 32377072                   /usr/lib/jvm/java-7-openjdk-amd64/jre/lib/ext/pulse-java.jar
7fc3c403a000-7fc3c403d000 r--s 00032000 08:02 32377066                   /usr/lib/jvm/java-7-openjdk-amd64/jre/lib/ext/sunjce_provider.jar
7fc3c403d000-7fc3c4041000 r--s 00085000 08:02 32377086                   /usr/lib/jvm/java-7-openjdk-amd64/jre/lib/ext/localedata.jar
7fc3c4042000-7fc3c4043000 r--s 00002000 08:02 32377083                   /usr/lib/jvm/java-7-openjdk-amd64/jre/lib/ext/dnsns.jar
7fc3c4047000-7fc3c44df000 rw-p 00000000 00:00 0 
7fc3c44df000-7fc3c44e0000 ---p 00000000 00:00 0 
7fc3c44e0000-7fc3c45e0000 rw-p 00000000 00:00 0                          [stack:9199]
7fc3c45e0000-7fc3c45e1000 ---p 00000000 00:00 0 
7fc3c45e1000-7fc3c46ec000 rw-p 00000000 00:00 0                          [stack:9198]
7fc3c46ec000-7fc3c4734000 rw-p 00000000 00:00 0 
7fc3c4734000-7fc3c4750000 rw-p 00000000 00:00 0 
7fc3c4750000-7fc3c48f4000 rw-p 00000000 00:00 0 
7fc3c48f4000-7fc3c48ff000 rw-p 00000000 00:00 0 
7fc3c48ff000-7fc3c4947000 rw-p 00000000 00:00 0 
7fc3c4947000-7fc3c4963000 rw-p 00000000 00:00 0 
7fc3c4963000-7fc3c4b07000 rw-p 00000000 00:00 0 
7fc3c4b07000-7fc3c4b35000 rw-p 00000000 00:00 0 
7fc3c4b35000-7fc3c4be7000 rw-p 00000000 00:00 0 
7fc3c4be7000-7fc3c4be8000 rw-p 00000000 00:00 0 
7fc3c4be8000-7fc3c4bf0000 r-xp 00000000 08:02 32377153                   /usr/lib/jvm/java-7-openjdk-amd64/jre/lib/amd64/libzip.so
7fc3c4bf0000-7fc3c4def000 ---p 00008000 08:02 32377153                   /usr/lib/jvm/java-7-openjdk-amd64/jre/lib/amd64/libzip.so
7fc3c4def000-7fc3c4df0000 r--p 00007000 08:02 32377153                   /usr/lib/jvm/java-7-openjdk-amd64/jre/lib/amd64/libzip.so
7fc3c4df0000-7fc3c4df1000 rw-p 00008000 08:02 32377153                   /usr/lib/jvm/java-7-openjdk-amd64/jre/lib/amd64/libzip.so
7fc3c4df8000-7fc3c4e03000 r-xp 00000000 08:02 28840182                   /lib/x86_64-linux-gnu/libnss_files-2.19.so
7fc3c4e03000-7fc3c5002000 ---p 0000b000 08:02 28840182                   /lib/x86_64-linux-gnu/libnss_files-2.19.so
7fc3c5002000-7fc3c5003000 r--p 0000a000 08:02 28840182                   /lib/x86_64-linux-gnu/libnss_files-2.19.so
7fc3c5003000-7fc3c5004000 rw-p 0000b000 08:02 28840182                   /lib/x86_64-linux-gnu/libnss_files-2.19.so
7fc3c5008000-7fc3c5013000 r-xp 00000000 08:02 28840183                   /lib/x86_64-linux-gnu/libnss_nis-2.19.so
7fc3c5013000-7fc3c5212000 ---p 0000b000 08:02 28840183                   /lib/x86_64-linux-gnu/libnss_nis-2.19.so
7fc3c5212000-7fc3c5213000 r--p 0000a000 08:02 28840183                   /lib/x86_64-linux-gnu/libnss_nis-2.19.so
7fc3c5213000-7fc3c5214000 rw-p 0000b000 08:02 28840183                   /lib/x86_64-linux-gnu/libnss_nis-2.19.so
7fc3c5218000-7fc3c522f000 r-xp 00000000 08:02 28840169                   /lib/x86_64-linux-gnu/libnsl-2.19.so
7fc3c522f000-7fc3c542e000 ---p 00017000 08:02 28840169                   /lib/x86_64-linux-gnu/libnsl-2.19.so
7fc3c542e000-7fc3c542f000 r--p 00016000 08:02 28840169                   /lib/x86_64-linux-gnu/libnsl-2.19.so
7fc3c542f000-7fc3c5430000 rw-p 00017000 08:02 28840169                   /lib/x86_64-linux-gnu/libnsl-2.19.so
7fc3c5430000-7fc3c5432000 rw-p 00000000 00:00 0 
7fc3c5438000-7fc3c5441000 r-xp 00000000 08:02 28835855                   /lib/x86_64-linux-gnu/libnss_compat-2.19.so
7fc3c5441000-7fc3c5640000 ---p 00009000 08:02 28835855                   /lib/x86_64-linux-gnu/libnss_compat-2.19.so
7fc3c5640000-7fc3c5641000 r--p 00008000 08:02 28835855                   /lib/x86_64-linux-gnu/libnss_compat-2.19.so
7fc3c5641000-7fc3c5642000 rw-p 00009000 08:02 28835855                   /lib/x86_64-linux-gnu/libnss_compat-2.19.so
7fc3c5648000-7fc3c5673000 r-xp 00000000 08:02 32377139                   /usr/lib/jvm/java-7-openjdk-amd64/jre/lib/amd64/libjava.so
7fc3c5673000-7fc3c5873000 ---p 0002b000 08:02 32377139                   /usr/lib/jvm/java-7-openjdk-amd64/jre/lib/amd64/libjava.so
7fc3c5873000-7fc3c5874000 r--p 0002b000 08:02 32377139                   /usr/lib/jvm/java-7-openjdk-amd64/jre/lib/amd64/libjava.so
7fc3c5874000-7fc3c5876000 rw-p 0002c000 08:02 32377139                   /usr/lib/jvm/java-7-openjdk-amd64/jre/lib/amd64/libjava.so
7fc3c5878000-7fc3c5888000 r-xp 00000000 08:02 32381416                   /usr/lib/jvm/java-7-openjdk-amd64/jre/lib/amd64/libverify.so
7fc3c5888000-7fc3c5a87000 ---p 00010000 08:02 32381416                   /usr/lib/jvm/java-7-openjdk-amd64/jre/lib/amd64/libverify.so
7fc3c5a87000-7fc3c5a89000 r--p 0000f000 08:02 32381416                   /usr/lib/jvm/java-7-openjdk-amd64/jre/lib/amd64/libverify.so
7fc3c5a89000-7fc3c5a8a000 rw-p 00011000 08:02 32381416                   /usr/lib/jvm/java-7-openjdk-amd64/jre/lib/amd64/libverify.so
7fc3c5a90000-7fc3c5a97000 r-xp 00000000 08:02 28840171                   /lib/x86_64-linux-gnu/librt-2.19.so
7fc3c5a97000-7fc3c5c96000 ---p 00007000 08:02 28840171                   /lib/x86_64-linux-gnu/librt-2.19.so
7fc3c5c96000-7fc3c5c97000 r--p 00006000 08:02 28840171                   /lib/x86_64-linux-gnu/librt-2.19.so
7fc3c5c97000-7fc3c5c98000 rw-p 00007000 08:02 28840171                   /lib/x86_64-linux-gnu/librt-2.19.so
7fc3c5c98000-7fc3c5cae000 r-xp 00000000 08:02 28835869                   /lib/x86_64-linux-gnu/libgcc_s.so.1
7fc3c5cae000-7fc3c5ead000 ---p 00016000 08:02 28835869                   /lib/x86_64-linux-gnu/libgcc_s.so.1
7fc3c5ead000-7fc3c5eae000 rw-p 00015000 08:02 28835869                   /lib/x86_64-linux-gnu/libgcc_s.so.1
7fc3c5eb0000-7fc3c5fb5000 r-xp 00000000 08:02 28840178                   /lib/x86_64-linux-gnu/libm-2.19.so
7fc3c5fb5000-7fc3c61b4000 ---p 00105000 08:02 28840178                   /lib/x86_64-linux-gnu/libm-2.19.so
7fc3c61b4000-7fc3c61b5000 r--p 00104000 08:02 28840178                   /lib/x86_64-linux-gnu/libm-2.19.so
7fc3c61b5000-7fc3c61b6000 rw-p 00105000 08:02 28840178                   /lib/x86_64-linux-gnu/libm-2.19.so
7fc3c61b8000-7fc3c629e000 r-xp 00000000 08:02 32252013                   /usr/lib/x86_64-linux-gnu/libstdc++.so.6.0.19
7fc3c629e000-7fc3c649d000 ---p 000e6000 08:02 32252013                   /usr/lib/x86_64-linux-gnu/libstdc++.so.6.0.19
7fc3c649d000-7fc3c64a5000 r--p 000e5000 08:02 32252013                   /usr/lib/x86_64-linux-gnu/libstdc++.so.6.0.19
7fc3c64a5000-7fc3c64a7000 rw-p 000ed000 08:02 32252013                   /usr/lib/x86_64-linux-gnu/libstdc++.so.6.0.19
7fc3c64a7000-7fc3c64bc000 rw-p 00000000 00:00 0 
7fc3c64c0000-7fc3c6fd6000 r-xp 00000000 08:02 32381406                   /usr/lib/jvm/java-7-openjdk-amd64/jre/lib/amd64/server/libjvm.so
7fc3c6fd6000-7fc3c71d5000 ---p 00b16000 08:02 32381406                   /usr/lib/jvm/java-7-openjdk-amd64/jre/lib/amd64/server/libjvm.so
7fc3c71d5000-7fc3c726f000 r--p 00b15000 08:02 32381406                   /usr/lib/jvm/java-7-openjdk-amd64/jre/lib/amd64/server/libjvm.so
7fc3c726f000-7fc3c7292000 rw-p 00baf000 08:02 32381406                   /usr/lib/jvm/java-7-openjdk-amd64/jre/lib/amd64/server/libjvm.so
7fc3c7292000-7fc3c72c0000 rw-p 00000000 00:00 0 
7fc3c72c0000-7fc3c72d8000 r-xp 00000000 08:02 28840058                   /lib/x86_64-linux-gnu/libz.so.1.2.8
7fc3c72d8000-7fc3c74d7000 ---p 00018000 08:02 28840058                   /lib/x86_64-linux-gnu/libz.so.1.2.8
7fc3c74d7000-7fc3c74d8000 r--p 00017000 08:02 28840058                   /lib/x86_64-linux-gnu/libz.so.1.2.8
7fc3c74d8000-7fc3c74d9000 rw-p 00018000 08:02 28840058                   /lib/x86_64-linux-gnu/libz.so.1.2.8
7fc3c74e0000-7fc3c74f9000 r-xp 00000000 08:02 28840188                   /lib/x86_64-linux-gnu/libpthread-2.19.so
7fc3c74f9000-7fc3c76f8000 ---p 00019000 08:02 28840188                   /lib/x86_64-linux-gnu/libpthread-2.19.so
7fc3c76f8000-7fc3c76f9000 r--p 00018000 08:02 28840188                   /lib/x86_64-linux-gnu/libpthread-2.19.so
7fc3c76f9000-7fc3c76fa000 rw-p 00019000 08:02 28840188                   /lib/x86_64-linux-gnu/libpthread-2.19.so
7fc3c76fa000-7fc3c76fe000 rw-p 00000000 00:00 0 
7fc3c7700000-7fc3c7703000 r-xp 00000000 08:02 28840187                   /lib/x86_64-linux-gnu/libdl-2.19.so
7fc3c7703000-7fc3c7902000 ---p 00003000 08:02 28840187                   /lib/x86_64-linux-gnu/libdl-2.19.so
7fc3c7902000-7fc3c7903000 r--p 00002000 08:02 28840187                   /lib/x86_64-linux-gnu/libdl-2.19.so
7fc3c7903000-7fc3c7904000 rw-p 00003000 08:02 28840187                   /lib/x86_64-linux-gnu/libdl-2.19.so
7fc3c7908000-7fc3c7ac3000 r-xp 00000000 08:02 28840175                   /lib/x86_64-linux-gnu/libc-2.19.so
7fc3c7ac3000-7fc3c7cc3000 ---p 001bb000 08:02 28840175                   /lib/x86_64-linux-gnu/libc-2.19.so
7fc3c7cc3000-7fc3c7cc7000 r--p 001bb000 08:02 28840175                   /lib/x86_64-linux-gnu/libc-2.19.so
7fc3c7cc7000-7fc3c7cc9000 rw-p 001bf000 08:02 28840175                   /lib/x86_64-linux-gnu/libc-2.19.so
7fc3c7cc9000-7fc3c7cce000 rw-p 00000000 00:00 0 
7fc3c7cd0000-7fc3c7cdd000 r-xp 00000000 08:02 32381419                   /usr/lib/jvm/java-7-openjdk-amd64/jre/lib/amd64/jli/libjli.so
7fc3c7cdd000-7fc3c7edc000 ---p 0000d000 08:02 32381419                   /usr/lib/jvm/java-7-openjdk-amd64/jre/lib/amd64/jli/libjli.so
7fc3c7edc000-7fc3c7edd000 r--p 0000c000 08:02 32381419                   /usr/lib/jvm/java-7-openjdk-amd64/jre/lib/amd64/jli/libjli.so
7fc3c7edd000-7fc3c7ede000 rw-p 0000d000 08:02 32381419                   /usr/lib/jvm/java-7-openjdk-amd64/jre/lib/amd64/jli/libjli.so
7fc3c7ee0000-7fc3c7f03000 r-xp 00000000 08:02 28840176                   /lib/x86_64-linux-gnu/ld-2.19.so
7fc3c7f06000-7fc3c7f08000 r--s 00006000 08:02 32773116                   /usr/share/java/java-atk-wrapper.jar
7fc3c7f0c000-7fc3c7f0f000 r--s 0003c000 08:02 32377075                   /usr/lib/jvm/java-7-openjdk-amd64/jre/lib/ext/sunpkcs11.jar
7fc3c7f12000-7fc3c7f3a000 rw-p 00000000 00:00 0 
7fc3c7f3a000-7fc3c7ff0000 rw-p 00000000 00:00 0 
7fc3c7ff0000-7fc3c7ff8000 rw-s 00000000 08:02 44827150                   /tmp/hsperfdata_bubeck/9194
7fc3c7ffd000-7fc3c7fff000 rw-p 00000000 00:00 0 
7fc3c7fff000-7fc3c8002000 ---p 00000000 00:00 0 
7fc3c8002000-7fc3c8102000 rw-p 00000000 00:00 0                          [stack:9196]
7fc3c8102000-7fc3c8103000 r--p 00022000 08:02 28840176                   /lib/x86_64-linux-gnu/ld-2.19.so
7fc3c8103000-7fc3c8104000 rw-p 00023000 08:02 28840176                   /lib/x86_64-linux-gnu/ld-2.19.so
7fc3c8104000-7fc3c8105000 rw-p 00000000 00:00 0 
7fc3c8105000-7fc3c8106000 ---p 00000000 00:00 0 
7fc3c8106000-7fc3c810b000 rw-p 00000000 00:00 0 
7fff556c3000-7fff556e4000 rw-p 00000000 00:00 0                          [stack]
7fff556e8000-7fff556ea000 r-xp 00000000 00:00 0                          [vdso]
ffffffffff600000-ffffffffff601000 r-xp 00000000 00:00 0                  [vsyscall]

VM Arguments:
jvm_args: -Djava.library.path=/home/bubeck/Documents/ProgStuff/JavaStuff/Warlocks/Warlocks/lwjgl-2.9.3/native/linux -Dfile.encoding=UTF-8 
java_command: basic.Main
Launcher Type: SUN_STANDARD

Environment Variables:
PATH=/usr/local/sbin:/usr/local/bin:/usr/sbin:/usr/bin:/sbin:/bin:/usr/games:/usr/local/games
USERNAME=bubeck
SHELL=/bin/bash
DISPLAY=:0

Signal Handlers:
SIGSEGV: [libjvm.so+0x949180], sa_mask[0]=0x7ffbfeff, sa_flags=0x10000004
SIGBUS: [libjvm.so+0x949180], sa_mask[0]=0x7ffbfeff, sa_flags=0x10000004
SIGFPE: [libjvm.so+0x7c2ec0], sa_mask[0]=0x7ffbfeff, sa_flags=0x10000004
SIGPIPE: [libjvm.so+0x7c2ec0], sa_mask[0]=0x7ffbfeff, sa_flags=0x10000004
SIGXFSZ: [libjvm.so+0x7c2ec0], sa_mask[0]=0x7ffbfeff, sa_flags=0x10000004
SIGILL: [libjvm.so+0x7c2ec0], sa_mask[0]=0x7ffbfeff, sa_flags=0x10000004
SIGUSR1: SIG_DFL, sa_mask[0]=0x00000000, sa_flags=0x00000000
SIGUSR2: [libjvm.so+0x7c2d60], sa_mask[0]=0x00000004, sa_flags=0x10000004
SIGHUP: [libjvm.so+0x7c2f40], sa_mask[0]=0x7ffbfeff, sa_flags=0x10000004
SIGINT: [libjvm.so+0x7c2f40], sa_mask[0]=0x7ffbfeff, sa_flags=0x10000004
SIGTERM: [libjvm.so+0x7c2f40], sa_mask[0]=0x7ffbfeff, sa_flags=0x10000004
SIGQUIT: [libjvm.so+0x7c2f40], sa_mask[0]=0x7ffbfeff, sa_flags=0x10000004
SIGTRAP: SIG_DFL, sa_mask[0]=0x00000000, sa_flags=0x00000000


---------------  S Y S T E M  ---------------

OS:LinuxMint 17 (qiana)
uname:Linux 3.13.0-24-generic #46-Ubuntu SMP Thu Apr 10 19:11:08 UTC 2014 x86_64
libc:glibc 2.19 NPTL 2.19 
rlimit: STACK 8192k, CORE 0k, NPROC 42325, NOFILE 4096, AS infinity
load average:0.73 0.69 0.72

/proc/meminfo:
MemTotal:        5500824 kB
MemFree:          705500 kB
Buffers:           28112 kB
Cached:           535912 kB
SwapCached:       339484 kB
Active:          2691848 kB
Inactive:        1310020 kB
Active(anon):    2353708 kB
Inactive(anon):  1122304 kB
Active(file):     338140 kB
Inactive(file):   187716 kB
Unevictable:           0 kB
Mlocked:               0 kB
SwapTotal:       5736444 kB
SwapFree:        3959672 kB
Dirty:               888 kB
Writeback:             0 kB
AnonPages:       3174236 kB
Mapped:           406840 kB
Shmem:             38152 kB
Slab:             219092 kB
SReclaimable:     127584 kB
SUnreclaim:        91508 kB
KernelStack:        4408 kB
PageTables:        38848 kB
NFS_Unstable:          0 kB
Bounce:                0 kB
WritebackTmp:          0 kB
CommitLimit:     8486856 kB
Committed_AS:    7883988 kB
VmallocTotal:   34359738367 kB
VmallocUsed:      112644 kB
VmallocChunk:   34359585160 kB
HardwareCorrupted:     0 kB
AnonHugePages:    591872 kB
HugePages_Total:       0
HugePages_Free:        0
HugePages_Rsvd:        0
HugePages_Surp:        0
Hugepagesize:       2048 kB
DirectMap4k:     4719360 kB
DirectMap2M:     1017856 kB
DirectMap1G:           0 kB


CPU:total 2 (2 cores per cpu, 1 threads per core) family 21 model 16 stepping 1, cmov, cx8, fxsr, mmx, sse, sse2, sse3, ssse3, sse4.1, sse4.2, popcnt, avx, aes, mmxext, 3dnowpref, lzcnt, sse4a, tsc, tscinvbit, tscinv

/proc/cpuinfo:
processor	: 0
vendor_id	: AuthenticAMD
cpu family	: 21
model		: 16
model name	: AMD A4-4300M APU with Radeon(tm) HD Graphics
stepping	: 1
microcode	: 0x6001116
cpu MHz		: 2500.000
cache size	: 1024 KB
physical id	: 0
siblings	: 2
core id		: 0
cpu cores	: 1
apicid		: 16
initial apicid	: 0
fpu		: yes
fpu_exception	: yes
cpuid level	: 13
wp		: yes
flags		: fpu vme de pse tsc msr pae mce cx8 apic sep mtrr pge mca cmov pat pse36 clflush mmx fxsr sse sse2 ht syscall nx mmxext fxsr_opt pdpe1gb rdtscp lm constant_tsc rep_good nopl nonstop_tsc extd_apicid aperfmperf pni pclmulqdq monitor ssse3 fma cx16 sse4_1 sse4_2 popcnt aes xsave avx f16c lahf_lm cmp_legacy svm extapic cr8_legacy abm sse4a misalignsse 3dnowprefetch osvw ibs xop skinit wdt lwp fma4 tce nodeid_msr tbm topoext perfctr_core perfctr_nb arat cpb hw_pstate npt lbrv svm_lock nrip_save tsc_scale vmcb_clean flushbyasid decodeassists pausefilter pfthreshold bmi1
bogomips	: 4990.24
TLB size	: 1536 4K pages
clflush size	: 64
cache_alignment	: 64
address sizes	: 48 bits physical, 48 bits virtual
power management: ts ttp tm 100mhzsteps hwpstate cpb eff_freq_ro

processor	: 1
vendor_id	: AuthenticAMD
cpu family	: 21
model		: 16
model name	: AMD A4-4300M APU with Radeon(tm) HD Graphics   
stepping	: 1
microcode	: 0x6001116
cpu MHz		: 1400.000
cache size	: 1024 KB
physical id	: 0
siblings	: 2
core id		: 1
cpu cores	: 1
apicid		: 17
initial apicid	: 1
fpu		: yes
fpu_exception	: yes
cpuid level	: 13
wp		: yes
flags		: fpu vme de pse tsc msr pae mce cx8 apic sep mtrr pge mca cmov pat pse36 clflush mmx fxsr sse sse2 ht syscall nx mmxext fxsr_opt pdpe1gb rdtscp lm constant_tsc rep_good nopl nonstop_tsc extd_apicid aperfmperf pni pclmulqdq monitor ssse3 fma cx16 sse4_1 sse4_2 popcnt aes xsave avx f16c lahf_lm cmp_legacy svm extapic cr8_legacy abm sse4a misalignsse 3dnowprefetch osvw ibs xop skinit wdt lwp fma4 tce nodeid_msr tbm topoext perfctr_core perfctr_nb arat cpb hw_pstate npt lbrv svm_lock nrip_save tsc_scale vmcb_clean flushbyasid decodeassists pausefilter pfthreshold bmi1
bogomips	: 4990.24
TLB size	: 1536 4K pages
clflush size	: 64
cache_alignment	: 64
address sizes	: 48 bits physical, 48 bits virtual
power management: ts ttp tm 100mhzsteps hwpstate cpb eff_freq_ro



Memory: 4k page, physical 5500824k(705500k free), swap 5736444k(3959672k free)

vm_info: OpenJDK 64-Bit Server VM (24.65-b04) for linux-amd64 JRE (1.7.0_65-b32), built on Sep 10 2014 05:56:05 by "buildd" with gcc 4.8.2

time: Mon Mar 30 16:35:34 2015
elapsed time: 9 seconds

